--- MASUK ENDPOINT /predict ---\nFile disimpan di: /home/trplbmyi/domains/trpl7b.my.id/public_html/paru/uploads/rekaman.wav\n--- ERROR ---\nTraceback (most recent call last):
  File "/home/trplbmyi/virtualenv/domains/trpl7b.my.id/public_html/paru/3.11/lib/python3.11/site-packages/librosa/core/audio.py", line 175, in load
    y, sr_native = __soundfile_load(path, offset, duration, dtype)
                   ^^^^^^^^^^^^^^^^^^^^^^^^^^^^^^^^^^^^^^^^^^^^^^^
  File "/home/trplbmyi/virtualenv/domains/trpl7b.my.id/public_html/paru/3.11/lib/python3.11/site-packages/librosa/core/audio.py", line 208, in __soundfile_load
    context = sf.SoundFile(path)
              ^^^^^^^^^^^^^^^^^^
  File "/home/trplbmyi/virtualenv/domains/trpl7b.my.id/public_html/paru/3.11/lib/python3.11/site-packages/soundfile.py", line 658, in __init__
    self._file = self._open(file, mode_int, closefd)
                 ^^^^^^^^^^^^^^^^^^^^^^^^^^^^^^^^^^^
  File "/home/trplbmyi/virtualenv/domains/trpl7b.my.id/public_html/paru/3.11/lib/python3.11/site-packages/soundfile.py", line 1216, in _open
    raise LibsndfileError(err, prefix="Error opening {0!r}: ".format(self.name))
soundfile.LibsndfileError: Error opening '/home/trplbmyi/domains/trpl7b.my.id/public_html/paru/uploads/rekaman.wav': Format not recognised.

During handling of the above exception, another exception occurred:

Traceback (most recent call last):
  File "/home/trplbmyi/domains/trpl7b.my.id/public_html/paru/app.py", line 55, in predict
    y, sr = librosa.load(filepath, sr=22050)
            ^^^^^^^^^^^^^^^^^^^^^^^^^^^^^^^^
  File "/home/trplbmyi/virtualenv/domains/trpl7b.my.id/public_html/paru/3.11/lib/python3.11/site-packages/librosa/core/audio.py", line 183, in load
    y, sr_native = __audioread_load(path, offset, duration, dtype)
                   ^^^^^^^^^^^^^^^^^^^^^^^^^^^^^^^^^^^^^^^^^^^^^^^
  File "/home/trplbmyi/virtualenv/domains/trpl7b.my.id/public_html/paru/3.11/lib/python3.11/site-packages/decorator.py", line 235, in fun
    return caller(func, *(extras + args), **kw)
           ^^^^^^^^^^^^^^^^^^^^^^^^^^^^^^^^^^^^
  File "/home/trplbmyi/virtualenv/domains/trpl7b.my.id/public_html/paru/3.11/lib/python3.11/site-packages/librosa/util/decorators.py", line 59, in __wrapper
    return func(*args, **kwargs)
           ^^^^^^^^^^^^^^^^^^^^^
  File "/home/trplbmyi/virtualenv/domains/trpl7b.my.id/public_html/paru/3.11/lib/python3.11/site-packages/librosa/core/audio.py", line 239, in __audioread_load
    reader = audioread.audio_open(path)
             ^^^^^^^^^^^^^^^^^^^^^^^^^^
  File "/home/trplbmyi/virtualenv/domains/trpl7b.my.id/public_html/paru/3.11/lib/python3.11/site-packages/audioread/__init__.py", line 132, in audio_open
    raise NoBackendError()
audioread.exceptions.NoBackendError
\n--- MASUK ENDPOINT /predict ---\nFile disimpan di: /home/trplbmyi/domains/trpl7b.my.id/public_html/paru/uploads/rekaman.webm\n--- MASUK ENDPOINT /predict ---\nFile disimpan di: /home/trplbmyi/domains/trpl7b.my.id/public_html/paru/uploads/0afd1bba-fd24-4ff3-a246-3ed081411d65.wav\nMFCC shape: (1, 13)\n--- MASUK ENDPOINT /predict ---\nFile disimpan di: /home/trplbmyi/domains/trpl7b.my.id/public_html/paru/uploads/rekaman.wav\nMFCC shape: (1, 13)\n--- MASUK ENDPOINT /predict ---\nFile disimpan di: /home/trplbmyi/domains/trpl7b.my.id/public_html/paru/uploads/rekaman.wav\nMFCC shape: (1, 13)\n--- MASUK ENDPOINT /predict ---\nFile disimpan di: /home/trplbmyi/domains/trpl7b.my.id/public_html/paru/uploads/rekaman.wav\nMFCC shape: (1, 13)\n--- MASUK ENDPOINT /predict ---\n--- MASUK ENDPOINT /predict ---\nFile disimpan di: /home/trplbmyi/domains/trpl7b.my.id/public_html/paru/uploads/0b37f570-524a-4543-96f3-112f6096349a.wav\nMFCC shape: (1, 13)\n--- MASUK ENDPOINT /predict ---\nFile disimpan di: /home/trplbmyi/domains/trpl7b.my.id/public_html/paru/uploads/64408869-4eed-44cf-b1d2-40e866921658.wav\nMFCC shape: (1, 13)\n--- MASUK ENDPOINT /predict ---\nFile disimpan di: /home/trplbmyi/domains/trpl7b.my.id/public_html/paru/uploads/ffd487c8-0a22-46c9-8c49-6d92901b9884.wav\nMFCC shape: (1, 13)\n--- MASUK ENDPOINT /predict ---\nFile disimpan di: /home/trplbmyi/domains/trpl7b.my.id/public_html/paru/uploads/rekaman.wav\nMFCC shape: (1, 13)\n--- MASUK ENDPOINT /predict ---\nFile disimpan di: /home/trplbmyi/domains/trpl7b.my.id/public_html/paru/uploads/0afd1bba-fd24-4ff3-a246-3ed081411d65.wav\nMFCC shape: (1, 13)\n--- MASUK ENDPOINT /predict ---\nFile disimpan di: /home/trplbmyi/domains/trpl7b.my.id/public_html/paru/uploads/rekaman.wav\nMFCC shape: (1, 13)\n--- MASUK ENDPOINT /predict ---\nFile disimpan di: /home/trplbmyi/domains/trpl7b.my.id/public_html/paru/uploads/rekaman.wav\n--- ERROR ---\nTraceback (most recent call last):
  File "/home/trplbmyi/virtualenv/domains/trpl7b.my.id/public_html/paru/3.11/lib/python3.11/site-packages/librosa/core/audio.py", line 175, in load
    y, sr_native = __soundfile_load(path, offset, duration, dtype)
                   ^^^^^^^^^^^^^^^^^^^^^^^^^^^^^^^^^^^^^^^^^^^^^^^
  File "/home/trplbmyi/virtualenv/domains/trpl7b.my.id/public_html/paru/3.11/lib/python3.11/site-packages/librosa/core/audio.py", line 208, in __soundfile_load
    context = sf.SoundFile(path)
              ^^^^^^^^^^^^^^^^^^
  File "/home/trplbmyi/virtualenv/domains/trpl7b.my.id/public_html/paru/3.11/lib/python3.11/site-packages/soundfile.py", line 658, in __init__
    self._file = self._open(file, mode_int, closefd)
                 ^^^^^^^^^^^^^^^^^^^^^^^^^^^^^^^^^^^
  File "/home/trplbmyi/virtualenv/domains/trpl7b.my.id/public_html/paru/3.11/lib/python3.11/site-packages/soundfile.py", line 1216, in _open
    raise LibsndfileError(err, prefix="Error opening {0!r}: ".format(self.name))
soundfile.LibsndfileError: Error opening '/home/trplbmyi/domains/trpl7b.my.id/public_html/paru/uploads/rekaman.wav': Format not recognised.

During handling of the above exception, another exception occurred:

Traceback (most recent call last):
  File "/home/trplbmyi/domains/trpl7b.my.id/public_html/paru/app.py", line 55, in predict
    mfcc_mean = np.mean(mfcc.T, axis=0).reshape(1, -1)
            ^^^^^^^^^^^^^^^^^^^^^^^^^^^^^^^^
  File "/home/trplbmyi/virtualenv/domains/trpl7b.my.id/public_html/paru/3.11/lib/python3.11/site-packages/librosa/core/audio.py", line 183, in load
    y, sr_native = __audioread_load(path, offset, duration, dtype)
                   ^^^^^^^^^^^^^^^^^^^^^^^^^^^^^^^^^^^^^^^^^^^^^^^
  File "/home/trplbmyi/virtualenv/domains/trpl7b.my.id/public_html/paru/3.11/lib/python3.11/site-packages/decorator.py", line 235, in fun
    return caller(func, *(extras + args), **kw)
           ^^^^^^^^^^^^^^^^^^^^^^^^^^^^^^^^^^^^
  File "/home/trplbmyi/virtualenv/domains/trpl7b.my.id/public_html/paru/3.11/lib/python3.11/site-packages/librosa/util/decorators.py", line 59, in __wrapper
    return func(*args, **kwargs)
           ^^^^^^^^^^^^^^^^^^^^^
  File "/home/trplbmyi/virtualenv/domains/trpl7b.my.id/public_html/paru/3.11/lib/python3.11/site-packages/librosa/core/audio.py", line 239, in __audioread_load
    reader = audioread.audio_open(path)
             ^^^^^^^^^^^^^^^^^^^^^^^^^^
  File "/home/trplbmyi/virtualenv/domains/trpl7b.my.id/public_html/paru/3.11/lib/python3.11/site-packages/audioread/__init__.py", line 127, in audio_open
    return BackendClass(path)
           ^^^^^^^^^^^^^^^^^^
  File "/home/trplbmyi/virtualenv/domains/trpl7b.my.id/public_html/paru/3.11/lib/python3.11/site-packages/audioread/rawread.py", line 62, in __init__
    self._file = aifc.open(self._fh)
                 ^^^^^^^^^^^^^^^^^^^
  File "/opt/alt/python311/lib64/python3.11/aifc.py", line 954, in open
    return Aifc_read(f)
           ^^^^^^^^^^^^
  File "/opt/alt/python311/lib64/python3.11/aifc.py", line 364, in __init__
    self.initfp(f)
  File "/opt/alt/python311/lib64/python3.11/aifc.py", line 320, in initfp
    chunk = Chunk(file)
            ^^^^^^^^^^^
  File "/opt/alt/python311/lib64/python3.11/chunk.py", line 67, in __init__
    raise EOFError
EOFError
\n--- MASUK ENDPOINT /predict ---\n--- MASUK ENDPOINT /predict ---\nFile disimpan di: /home/trplbmyi/domains/trpl7b.my.id/public_html/paru/uploads/0b37f570-524a-4543-96f3-112f6096349a.wav\nMFCC shape: (1, 13)\n--- MASUK ENDPOINT /predict ---\nFile disimpan di: /home/trplbmyi/domains/trpl7b.my.id/public_html/paru/uploads/0ae866c7-df48-4ea9-911a-5be9c8a0b567.wav\nMFCC shape: (1, 13)\n--- MASUK ENDPOINT /predict ---\nFile disimpan di: /home/trplbmyi/domains/trpl7b.my.id/public_html/paru/uploads/0b4dbd11-61ee-480d-96c7-9cf684053894.wav\nMFCC shape: (1, 13)\n--- MASUK ENDPOINT /predict ---\nFile disimpan di: /home/trplbmyi/domains/trpl7b.my.id/public_html/paru/uploads/8d8fefd0-c5da-4edf-99c7-aac27903136f.wav\nMFCC shape: (1, 13)\n--- MASUK ENDPOINT /predict ---
File disimpan di: /home/trplbmyi/domains/trpl7b.my.id/public_html/paru/uploads/0ae866c7-df48-4ea9-911a-5be9c8a0b567.wav
--- MASUK ENDPOINT /predict ---
File disimpan di: /home/trplbmyi/domains/trpl7b.my.id/public_html/paru/uploads/0b4dbd11-61ee-480d-96c7-9cf684053894.wav
MFCC shape: (1, 13)
--- MASUK ENDPOINT /predict ---
File disimpan di: /home/trplbmyi/domains/trpl7b.my.id/public_html/paru/uploads/rekaman.wav
MFCC shape: (1, 13)
--- MASUK ENDPOINT /predict ---
File disimpan di: /home/trplbmyi/domains/trpl7b.my.id/public_html/paru/uploads/rekaman.wav
MFCC shape: (1, 13)
--- MASUK ENDPOINT /predict ---
File disimpan di: /home/trplbmyi/domains/trpl7b.my.id/public_html/paru/uploads/rekaman.wav
MFCC shape: (1, 13)
--- MASUK ENDPOINT /predict ---
File disimpan di: /home/trplbmyi/domains/trpl7b.my.id/public_html/paru/uploads/0afd1bba-fd24-4ff3-a246-3ed081411d65.wav
MFCC shape: (1, 13)
--- MASUK ENDPOINT /predict ---
File disimpan di: /home/trplbmyi/domains/trpl7b.my.id/public_html/paru/uploads/rekaman.wav
MFCC shape: (1, 13)
--- MASUK ENDPOINT /predict ---
File disimpan di: /home/trplbmyi/domains/trpl7b.my.id/public_html/paru/uploads/rekaman.wav
MFCC shape: (1, 13)
--- MASUK ENDPOINT /predict ---
File disimpan di: /home/trplbmyi/domains/trpl7b.my.id/public_html/paru/uploads/rekaman.wav
MFCC shape: (1, 13)
--- MASUK ENDPOINT /predict ---
File disimpan di: /home/trplbmyi/domains/trpl7b.my.id/public_html/paru/uploads/rekaman.wav
MFCC shape: (1, 13)
--- MASUK ENDPOINT /predict ---
File disimpan di: /home/trplbmyi/domains/trpl7b.my.id/public_html/paru/uploads/01c1c8d7-611c-4a28-b48a-8f0ce3506e49.wav
--- MASUK ENDPOINT /predict ---
File disimpan di: /home/trplbmyi/domains/trpl7b.my.id/public_html/paru/uploads/01c1c8d7-611c-4a28-b48a-8f0ce3506e49.wav
--- MASUK ENDPOINT /predict ---
File disimpan di: /home/trplbmyi/domains/trpl7b.my.id/public_html/paru/uploads/01c1c8d7-611c-4a28-b48a-8f0ce3506e49.wav
--- ERROR ---
Traceback (most recent call last):
  File "/home/trplbmyi/virtualenv/domains/trpl7b.my.id/public_html/paru/3.11/lib/python3.11/site-packages/librosa/core/audio.py", line 175, in load
    y, sr_native = __soundfile_load(path, offset, duration, dtype)
                   ^^^^^^^^^^^^^^^^^^^^^^^^^^^^^^^^^^^^^^^^^^^^^^^
  File "/home/trplbmyi/virtualenv/domains/trpl7b.my.id/public_html/paru/3.11/lib/python3.11/site-packages/librosa/core/audio.py", line 208, in __soundfile_load
    context = sf.SoundFile(path)
              ^^^^^^^^^^^^^^^^^^
  File "/home/trplbmyi/virtualenv/domains/trpl7b.my.id/public_html/paru/3.11/lib/python3.11/site-packages/soundfile.py", line 658, in __init__
    self._file = self._open(file, mode_int, closefd)
                 ^^^^^^^^^^^^^^^^^^^^^^^^^^^^^^^^^^^
  File "/home/trplbmyi/virtualenv/domains/trpl7b.my.id/public_html/paru/3.11/lib/python3.11/site-packages/soundfile.py", line 1216, in _open
    raise LibsndfileError(err, prefix="Error opening {0!r}: ".format(self.name))
soundfile.LibsndfileError: Error opening '/home/trplbmyi/domains/trpl7b.my.id/public_html/paru/uploads/01c1c8d7-611c-4a28-b48a-8f0ce3506e49.wav': Format not recognised.

During handling of the above exception, another exception occurred:

Traceback (most recent call last):
  File "app.py", line 53, in predict
    y, sr = librosa.load(filepath, sr=22050)
            ^^^^^^^^^^^^^^^^^^^^^^^^^^^^^^^^
  File "/home/trplbmyi/virtualenv/domains/trpl7b.my.id/public_html/paru/3.11/lib/python3.11/site-packages/librosa/core/audio.py", line 183, in load
    y, sr_native = __audioread_load(path, offset, duration, dtype)
                   ^^^^^^^^^^^^^^^^^^^^^^^^^^^^^^^^^^^^^^^^^^^^^^^
  File "/home/trplbmyi/virtualenv/domains/trpl7b.my.id/public_html/paru/3.11/lib/python3.11/site-packages/decorator.py", line 235, in fun
    return caller(func, *(extras + args), **kw)
           ^^^^^^^^^^^^^^^^^^^^^^^^^^^^^^^^^^^^
  File "/home/trplbmyi/virtualenv/domains/trpl7b.my.id/public_html/paru/3.11/lib/python3.11/site-packages/librosa/util/decorators.py", line 59, in __wrapper
    return func(*args, **kwargs)
           ^^^^^^^^^^^^^^^^^^^^^
  File "/home/trplbmyi/virtualenv/domains/trpl7b.my.id/public_html/paru/3.11/lib/python3.11/site-packages/librosa/core/audio.py", line 239, in __audioread_load
    reader = audioread.audio_open(path)
             ^^^^^^^^^^^^^^^^^^^^^^^^^^
  File "/home/trplbmyi/virtualenv/domains/trpl7b.my.id/public_html/paru/3.11/lib/python3.11/site-packages/audioread/__init__.py", line 132, in audio_open
    raise NoBackendError()
audioread.exceptions.NoBackendError

--- MASUK ENDPOINT /predict ---
File disimpan di: /home/trplbmyi/domains/trpl7b.my.id/public_html/paru/uploads/0a756da3-de5d-46b0-9738-5aa3419bd589.wav
MFCC shape: (1, 13)
--- MASUK ENDPOINT /predict ---
File disimpan di: /home/trplbmyi/domains/trpl7b.my.id/public_html/paru/uploads/0589b52b-c56e-406e-98c7-2aa7db77ef40.wav
--- ERROR ---
Traceback (most recent call last):
  File "/home/trplbmyi/virtualenv/domains/trpl7b.my.id/public_html/paru/3.11/lib/python3.11/site-packages/librosa/core/audio.py", line 175, in load
    y, sr_native = __soundfile_load(path, offset, duration, dtype)
                   ^^^^^^^^^^^^^^^^^^^^^^^^^^^^^^^^^^^^^^^^^^^^^^^
  File "/home/trplbmyi/virtualenv/domains/trpl7b.my.id/public_html/paru/3.11/lib/python3.11/site-packages/librosa/core/audio.py", line 208, in __soundfile_load
    context = sf.SoundFile(path)
              ^^^^^^^^^^^^^^^^^^
  File "/home/trplbmyi/virtualenv/domains/trpl7b.my.id/public_html/paru/3.11/lib/python3.11/site-packages/soundfile.py", line 658, in __init__
    self._file = self._open(file, mode_int, closefd)
                 ^^^^^^^^^^^^^^^^^^^^^^^^^^^^^^^^^^^
  File "/home/trplbmyi/virtualenv/domains/trpl7b.my.id/public_html/paru/3.11/lib/python3.11/site-packages/soundfile.py", line 1216, in _open
    raise LibsndfileError(err, prefix="Error opening {0!r}: ".format(self.name))
soundfile.LibsndfileError: Error opening '/home/trplbmyi/domains/trpl7b.my.id/public_html/paru/uploads/0589b52b-c56e-406e-98c7-2aa7db77ef40.wav': Format not recognised.

During handling of the above exception, another exception occurred:

Traceback (most recent call last):
  File "app.py", line 53, in predict
    y, sr = librosa.load(filepath, sr=22050)
            ^^^^^^^^^^^^^^^^^^^^^^^^^^^^^^^^
  File "/home/trplbmyi/virtualenv/domains/trpl7b.my.id/public_html/paru/3.11/lib/python3.11/site-packages/librosa/core/audio.py", line 183, in load
    y, sr_native = __audioread_load(path, offset, duration, dtype)
                   ^^^^^^^^^^^^^^^^^^^^^^^^^^^^^^^^^^^^^^^^^^^^^^^
  File "/home/trplbmyi/virtualenv/domains/trpl7b.my.id/public_html/paru/3.11/lib/python3.11/site-packages/decorator.py", line 235, in fun
    return caller(func, *(extras + args), **kw)
           ^^^^^^^^^^^^^^^^^^^^^^^^^^^^^^^^^^^^
  File "/home/trplbmyi/virtualenv/domains/trpl7b.my.id/public_html/paru/3.11/lib/python3.11/site-packages/librosa/util/decorators.py", line 59, in __wrapper
    return func(*args, **kwargs)
           ^^^^^^^^^^^^^^^^^^^^^
  File "/home/trplbmyi/virtualenv/domains/trpl7b.my.id/public_html/paru/3.11/lib/python3.11/site-packages/librosa/core/audio.py", line 239, in __audioread_load
    reader = audioread.audio_open(path)
             ^^^^^^^^^^^^^^^^^^^^^^^^^^
  File "/home/trplbmyi/virtualenv/domains/trpl7b.my.id/public_html/paru/3.11/lib/python3.11/site-packages/audioread/__init__.py", line 132, in audio_open
    raise NoBackendError()
audioread.exceptions.NoBackendError

--- MASUK ENDPOINT /predict ---
File disimpan di: /home/trplbmyi/domains/trpl7b.my.id/public_html/paru/uploads/0589b52b-c56e-406e-98c7-2aa7db77ef40.wav
--- ERROR ---
Traceback (most recent call last):
  File "/home/trplbmyi/virtualenv/domains/trpl7b.my.id/public_html/paru/3.11/lib/python3.11/site-packages/librosa/core/audio.py", line 175, in load
    y, sr_native = __soundfile_load(path, offset, duration, dtype)
                   ^^^^^^^^^^^^^^^^^^^^^^^^^^^^^^^^^^^^^^^^^^^^^^^
  File "/home/trplbmyi/virtualenv/domains/trpl7b.my.id/public_html/paru/3.11/lib/python3.11/site-packages/librosa/core/audio.py", line 208, in __soundfile_load
    context = sf.SoundFile(path)
              ^^^^^^^^^^^^^^^^^^
  File "/home/trplbmyi/virtualenv/domains/trpl7b.my.id/public_html/paru/3.11/lib/python3.11/site-packages/soundfile.py", line 658, in __init__
    self._file = self._open(file, mode_int, closefd)
                 ^^^^^^^^^^^^^^^^^^^^^^^^^^^^^^^^^^^
  File "/home/trplbmyi/virtualenv/domains/trpl7b.my.id/public_html/paru/3.11/lib/python3.11/site-packages/soundfile.py", line 1216, in _open
    raise LibsndfileError(err, prefix="Error opening {0!r}: ".format(self.name))
soundfile.LibsndfileError: Error opening '/home/trplbmyi/domains/trpl7b.my.id/public_html/paru/uploads/0589b52b-c56e-406e-98c7-2aa7db77ef40.wav': Format not recognised.

During handling of the above exception, another exception occurred:

Traceback (most recent call last):
  File "app.py", line 53, in predict
    y, sr = librosa.load(filepath, sr=22050)
            ^^^^^^^^^^^^^^^^^^^^^^^^^^^^^^^^
  File "/home/trplbmyi/virtualenv/domains/trpl7b.my.id/public_html/paru/3.11/lib/python3.11/site-packages/librosa/core/audio.py", line 183, in load
    y, sr_native = __audioread_load(path, offset, duration, dtype)
                   ^^^^^^^^^^^^^^^^^^^^^^^^^^^^^^^^^^^^^^^^^^^^^^^
  File "/home/trplbmyi/virtualenv/domains/trpl7b.my.id/public_html/paru/3.11/lib/python3.11/site-packages/decorator.py", line 235, in fun
    return caller(func, *(extras + args), **kw)
           ^^^^^^^^^^^^^^^^^^^^^^^^^^^^^^^^^^^^
  File "/home/trplbmyi/virtualenv/domains/trpl7b.my.id/public_html/paru/3.11/lib/python3.11/site-packages/librosa/util/decorators.py", line 59, in __wrapper
    return func(*args, **kwargs)
           ^^^^^^^^^^^^^^^^^^^^^
  File "/home/trplbmyi/virtualenv/domains/trpl7b.my.id/public_html/paru/3.11/lib/python3.11/site-packages/librosa/core/audio.py", line 239, in __audioread_load
    reader = audioread.audio_open(path)
             ^^^^^^^^^^^^^^^^^^^^^^^^^^
  File "/home/trplbmyi/virtualenv/domains/trpl7b.my.id/public_html/paru/3.11/lib/python3.11/site-packages/audioread/__init__.py", line 132, in audio_open
    raise NoBackendError()
audioread.exceptions.NoBackendError

--- MASUK ENDPOINT /predict ---
File disimpan di: /home/trplbmyi/domains/trpl7b.my.id/public_html/paru/uploads/0589b52b-c56e-406e-98c7-2aa7db77ef40.wav
--- ERROR ---
Traceback (most recent call last):
  File "/home/trplbmyi/virtualenv/domains/trpl7b.my.id/public_html/paru/3.11/lib/python3.11/site-packages/librosa/core/audio.py", line 175, in load
    y, sr_native = __soundfile_load(path, offset, duration, dtype)
                   ^^^^^^^^^^^^^^^^^^^^^^^^^^^^^^^^^^^^^^^^^^^^^^^
  File "/home/trplbmyi/virtualenv/domains/trpl7b.my.id/public_html/paru/3.11/lib/python3.11/site-packages/librosa/core/audio.py", line 208, in __soundfile_load
    context = sf.SoundFile(path)
              ^^^^^^^^^^^^^^^^^^
  File "/home/trplbmyi/virtualenv/domains/trpl7b.my.id/public_html/paru/3.11/lib/python3.11/site-packages/soundfile.py", line 658, in __init__
    self._file = self._open(file, mode_int, closefd)
                 ^^^^^^^^^^^^^^^^^^^^^^^^^^^^^^^^^^^
  File "/home/trplbmyi/virtualenv/domains/trpl7b.my.id/public_html/paru/3.11/lib/python3.11/site-packages/soundfile.py", line 1216, in _open
    raise LibsndfileError(err, prefix="Error opening {0!r}: ".format(self.name))
soundfile.LibsndfileError: Error opening '/home/trplbmyi/domains/trpl7b.my.id/public_html/paru/uploads/0589b52b-c56e-406e-98c7-2aa7db77ef40.wav': Format not recognised.

During handling of the above exception, another exception occurred:

Traceback (most recent call last):
  File "app.py", line 53, in predict
    y, sr = librosa.load(filepath, sr=22050)
            ^^^^^^^^^^^^^^^^^^^^^^^^^^^^^^^^
  File "/home/trplbmyi/virtualenv/domains/trpl7b.my.id/public_html/paru/3.11/lib/python3.11/site-packages/librosa/core/audio.py", line 183, in load
    y, sr_native = __audioread_load(path, offset, duration, dtype)
                   ^^^^^^^^^^^^^^^^^^^^^^^^^^^^^^^^^^^^^^^^^^^^^^^
  File "/home/trplbmyi/virtualenv/domains/trpl7b.my.id/public_html/paru/3.11/lib/python3.11/site-packages/decorator.py", line 235, in fun
    return caller(func, *(extras + args), **kw)
           ^^^^^^^^^^^^^^^^^^^^^^^^^^^^^^^^^^^^
  File "/home/trplbmyi/virtualenv/domains/trpl7b.my.id/public_html/paru/3.11/lib/python3.11/site-packages/librosa/util/decorators.py", line 59, in __wrapper
    return func(*args, **kwargs)
           ^^^^^^^^^^^^^^^^^^^^^
  File "/home/trplbmyi/virtualenv/domains/trpl7b.my.id/public_html/paru/3.11/lib/python3.11/site-packages/librosa/core/audio.py", line 239, in __audioread_load
    reader = audioread.audio_open(path)
             ^^^^^^^^^^^^^^^^^^^^^^^^^^
  File "/home/trplbmyi/virtualenv/domains/trpl7b.my.id/public_html/paru/3.11/lib/python3.11/site-packages/audioread/__init__.py", line 132, in audio_open
    raise NoBackendError()
audioread.exceptions.NoBackendError

--- MASUK ENDPOINT /predict ---
File disimpan di: /home/trplbmyi/domains/trpl7b.my.id/public_html/paru/uploads/06a4e544-d7e6-42b3-b484-9263a00c1030.wav
MFCC shape: (1, 13)
--- MASUK ENDPOINT /predict ---
File disimpan di: /home/trplbmyi/domains/trpl7b.my.id/public_html/paru/uploads/rekaman.wav
MFCC shape: (1, 13)
--- MASUK ENDPOINT /predict ---
File disimpan di: /home/trplbmyi/domains/trpl7b.my.id/public_html/paru/uploads/rekaman.wav
MFCC shape: (1, 13)
--- MASUK ENDPOINT /predict ---
File disimpan di: /home/trplbmyi/domains/trpl7b.my.id/public_html/paru/uploads/rekaman.wav
MFCC shape: (1, 13)
--- MASUK ENDPOINT /predict ---
File disimpan di: /home/trplbmyi/domains/trpl7b.my.id/public_html/paru/uploads/rekaman.wav
MFCC shape: (1, 13)
--- MASUK ENDPOINT /predict ---
File disimpan di: /home/trplbmyi/domains/trpl7b.my.id/public_html/paru/uploads/rekaman.wav
MFCC shape: (1, 13)
--- MASUK ENDPOINT /predict ---
File disimpan di: /home/trplbmyi/domains/trpl7b.my.id/public_html/paru/uploads/0d85b26b-8258-4e5c-9739-e0ca3eb7f766.wav
MFCC shape: (1, 13)
--- MASUK ENDPOINT /predict ---
File disimpan di: /home/trplbmyi/domains/trpl7b.my.id/public_html/paru/uploads/0d85b26b-8258-4e5c-9739-e0ca3eb7f766.wav
MFCC shape: (1, 13)
--- MASUK ENDPOINT /predict ---
--- ERROR ---
Traceback (most recent call last):
  File "app.py", line 38, in predict
    if 'file' not in request.files:
                     ^^^^^^^^^^^^^
  File "/home/trplbmyi/virtualenv/domains/trpl7b.my.id/public_html/paru/3.11/lib/python3.11/site-packages/werkzeug/utils.py", line 107, in __get__
    value = self.fget(obj)  # type: ignore
            ^^^^^^^^^^^^^^
  File "/home/trplbmyi/virtualenv/domains/trpl7b.my.id/public_html/paru/3.11/lib/python3.11/site-packages/werkzeug/wrappers/request.py", line 497, in files
    self._load_form_data()
  File "/home/trplbmyi/virtualenv/domains/trpl7b.my.id/public_html/paru/3.11/lib/python3.11/site-packages/flask/wrappers.py", line 112, in _load_form_data
    super()._load_form_data()
  File "/home/trplbmyi/virtualenv/domains/trpl7b.my.id/public_html/paru/3.11/lib/python3.11/site-packages/werkzeug/wrappers/request.py", line 271, in _load_form_data
    data = parser.parse(
           ^^^^^^^^^^^^^
  File "/home/trplbmyi/virtualenv/domains/trpl7b.my.id/public_html/paru/3.11/lib/python3.11/site-packages/werkzeug/formparser.py", line 242, in parse
    return parse_func(stream, mimetype, content_length, options)
           ^^^^^^^^^^^^^^^^^^^^^^^^^^^^^^^^^^^^^^^^^^^^^^^^^^^^^
  File "/home/trplbmyi/virtualenv/domains/trpl7b.my.id/public_html/paru/3.11/lib/python3.11/site-packages/werkzeug/formparser.py", line 267, in _parse_multipart
    form, files = parser.parse(stream, boundary, content_length)
                  ^^^^^^^^^^^^^^^^^^^^^^^^^^^^^^^^^^^^^^^^^^^^^^
  File "/home/trplbmyi/virtualenv/domains/trpl7b.my.id/public_html/paru/3.11/lib/python3.11/site-packages/werkzeug/formparser.py", line 368, in parse
    for data in _chunk_iter(stream.read, self.buffer_size):
  File "/home/trplbmyi/virtualenv/domains/trpl7b.my.id/public_html/paru/3.11/lib/python3.11/site-packages/werkzeug/formparser.py", line 423, in _chunk_iter
    data = read(size)
           ^^^^^^^^^^
  File "/home/trplbmyi/virtualenv/domains/trpl7b.my.id/public_html/paru/3.11/lib/python3.11/site-packages/werkzeug/wsgi.py", line 552, in readinto
    data = self._stream.read(min(size, remaining))
           ^^^^^^^^^^^^^^^^^^^^^^^^^^^^^^^^^^^^^^^
SystemError: <method 'read' of 'lsapi_wsgi.InputStream' objects> returned NULL without setting an exception

--- MASUK ENDPOINT /predict ---
File disimpan di: /home/trplbmyi/domains/trpl7b.my.id/public_html/paru/uploads/1e437de6-4960-4c9a-b227-2c1a361fc411.wav
--- MASUK ENDPOINT /predict ---
File disimpan di: /home/trplbmyi/domains/trpl7b.my.id/public_html/paru/uploads/1e437de6-4960-4c9a-b227-2c1a361fc411.wav
--- MASUK ENDPOINT /predict ---
File disimpan di: /home/trplbmyi/domains/trpl7b.my.id/public_html/paru/uploads/0b52ef1e-a0df-481c-b674-7a13317ed727_-_Copy.wav
--- MASUK ENDPOINT /predict ---
File disimpan di: /home/trplbmyi/domains/trpl7b.my.id/public_html/paru/uploads/0b52ef1e-a0df-481c-b674-7a13317ed727_-_Copy.wav
--- ERROR ---
Traceback (most recent call last):
  File "/home/trplbmyi/virtualenv/domains/trpl7b.my.id/public_html/paru/3.11/lib/python3.11/site-packages/librosa/core/audio.py", line 175, in load
    y, sr_native = __soundfile_load(path, offset, duration, dtype)
                   ^^^^^^^^^^^^^^^^^^^^^^^^^^^^^^^^^^^^^^^^^^^^^^^
  File "/home/trplbmyi/virtualenv/domains/trpl7b.my.id/public_html/paru/3.11/lib/python3.11/site-packages/librosa/core/audio.py", line 208, in __soundfile_load
    context = sf.SoundFile(path)
              ^^^^^^^^^^^^^^^^^^
  File "/home/trplbmyi/virtualenv/domains/trpl7b.my.id/public_html/paru/3.11/lib/python3.11/site-packages/soundfile.py", line 658, in __init__
    self._file = self._open(file, mode_int, closefd)
                 ^^^^^^^^^^^^^^^^^^^^^^^^^^^^^^^^^^^
  File "/home/trplbmyi/virtualenv/domains/trpl7b.my.id/public_html/paru/3.11/lib/python3.11/site-packages/soundfile.py", line 1216, in _open
    raise LibsndfileError(err, prefix="Error opening {0!r}: ".format(self.name))
soundfile.LibsndfileError: Error opening '/home/trplbmyi/domains/trpl7b.my.id/public_html/paru/uploads/0b52ef1e-a0df-481c-b674-7a13317ed727_-_Copy.wav': Format not recognised.

During handling of the above exception, another exception occurred:

Traceback (most recent call last):
  File "app.py", line 53, in predict
    y, sr = librosa.load(filepath, sr=22050)
            ^^^^^^^^^^^^^^^^^^^^^^^^^^^^^^^^
  File "/home/trplbmyi/virtualenv/domains/trpl7b.my.id/public_html/paru/3.11/lib/python3.11/site-packages/librosa/core/audio.py", line 183, in load
    y, sr_native = __audioread_load(path, offset, duration, dtype)
                   ^^^^^^^^^^^^^^^^^^^^^^^^^^^^^^^^^^^^^^^^^^^^^^^
  File "/home/trplbmyi/virtualenv/domains/trpl7b.my.id/public_html/paru/3.11/lib/python3.11/site-packages/decorator.py", line 235, in fun
    return caller(func, *(extras + args), **kw)
           ^^^^^^^^^^^^^^^^^^^^^^^^^^^^^^^^^^^^
  File "/home/trplbmyi/virtualenv/domains/trpl7b.my.id/public_html/paru/3.11/lib/python3.11/site-packages/librosa/util/decorators.py", line 59, in __wrapper
    return func(*args, **kwargs)
           ^^^^^^^^^^^^^^^^^^^^^
  File "/home/trplbmyi/virtualenv/domains/trpl7b.my.id/public_html/paru/3.11/lib/python3.11/site-packages/librosa/core/audio.py", line 239, in __audioread_load
    reader = audioread.audio_open(path)
             ^^^^^^^^^^^^^^^^^^^^^^^^^^
  File "/home/trplbmyi/virtualenv/domains/trpl7b.my.id/public_html/paru/3.11/lib/python3.11/site-packages/audioread/__init__.py", line 132, in audio_open
    raise NoBackendError()
audioread.exceptions.NoBackendError

--- MASUK ENDPOINT /predict ---
File disimpan di: /home/trplbmyi/domains/trpl7b.my.id/public_html/paru/uploads/0430faa0-34f5-4fbc-ac29-e339303d4fdf.wav
--- ERROR ---
Traceback (most recent call last):
  File "/home/trplbmyi/virtualenv/domains/trpl7b.my.id/public_html/paru/3.11/lib/python3.11/site-packages/librosa/core/audio.py", line 175, in load
    y, sr_native = __soundfile_load(path, offset, duration, dtype)
                   ^^^^^^^^^^^^^^^^^^^^^^^^^^^^^^^^^^^^^^^^^^^^^^^
  File "/home/trplbmyi/virtualenv/domains/trpl7b.my.id/public_html/paru/3.11/lib/python3.11/site-packages/librosa/core/audio.py", line 208, in __soundfile_load
    context = sf.SoundFile(path)
              ^^^^^^^^^^^^^^^^^^
  File "/home/trplbmyi/virtualenv/domains/trpl7b.my.id/public_html/paru/3.11/lib/python3.11/site-packages/soundfile.py", line 658, in __init__
    self._file = self._open(file, mode_int, closefd)
                 ^^^^^^^^^^^^^^^^^^^^^^^^^^^^^^^^^^^
  File "/home/trplbmyi/virtualenv/domains/trpl7b.my.id/public_html/paru/3.11/lib/python3.11/site-packages/soundfile.py", line 1216, in _open
    raise LibsndfileError(err, prefix="Error opening {0!r}: ".format(self.name))
soundfile.LibsndfileError: Error opening '/home/trplbmyi/domains/trpl7b.my.id/public_html/paru/uploads/0430faa0-34f5-4fbc-ac29-e339303d4fdf.wav': Format not recognised.

During handling of the above exception, another exception occurred:

Traceback (most recent call last):
  File "app.py", line 53, in predict
    y, sr = librosa.load(filepath, sr=22050)
            ^^^^^^^^^^^^^^^^^^^^^^^^^^^^^^^^
  File "/home/trplbmyi/virtualenv/domains/trpl7b.my.id/public_html/paru/3.11/lib/python3.11/site-packages/librosa/core/audio.py", line 183, in load
    y, sr_native = __audioread_load(path, offset, duration, dtype)
                   ^^^^^^^^^^^^^^^^^^^^^^^^^^^^^^^^^^^^^^^^^^^^^^^
  File "/home/trplbmyi/virtualenv/domains/trpl7b.my.id/public_html/paru/3.11/lib/python3.11/site-packages/decorator.py", line 235, in fun
    return caller(func, *(extras + args), **kw)
           ^^^^^^^^^^^^^^^^^^^^^^^^^^^^^^^^^^^^
  File "/home/trplbmyi/virtualenv/domains/trpl7b.my.id/public_html/paru/3.11/lib/python3.11/site-packages/librosa/util/decorators.py", line 59, in __wrapper
    return func(*args, **kwargs)
           ^^^^^^^^^^^^^^^^^^^^^
  File "/home/trplbmyi/virtualenv/domains/trpl7b.my.id/public_html/paru/3.11/lib/python3.11/site-packages/librosa/core/audio.py", line 239, in __audioread_load
    reader = audioread.audio_open(path)
             ^^^^^^^^^^^^^^^^^^^^^^^^^^
  File "/home/trplbmyi/virtualenv/domains/trpl7b.my.id/public_html/paru/3.11/lib/python3.11/site-packages/audioread/__init__.py", line 132, in audio_open
    raise NoBackendError()
audioread.exceptions.NoBackendError

--- MASUK ENDPOINT /predict ---
File disimpan di: /home/trplbmyi/domains/trpl7b.my.id/public_html/paru/uploads/0910e47b-30a0-4c55-8ec7-8256342a2956.wav
MFCC shape: (1, 13)
--- MASUK ENDPOINT /predict ---
File disimpan di: /home/trplbmyi/domains/trpl7b.my.id/public_html/paru/uploads/rekaman.wav
MFCC shape: (1, 13)
--- MASUK ENDPOINT /predict ---
--- MASUK ENDPOINT /predict ---
File disimpan di: /home/trplbmyi/domains/trpl7b.my.id/public_html/paru/uploads/4a1e3c29-4b37-4e57-85b0-972b988b7691.wav
MFCC shape: (1, 13)
--- MASUK ENDPOINT /predict ---
File disimpan di: /home/trplbmyi/domains/trpl7b.my.id/public_html/paru/uploads/073543e2-8675-415d-bbb8-d63a4bfc9128.wav
--- ERROR ---
Traceback (most recent call last):
  File "/home/trplbmyi/virtualenv/domains/trpl7b.my.id/public_html/paru/3.11/lib/python3.11/site-packages/librosa/core/audio.py", line 175, in load
    y, sr_native = __soundfile_load(path, offset, duration, dtype)
                   ^^^^^^^^^^^^^^^^^^^^^^^^^^^^^^^^^^^^^^^^^^^^^^^
  File "/home/trplbmyi/virtualenv/domains/trpl7b.my.id/public_html/paru/3.11/lib/python3.11/site-packages/librosa/core/audio.py", line 208, in __soundfile_load
    context = sf.SoundFile(path)
              ^^^^^^^^^^^^^^^^^^
  File "/home/trplbmyi/virtualenv/domains/trpl7b.my.id/public_html/paru/3.11/lib/python3.11/site-packages/soundfile.py", line 658, in __init__
    self._file = self._open(file, mode_int, closefd)
                 ^^^^^^^^^^^^^^^^^^^^^^^^^^^^^^^^^^^
  File "/home/trplbmyi/virtualenv/domains/trpl7b.my.id/public_html/paru/3.11/lib/python3.11/site-packages/soundfile.py", line 1216, in _open
    raise LibsndfileError(err, prefix="Error opening {0!r}: ".format(self.name))
soundfile.LibsndfileError: Error opening '/home/trplbmyi/domains/trpl7b.my.id/public_html/paru/uploads/073543e2-8675-415d-bbb8-d63a4bfc9128.wav': Format not recognised.

During handling of the above exception, another exception occurred:

Traceback (most recent call last):
  File "app.py", line 53, in predict
    y, sr = librosa.load(filepath, sr=22050)
            ^^^^^^^^^^^^^^^^^^^^^^^^^^^^^^^^
  File "/home/trplbmyi/virtualenv/domains/trpl7b.my.id/public_html/paru/3.11/lib/python3.11/site-packages/librosa/core/audio.py", line 183, in load
    y, sr_native = __audioread_load(path, offset, duration, dtype)
                   ^^^^^^^^^^^^^^^^^^^^^^^^^^^^^^^^^^^^^^^^^^^^^^^
  File "/home/trplbmyi/virtualenv/domains/trpl7b.my.id/public_html/paru/3.11/lib/python3.11/site-packages/decorator.py", line 235, in fun
    return caller(func, *(extras + args), **kw)
           ^^^^^^^^^^^^^^^^^^^^^^^^^^^^^^^^^^^^
  File "/home/trplbmyi/virtualenv/domains/trpl7b.my.id/public_html/paru/3.11/lib/python3.11/site-packages/librosa/util/decorators.py", line 59, in __wrapper
    return func(*args, **kwargs)
           ^^^^^^^^^^^^^^^^^^^^^
  File "/home/trplbmyi/virtualenv/domains/trpl7b.my.id/public_html/paru/3.11/lib/python3.11/site-packages/librosa/core/audio.py", line 239, in __audioread_load
    reader = audioread.audio_open(path)
             ^^^^^^^^^^^^^^^^^^^^^^^^^^
  File "/home/trplbmyi/virtualenv/domains/trpl7b.my.id/public_html/paru/3.11/lib/python3.11/site-packages/audioread/__init__.py", line 132, in audio_open
    raise NoBackendError()
audioread.exceptions.NoBackendError

--- MASUK ENDPOINT /predict ---
File disimpan di: /home/trplbmyi/domains/trpl7b.my.id/public_html/paru/uploads/1245ae29-a070-4384-927c-4c296b1758c4.wav
--- ERROR ---
Traceback (most recent call last):
  File "/home/trplbmyi/virtualenv/domains/trpl7b.my.id/public_html/paru/3.11/lib/python3.11/site-packages/librosa/core/audio.py", line 175, in load
    y, sr_native = __soundfile_load(path, offset, duration, dtype)
                   ^^^^^^^^^^^^^^^^^^^^^^^^^^^^^^^^^^^^^^^^^^^^^^^
  File "/home/trplbmyi/virtualenv/domains/trpl7b.my.id/public_html/paru/3.11/lib/python3.11/site-packages/librosa/core/audio.py", line 208, in __soundfile_load
    context = sf.SoundFile(path)
              ^^^^^^^^^^^^^^^^^^
  File "/home/trplbmyi/virtualenv/domains/trpl7b.my.id/public_html/paru/3.11/lib/python3.11/site-packages/soundfile.py", line 658, in __init__
    self._file = self._open(file, mode_int, closefd)
                 ^^^^^^^^^^^^^^^^^^^^^^^^^^^^^^^^^^^
  File "/home/trplbmyi/virtualenv/domains/trpl7b.my.id/public_html/paru/3.11/lib/python3.11/site-packages/soundfile.py", line 1216, in _open
    raise LibsndfileError(err, prefix="Error opening {0!r}: ".format(self.name))
soundfile.LibsndfileError: Error opening '/home/trplbmyi/domains/trpl7b.my.id/public_html/paru/uploads/1245ae29-a070-4384-927c-4c296b1758c4.wav': Format not recognised.

During handling of the above exception, another exception occurred:

Traceback (most recent call last):
  File "app.py", line 53, in predict
    y, sr = librosa.load(filepath, sr=22050)
            ^^^^^^^^^^^^^^^^^^^^^^^^^^^^^^^^
  File "/home/trplbmyi/virtualenv/domains/trpl7b.my.id/public_html/paru/3.11/lib/python3.11/site-packages/librosa/core/audio.py", line 183, in load
    y, sr_native = __audioread_load(path, offset, duration, dtype)
                   ^^^^^^^^^^^^^^^^^^^^^^^^^^^^^^^^^^^^^^^^^^^^^^^
  File "/home/trplbmyi/virtualenv/domains/trpl7b.my.id/public_html/paru/3.11/lib/python3.11/site-packages/decorator.py", line 235, in fun
    return caller(func, *(extras + args), **kw)
           ^^^^^^^^^^^^^^^^^^^^^^^^^^^^^^^^^^^^
  File "/home/trplbmyi/virtualenv/domains/trpl7b.my.id/public_html/paru/3.11/lib/python3.11/site-packages/librosa/util/decorators.py", line 59, in __wrapper
    return func(*args, **kwargs)
           ^^^^^^^^^^^^^^^^^^^^^
  File "/home/trplbmyi/virtualenv/domains/trpl7b.my.id/public_html/paru/3.11/lib/python3.11/site-packages/librosa/core/audio.py", line 239, in __audioread_load
    reader = audioread.audio_open(path)
             ^^^^^^^^^^^^^^^^^^^^^^^^^^
  File "/home/trplbmyi/virtualenv/domains/trpl7b.my.id/public_html/paru/3.11/lib/python3.11/site-packages/audioread/__init__.py", line 132, in audio_open
    raise NoBackendError()
audioread.exceptions.NoBackendError

--- MASUK ENDPOINT /predict ---
File disimpan di: /home/trplbmyi/domains/trpl7b.my.id/public_html/paru/uploads/01861986-a00a-44ec-a397-5b5cf7cb66af.wav
--- ERROR ---
Traceback (most recent call last):
  File "/home/trplbmyi/virtualenv/domains/trpl7b.my.id/public_html/paru/3.11/lib/python3.11/site-packages/librosa/core/audio.py", line 175, in load
    y, sr_native = __soundfile_load(path, offset, duration, dtype)
                   ^^^^^^^^^^^^^^^^^^^^^^^^^^^^^^^^^^^^^^^^^^^^^^^
  File "/home/trplbmyi/virtualenv/domains/trpl7b.my.id/public_html/paru/3.11/lib/python3.11/site-packages/librosa/core/audio.py", line 208, in __soundfile_load
    context = sf.SoundFile(path)
              ^^^^^^^^^^^^^^^^^^
  File "/home/trplbmyi/virtualenv/domains/trpl7b.my.id/public_html/paru/3.11/lib/python3.11/site-packages/soundfile.py", line 658, in __init__
    self._file = self._open(file, mode_int, closefd)
                 ^^^^^^^^^^^^^^^^^^^^^^^^^^^^^^^^^^^
  File "/home/trplbmyi/virtualenv/domains/trpl7b.my.id/public_html/paru/3.11/lib/python3.11/site-packages/soundfile.py", line 1216, in _open
    raise LibsndfileError(err, prefix="Error opening {0!r}: ".format(self.name))
soundfile.LibsndfileError: Error opening '/home/trplbmyi/domains/trpl7b.my.id/public_html/paru/uploads/01861986-a00a-44ec-a397-5b5cf7cb66af.wav': Format not recognised.

During handling of the above exception, another exception occurred:

Traceback (most recent call last):
  File "app.py", line 53, in predict
    y, sr = librosa.load(filepath, sr=22050)
            ^^^^^^^^^^^^^^^^^^^^^^^^^^^^^^^^
  File "/home/trplbmyi/virtualenv/domains/trpl7b.my.id/public_html/paru/3.11/lib/python3.11/site-packages/librosa/core/audio.py", line 183, in load
    y, sr_native = __audioread_load(path, offset, duration, dtype)
                   ^^^^^^^^^^^^^^^^^^^^^^^^^^^^^^^^^^^^^^^^^^^^^^^
  File "/home/trplbmyi/virtualenv/domains/trpl7b.my.id/public_html/paru/3.11/lib/python3.11/site-packages/decorator.py", line 235, in fun
    return caller(func, *(extras + args), **kw)
           ^^^^^^^^^^^^^^^^^^^^^^^^^^^^^^^^^^^^
  File "/home/trplbmyi/virtualenv/domains/trpl7b.my.id/public_html/paru/3.11/lib/python3.11/site-packages/librosa/util/decorators.py", line 59, in __wrapper
    return func(*args, **kwargs)
           ^^^^^^^^^^^^^^^^^^^^^
  File "/home/trplbmyi/virtualenv/domains/trpl7b.my.id/public_html/paru/3.11/lib/python3.11/site-packages/librosa/core/audio.py", line 239, in __audioread_load
    reader = audioread.audio_open(path)
             ^^^^^^^^^^^^^^^^^^^^^^^^^^
  File "/home/trplbmyi/virtualenv/domains/trpl7b.my.id/public_html/paru/3.11/lib/python3.11/site-packages/audioread/__init__.py", line 132, in audio_open
    raise NoBackendError()
audioread.exceptions.NoBackendError

--- MASUK ENDPOINT /predict ---
File disimpan di: /home/trplbmyi/domains/trpl7b.my.id/public_html/paru/uploads/030d21cf-05d5-40e9-8106-0c96b8b5e321.wav
MFCC shape: (1, 13)
--- MASUK ENDPOINT /predict ---
File disimpan di: /home/trplbmyi/domains/trpl7b.my.id/public_html/paru/uploads/038dc4cb-9b48-408d-8828-3cc51d042a61.wav
MFCC shape: (1, 13)
--- MASUK ENDPOINT /predict ---
File disimpan di: /home/trplbmyi/domains/trpl7b.my.id/public_html/paru/uploads/045404f5-fd32-49e9-b48f-d0cd6569fd4b.wav
--- ERROR ---
Traceback (most recent call last):
  File "/home/trplbmyi/virtualenv/domains/trpl7b.my.id/public_html/paru/3.11/lib/python3.11/site-packages/librosa/core/audio.py", line 175, in load
    y, sr_native = __soundfile_load(path, offset, duration, dtype)
                   ^^^^^^^^^^^^^^^^^^^^^^^^^^^^^^^^^^^^^^^^^^^^^^^
  File "/home/trplbmyi/virtualenv/domains/trpl7b.my.id/public_html/paru/3.11/lib/python3.11/site-packages/librosa/core/audio.py", line 208, in __soundfile_load
    context = sf.SoundFile(path)
              ^^^^^^^^^^^^^^^^^^
  File "/home/trplbmyi/virtualenv/domains/trpl7b.my.id/public_html/paru/3.11/lib/python3.11/site-packages/soundfile.py", line 658, in __init__
    self._file = self._open(file, mode_int, closefd)
                 ^^^^^^^^^^^^^^^^^^^^^^^^^^^^^^^^^^^
  File "/home/trplbmyi/virtualenv/domains/trpl7b.my.id/public_html/paru/3.11/lib/python3.11/site-packages/soundfile.py", line 1216, in _open
    raise LibsndfileError(err, prefix="Error opening {0!r}: ".format(self.name))
soundfile.LibsndfileError: Error opening '/home/trplbmyi/domains/trpl7b.my.id/public_html/paru/uploads/045404f5-fd32-49e9-b48f-d0cd6569fd4b.wav': Format not recognised.

During handling of the above exception, another exception occurred:

Traceback (most recent call last):
  File "app.py", line 53, in predict
    y, sr = librosa.load(filepath, sr=22050)
            ^^^^^^^^^^^^^^^^^^^^^^^^^^^^^^^^
  File "/home/trplbmyi/virtualenv/domains/trpl7b.my.id/public_html/paru/3.11/lib/python3.11/site-packages/librosa/core/audio.py", line 183, in load
    y, sr_native = __audioread_load(path, offset, duration, dtype)
                   ^^^^^^^^^^^^^^^^^^^^^^^^^^^^^^^^^^^^^^^^^^^^^^^
  File "/home/trplbmyi/virtualenv/domains/trpl7b.my.id/public_html/paru/3.11/lib/python3.11/site-packages/decorator.py", line 235, in fun
    return caller(func, *(extras + args), **kw)
           ^^^^^^^^^^^^^^^^^^^^^^^^^^^^^^^^^^^^
  File "/home/trplbmyi/virtualenv/domains/trpl7b.my.id/public_html/paru/3.11/lib/python3.11/site-packages/librosa/util/decorators.py", line 59, in __wrapper
    return func(*args, **kwargs)
           ^^^^^^^^^^^^^^^^^^^^^
  File "/home/trplbmyi/virtualenv/domains/trpl7b.my.id/public_html/paru/3.11/lib/python3.11/site-packages/librosa/core/audio.py", line 239, in __audioread_load
    reader = audioread.audio_open(path)
             ^^^^^^^^^^^^^^^^^^^^^^^^^^
  File "/home/trplbmyi/virtualenv/domains/trpl7b.my.id/public_html/paru/3.11/lib/python3.11/site-packages/audioread/__init__.py", line 132, in audio_open
    raise NoBackendError()
audioread.exceptions.NoBackendError

--- MASUK ENDPOINT /predict ---
File disimpan di: /home/trplbmyi/domains/trpl7b.my.id/public_html/paru/uploads/3e627d87-2312-4081-85f8-7d68b11f8a36.wav
--- ERROR ---
Traceback (most recent call last):
  File "/home/trplbmyi/virtualenv/domains/trpl7b.my.id/public_html/paru/3.11/lib/python3.11/site-packages/librosa/core/audio.py", line 175, in load
    y, sr_native = __soundfile_load(path, offset, duration, dtype)
                   ^^^^^^^^^^^^^^^^^^^^^^^^^^^^^^^^^^^^^^^^^^^^^^^
  File "/home/trplbmyi/virtualenv/domains/trpl7b.my.id/public_html/paru/3.11/lib/python3.11/site-packages/librosa/core/audio.py", line 208, in __soundfile_load
    context = sf.SoundFile(path)
              ^^^^^^^^^^^^^^^^^^
  File "/home/trplbmyi/virtualenv/domains/trpl7b.my.id/public_html/paru/3.11/lib/python3.11/site-packages/soundfile.py", line 658, in __init__
    self._file = self._open(file, mode_int, closefd)
                 ^^^^^^^^^^^^^^^^^^^^^^^^^^^^^^^^^^^
  File "/home/trplbmyi/virtualenv/domains/trpl7b.my.id/public_html/paru/3.11/lib/python3.11/site-packages/soundfile.py", line 1216, in _open
    raise LibsndfileError(err, prefix="Error opening {0!r}: ".format(self.name))
soundfile.LibsndfileError: Error opening '/home/trplbmyi/domains/trpl7b.my.id/public_html/paru/uploads/3e627d87-2312-4081-85f8-7d68b11f8a36.wav': Format not recognised.

During handling of the above exception, another exception occurred:

Traceback (most recent call last):
  File "app.py", line 53, in predict
    y, sr = librosa.load(filepath, sr=22050)
            ^^^^^^^^^^^^^^^^^^^^^^^^^^^^^^^^
  File "/home/trplbmyi/virtualenv/domains/trpl7b.my.id/public_html/paru/3.11/lib/python3.11/site-packages/librosa/core/audio.py", line 183, in load
    y, sr_native = __audioread_load(path, offset, duration, dtype)
                   ^^^^^^^^^^^^^^^^^^^^^^^^^^^^^^^^^^^^^^^^^^^^^^^
  File "/home/trplbmyi/virtualenv/domains/trpl7b.my.id/public_html/paru/3.11/lib/python3.11/site-packages/decorator.py", line 235, in fun
    return caller(func, *(extras + args), **kw)
           ^^^^^^^^^^^^^^^^^^^^^^^^^^^^^^^^^^^^
  File "/home/trplbmyi/virtualenv/domains/trpl7b.my.id/public_html/paru/3.11/lib/python3.11/site-packages/librosa/util/decorators.py", line 59, in __wrapper
    return func(*args, **kwargs)
           ^^^^^^^^^^^^^^^^^^^^^
  File "/home/trplbmyi/virtualenv/domains/trpl7b.my.id/public_html/paru/3.11/lib/python3.11/site-packages/librosa/core/audio.py", line 239, in __audioread_load
    reader = audioread.audio_open(path)
             ^^^^^^^^^^^^^^^^^^^^^^^^^^
  File "/home/trplbmyi/virtualenv/domains/trpl7b.my.id/public_html/paru/3.11/lib/python3.11/site-packages/audioread/__init__.py", line 132, in audio_open
    raise NoBackendError()
audioread.exceptions.NoBackendError

--- MASUK ENDPOINT /predict ---
File disimpan di: /home/trplbmyi/domains/trpl7b.my.id/public_html/paru/uploads/6b6cd6c4-fd00-4ba7-b14d-ab764547cf30.wav
--- ERROR ---
Traceback (most recent call last):
  File "/home/trplbmyi/virtualenv/domains/trpl7b.my.id/public_html/paru/3.11/lib/python3.11/site-packages/librosa/core/audio.py", line 175, in load
    y, sr_native = __soundfile_load(path, offset, duration, dtype)
                   ^^^^^^^^^^^^^^^^^^^^^^^^^^^^^^^^^^^^^^^^^^^^^^^
  File "/home/trplbmyi/virtualenv/domains/trpl7b.my.id/public_html/paru/3.11/lib/python3.11/site-packages/librosa/core/audio.py", line 208, in __soundfile_load
    context = sf.SoundFile(path)
              ^^^^^^^^^^^^^^^^^^
  File "/home/trplbmyi/virtualenv/domains/trpl7b.my.id/public_html/paru/3.11/lib/python3.11/site-packages/soundfile.py", line 658, in __init__
    self._file = self._open(file, mode_int, closefd)
                 ^^^^^^^^^^^^^^^^^^^^^^^^^^^^^^^^^^^
  File "/home/trplbmyi/virtualenv/domains/trpl7b.my.id/public_html/paru/3.11/lib/python3.11/site-packages/soundfile.py", line 1216, in _open
    raise LibsndfileError(err, prefix="Error opening {0!r}: ".format(self.name))
soundfile.LibsndfileError: Error opening '/home/trplbmyi/domains/trpl7b.my.id/public_html/paru/uploads/6b6cd6c4-fd00-4ba7-b14d-ab764547cf30.wav': Format not recognised.

During handling of the above exception, another exception occurred:

Traceback (most recent call last):
  File "app.py", line 53, in predict
    y, sr = librosa.load(filepath, sr=22050)
            ^^^^^^^^^^^^^^^^^^^^^^^^^^^^^^^^
  File "/home/trplbmyi/virtualenv/domains/trpl7b.my.id/public_html/paru/3.11/lib/python3.11/site-packages/librosa/core/audio.py", line 183, in load
    y, sr_native = __audioread_load(path, offset, duration, dtype)
                   ^^^^^^^^^^^^^^^^^^^^^^^^^^^^^^^^^^^^^^^^^^^^^^^
  File "/home/trplbmyi/virtualenv/domains/trpl7b.my.id/public_html/paru/3.11/lib/python3.11/site-packages/decorator.py", line 235, in fun
    return caller(func, *(extras + args), **kw)
           ^^^^^^^^^^^^^^^^^^^^^^^^^^^^^^^^^^^^
  File "/home/trplbmyi/virtualenv/domains/trpl7b.my.id/public_html/paru/3.11/lib/python3.11/site-packages/librosa/util/decorators.py", line 59, in __wrapper
    return func(*args, **kwargs)
           ^^^^^^^^^^^^^^^^^^^^^
  File "/home/trplbmyi/virtualenv/domains/trpl7b.my.id/public_html/paru/3.11/lib/python3.11/site-packages/librosa/core/audio.py", line 239, in __audioread_load
    reader = audioread.audio_open(path)
             ^^^^^^^^^^^^^^^^^^^^^^^^^^
  File "/home/trplbmyi/virtualenv/domains/trpl7b.my.id/public_html/paru/3.11/lib/python3.11/site-packages/audioread/__init__.py", line 132, in audio_open
    raise NoBackendError()
audioread.exceptions.NoBackendError

--- MASUK ENDPOINT /predict ---
File disimpan di: /home/trplbmyi/domains/trpl7b.my.id/public_html/paru/uploads/4d53c5f6-0646-47de-95b9-ff140d819768.wav
--- ERROR ---
Traceback (most recent call last):
  File "/home/trplbmyi/virtualenv/domains/trpl7b.my.id/public_html/paru/3.11/lib/python3.11/site-packages/librosa/core/audio.py", line 175, in load
    y, sr_native = __soundfile_load(path, offset, duration, dtype)
                   ^^^^^^^^^^^^^^^^^^^^^^^^^^^^^^^^^^^^^^^^^^^^^^^
  File "/home/trplbmyi/virtualenv/domains/trpl7b.my.id/public_html/paru/3.11/lib/python3.11/site-packages/librosa/core/audio.py", line 208, in __soundfile_load
    context = sf.SoundFile(path)
              ^^^^^^^^^^^^^^^^^^
  File "/home/trplbmyi/virtualenv/domains/trpl7b.my.id/public_html/paru/3.11/lib/python3.11/site-packages/soundfile.py", line 658, in __init__
    self._file = self._open(file, mode_int, closefd)
                 ^^^^^^^^^^^^^^^^^^^^^^^^^^^^^^^^^^^
  File "/home/trplbmyi/virtualenv/domains/trpl7b.my.id/public_html/paru/3.11/lib/python3.11/site-packages/soundfile.py", line 1216, in _open
    raise LibsndfileError(err, prefix="Error opening {0!r}: ".format(self.name))
soundfile.LibsndfileError: Error opening '/home/trplbmyi/domains/trpl7b.my.id/public_html/paru/uploads/4d53c5f6-0646-47de-95b9-ff140d819768.wav': Format not recognised.

During handling of the above exception, another exception occurred:

Traceback (most recent call last):
  File "app.py", line 53, in predict
    y, sr = librosa.load(filepath, sr=22050)
            ^^^^^^^^^^^^^^^^^^^^^^^^^^^^^^^^
  File "/home/trplbmyi/virtualenv/domains/trpl7b.my.id/public_html/paru/3.11/lib/python3.11/site-packages/librosa/core/audio.py", line 183, in load
    y, sr_native = __audioread_load(path, offset, duration, dtype)
                   ^^^^^^^^^^^^^^^^^^^^^^^^^^^^^^^^^^^^^^^^^^^^^^^
  File "/home/trplbmyi/virtualenv/domains/trpl7b.my.id/public_html/paru/3.11/lib/python3.11/site-packages/decorator.py", line 235, in fun
    return caller(func, *(extras + args), **kw)
           ^^^^^^^^^^^^^^^^^^^^^^^^^^^^^^^^^^^^
  File "/home/trplbmyi/virtualenv/domains/trpl7b.my.id/public_html/paru/3.11/lib/python3.11/site-packages/librosa/util/decorators.py", line 59, in __wrapper
    return func(*args, **kwargs)
           ^^^^^^^^^^^^^^^^^^^^^
  File "/home/trplbmyi/virtualenv/domains/trpl7b.my.id/public_html/paru/3.11/lib/python3.11/site-packages/librosa/core/audio.py", line 239, in __audioread_load
    reader = audioread.audio_open(path)
             ^^^^^^^^^^^^^^^^^^^^^^^^^^
  File "/home/trplbmyi/virtualenv/domains/trpl7b.my.id/public_html/paru/3.11/lib/python3.11/site-packages/audioread/__init__.py", line 132, in audio_open
    raise NoBackendError()
audioread.exceptions.NoBackendError

--- MASUK ENDPOINT /predict ---
File disimpan di: /home/trplbmyi/domains/trpl7b.my.id/public_html/paru/uploads/e70efea1-b393-4670-a625-8d06e4361ae2.wav
--- ERROR ---
Traceback (most recent call last):
  File "/home/trplbmyi/virtualenv/domains/trpl7b.my.id/public_html/paru/3.11/lib/python3.11/site-packages/librosa/core/audio.py", line 175, in load
    y, sr_native = __soundfile_load(path, offset, duration, dtype)
                   ^^^^^^^^^^^^^^^^^^^^^^^^^^^^^^^^^^^^^^^^^^^^^^^
  File "/home/trplbmyi/virtualenv/domains/trpl7b.my.id/public_html/paru/3.11/lib/python3.11/site-packages/librosa/core/audio.py", line 208, in __soundfile_load
    context = sf.SoundFile(path)
              ^^^^^^^^^^^^^^^^^^
  File "/home/trplbmyi/virtualenv/domains/trpl7b.my.id/public_html/paru/3.11/lib/python3.11/site-packages/soundfile.py", line 658, in __init__
    self._file = self._open(file, mode_int, closefd)
                 ^^^^^^^^^^^^^^^^^^^^^^^^^^^^^^^^^^^
  File "/home/trplbmyi/virtualenv/domains/trpl7b.my.id/public_html/paru/3.11/lib/python3.11/site-packages/soundfile.py", line 1216, in _open
    raise LibsndfileError(err, prefix="Error opening {0!r}: ".format(self.name))
soundfile.LibsndfileError: Error opening '/home/trplbmyi/domains/trpl7b.my.id/public_html/paru/uploads/e70efea1-b393-4670-a625-8d06e4361ae2.wav': Format not recognised.

During handling of the above exception, another exception occurred:

Traceback (most recent call last):
  File "app.py", line 53, in predict
    y, sr = librosa.load(filepath, sr=22050)
            ^^^^^^^^^^^^^^^^^^^^^^^^^^^^^^^^
  File "/home/trplbmyi/virtualenv/domains/trpl7b.my.id/public_html/paru/3.11/lib/python3.11/site-packages/librosa/core/audio.py", line 183, in load
    y, sr_native = __audioread_load(path, offset, duration, dtype)
                   ^^^^^^^^^^^^^^^^^^^^^^^^^^^^^^^^^^^^^^^^^^^^^^^
  File "/home/trplbmyi/virtualenv/domains/trpl7b.my.id/public_html/paru/3.11/lib/python3.11/site-packages/decorator.py", line 235, in fun
    return caller(func, *(extras + args), **kw)
           ^^^^^^^^^^^^^^^^^^^^^^^^^^^^^^^^^^^^
  File "/home/trplbmyi/virtualenv/domains/trpl7b.my.id/public_html/paru/3.11/lib/python3.11/site-packages/librosa/util/decorators.py", line 59, in __wrapper
    return func(*args, **kwargs)
           ^^^^^^^^^^^^^^^^^^^^^
  File "/home/trplbmyi/virtualenv/domains/trpl7b.my.id/public_html/paru/3.11/lib/python3.11/site-packages/librosa/core/audio.py", line 239, in __audioread_load
    reader = audioread.audio_open(path)
             ^^^^^^^^^^^^^^^^^^^^^^^^^^
  File "/home/trplbmyi/virtualenv/domains/trpl7b.my.id/public_html/paru/3.11/lib/python3.11/site-packages/audioread/__init__.py", line 132, in audio_open
    raise NoBackendError()
audioread.exceptions.NoBackendError

--- MASUK ENDPOINT /predict ---
File disimpan di: /home/trplbmyi/domains/trpl7b.my.id/public_html/paru/uploads/0cb57c85-f55d-4667-91ff-8f93989eba42.wav
--- MASUK ENDPOINT /predict ---
File disimpan di: /home/trplbmyi/domains/trpl7b.my.id/public_html/paru/uploads/0cb57c85-f55d-4667-91ff-8f93989eba42.wav
--- MASUK ENDPOINT /predict ---
File disimpan di: /home/trplbmyi/domains/trpl7b.my.id/public_html/paru/uploads/0cb57c85-f55d-4667-91ff-8f93989eba42.wav
--- MASUK ENDPOINT /predict ---
File disimpan di: /home/trplbmyi/domains/trpl7b.my.id/public_html/paru/uploads/0b55a094-52e3-4988-a436-5da9c1379303.wav
--- MASUK ENDPOINT /predict ---
File disimpan di: /home/trplbmyi/domains/trpl7b.my.id/public_html/paru/uploads/0b55a094-52e3-4988-a436-5da9c1379303.wav
--- MASUK ENDPOINT /predict ---
--- MASUK ENDPOINT /predict ---
--- MASUK ENDPOINT /predict ---
--- MASUK ENDPOINT /predict ---
--- MASUK ENDPOINT /predict ---
--- ERROR ---
Traceback (most recent call last):
  File "app.py", line 38, in predict
    if 'file' not in request.files:
                     ^^^^^^^^^^^^^
  File "/home/trplbmyi/virtualenv/domains/trpl7b.my.id/public_html/paru/3.11/lib/python3.11/site-packages/werkzeug/utils.py", line 107, in __get__
    value = self.fget(obj)  # type: ignore
            ^^^^^^^^^^^^^^
  File "/home/trplbmyi/virtualenv/domains/trpl7b.my.id/public_html/paru/3.11/lib/python3.11/site-packages/werkzeug/wrappers/request.py", line 497, in files
    self._load_form_data()
  File "/home/trplbmyi/virtualenv/domains/trpl7b.my.id/public_html/paru/3.11/lib/python3.11/site-packages/flask/wrappers.py", line 112, in _load_form_data
    super()._load_form_data()
  File "/home/trplbmyi/virtualenv/domains/trpl7b.my.id/public_html/paru/3.11/lib/python3.11/site-packages/werkzeug/wrappers/request.py", line 271, in _load_form_data
    data = parser.parse(
           ^^^^^^^^^^^^^
  File "/home/trplbmyi/virtualenv/domains/trpl7b.my.id/public_html/paru/3.11/lib/python3.11/site-packages/werkzeug/formparser.py", line 242, in parse
    return parse_func(stream, mimetype, content_length, options)
           ^^^^^^^^^^^^^^^^^^^^^^^^^^^^^^^^^^^^^^^^^^^^^^^^^^^^^
  File "/home/trplbmyi/virtualenv/domains/trpl7b.my.id/public_html/paru/3.11/lib/python3.11/site-packages/werkzeug/formparser.py", line 267, in _parse_multipart
    form, files = parser.parse(stream, boundary, content_length)
                  ^^^^^^^^^^^^^^^^^^^^^^^^^^^^^^^^^^^^^^^^^^^^^^
  File "/home/trplbmyi/virtualenv/domains/trpl7b.my.id/public_html/paru/3.11/lib/python3.11/site-packages/werkzeug/formparser.py", line 368, in parse
    for data in _chunk_iter(stream.read, self.buffer_size):
  File "/home/trplbmyi/virtualenv/domains/trpl7b.my.id/public_html/paru/3.11/lib/python3.11/site-packages/werkzeug/formparser.py", line 423, in _chunk_iter
    data = read(size)
           ^^^^^^^^^^
  File "/home/trplbmyi/virtualenv/domains/trpl7b.my.id/public_html/paru/3.11/lib/python3.11/site-packages/werkzeug/wsgi.py", line 552, in readinto
    data = self._stream.read(min(size, remaining))
           ^^^^^^^^^^^^^^^^^^^^^^^^^^^^^^^^^^^^^^^
SystemError: <method 'read' of 'lsapi_wsgi.InputStream' objects> returned NULL without setting an exception

--- ERROR ---
Traceback (most recent call last):
  File "app.py", line 38, in predict
    if 'file' not in request.files:
                     ^^^^^^^^^^^^^
  File "/home/trplbmyi/virtualenv/domains/trpl7b.my.id/public_html/paru/3.11/lib/python3.11/site-packages/werkzeug/utils.py", line 107, in __get__
    value = self.fget(obj)  # type: ignore
            ^^^^^^^^^^^^^^
  File "/home/trplbmyi/virtualenv/domains/trpl7b.my.id/public_html/paru/3.11/lib/python3.11/site-packages/werkzeug/wrappers/request.py", line 497, in files
    self._load_form_data()
  File "/home/trplbmyi/virtualenv/domains/trpl7b.my.id/public_html/paru/3.11/lib/python3.11/site-packages/flask/wrappers.py", line 112, in _load_form_data
    super()._load_form_data()
  File "/home/trplbmyi/virtualenv/domains/trpl7b.my.id/public_html/paru/3.11/lib/python3.11/site-packages/werkzeug/wrappers/request.py", line 271, in _load_form_data
    data = parser.parse(
           ^^^^^^^^^^^^^
  File "/home/trplbmyi/virtualenv/domains/trpl7b.my.id/public_html/paru/3.11/lib/python3.11/site-packages/werkzeug/formparser.py", line 242, in parse
    return parse_func(stream, mimetype, content_length, options)
           ^^^^^^^^^^^^^^^^^^^^^^^^^^^^^^^^^^^^^^^^^^^^^^^^^^^^^
  File "/home/trplbmyi/virtualenv/domains/trpl7b.my.id/public_html/paru/3.11/lib/python3.11/site-packages/werkzeug/formparser.py", line 267, in _parse_multipart
    form, files = parser.parse(stream, boundary, content_length)
                  ^^^^^^^^^^^^^^^^^^^^^^^^^^^^^^^^^^^^^^^^^^^^^^
  File "/home/trplbmyi/virtualenv/domains/trpl7b.my.id/public_html/paru/3.11/lib/python3.11/site-packages/werkzeug/formparser.py", line 368, in parse
    for data in _chunk_iter(stream.read, self.buffer_size):
  File "/home/trplbmyi/virtualenv/domains/trpl7b.my.id/public_html/paru/3.11/lib/python3.11/site-packages/werkzeug/formparser.py", line 423, in _chunk_iter
    data = read(size)
           ^^^^^^^^^^
  File "/home/trplbmyi/virtualenv/domains/trpl7b.my.id/public_html/paru/3.11/lib/python3.11/site-packages/werkzeug/wsgi.py", line 552, in readinto
    data = self._stream.read(min(size, remaining))
           ^^^^^^^^^^^^^^^^^^^^^^^^^^^^^^^^^^^^^^^
SystemError: <method 'read' of 'lsapi_wsgi.InputStream' objects> returned NULL without setting an exception

--- ERROR ---
Traceback (most recent call last):
  File "app.py", line 38, in predict
    if 'file' not in request.files:
                     ^^^^^^^^^^^^^
  File "/home/trplbmyi/virtualenv/domains/trpl7b.my.id/public_html/paru/3.11/lib/python3.11/site-packages/werkzeug/utils.py", line 107, in __get__
    value = self.fget(obj)  # type: ignore
            ^^^^^^^^^^^^^^
  File "/home/trplbmyi/virtualenv/domains/trpl7b.my.id/public_html/paru/3.11/lib/python3.11/site-packages/werkzeug/wrappers/request.py", line 497, in files
    self._load_form_data()
  File "/home/trplbmyi/virtualenv/domains/trpl7b.my.id/public_html/paru/3.11/lib/python3.11/site-packages/flask/wrappers.py", line 112, in _load_form_data
    super()._load_form_data()
  File "/home/trplbmyi/virtualenv/domains/trpl7b.my.id/public_html/paru/3.11/lib/python3.11/site-packages/werkzeug/wrappers/request.py", line 271, in _load_form_data
    data = parser.parse(
           ^^^^^^^^^^^^^
  File "/home/trplbmyi/virtualenv/domains/trpl7b.my.id/public_html/paru/3.11/lib/python3.11/site-packages/werkzeug/formparser.py", line 242, in parse
    return parse_func(stream, mimetype, content_length, options)
           ^^^^^^^^^^^^^^^^^^^^^^^^^^^^^^^^^^^^^^^^^^^^^^^^^^^^^
  File "/home/trplbmyi/virtualenv/domains/trpl7b.my.id/public_html/paru/3.11/lib/python3.11/site-packages/werkzeug/formparser.py", line 267, in _parse_multipart
    form, files = parser.parse(stream, boundary, content_length)
                  ^^^^^^^^^^^^^^^^^^^^^^^^^^^^^^^^^^^^^^^^^^^^^^
  File "/home/trplbmyi/virtualenv/domains/trpl7b.my.id/public_html/paru/3.11/lib/python3.11/site-packages/werkzeug/formparser.py", line 368, in parse
    for data in _chunk_iter(stream.read, self.buffer_size):
  File "/home/trplbmyi/virtualenv/domains/trpl7b.my.id/public_html/paru/3.11/lib/python3.11/site-packages/werkzeug/formparser.py", line 423, in _chunk_iter
    data = read(size)
           ^^^^^^^^^^
  File "/home/trplbmyi/virtualenv/domains/trpl7b.my.id/public_html/paru/3.11/lib/python3.11/site-packages/werkzeug/wsgi.py", line 552, in readinto
    data = self._stream.read(min(size, remaining))
           ^^^^^^^^^^^^^^^^^^^^^^^^^^^^^^^^^^^^^^^
SystemError: <method 'read' of 'lsapi_wsgi.InputStream' objects> returned NULL without setting an exception

--- ERROR ---
Traceback (most recent call last):
  File "app.py", line 38, in predict
    if 'file' not in request.files:
                     ^^^^^^^^^^^^^
  File "/home/trplbmyi/virtualenv/domains/trpl7b.my.id/public_html/paru/3.11/lib/python3.11/site-packages/werkzeug/utils.py", line 107, in __get__
    value = self.fget(obj)  # type: ignore
            ^^^^^^^^^^^^^^
  File "/home/trplbmyi/virtualenv/domains/trpl7b.my.id/public_html/paru/3.11/lib/python3.11/site-packages/werkzeug/wrappers/request.py", line 497, in files
    self._load_form_data()
  File "/home/trplbmyi/virtualenv/domains/trpl7b.my.id/public_html/paru/3.11/lib/python3.11/site-packages/flask/wrappers.py", line 112, in _load_form_data
    super()._load_form_data()
  File "/home/trplbmyi/virtualenv/domains/trpl7b.my.id/public_html/paru/3.11/lib/python3.11/site-packages/werkzeug/wrappers/request.py", line 271, in _load_form_data
    data = parser.parse(
           ^^^^^^^^^^^^^
  File "/home/trplbmyi/virtualenv/domains/trpl7b.my.id/public_html/paru/3.11/lib/python3.11/site-packages/werkzeug/formparser.py", line 242, in parse
    return parse_func(stream, mimetype, content_length, options)
           ^^^^^^^^^^^^^^^^^^^^^^^^^^^^^^^^^^^^^^^^^^^^^^^^^^^^^
  File "/home/trplbmyi/virtualenv/domains/trpl7b.my.id/public_html/paru/3.11/lib/python3.11/site-packages/werkzeug/formparser.py", line 267, in _parse_multipart
    form, files = parser.parse(stream, boundary, content_length)
                  ^^^^^^^^^^^^^^^^^^^^^^^^^^^^^^^^^^^^^^^^^^^^^^
  File "/home/trplbmyi/virtualenv/domains/trpl7b.my.id/public_html/paru/3.11/lib/python3.11/site-packages/werkzeug/formparser.py", line 368, in parse
    for data in _chunk_iter(stream.read, self.buffer_size):
  File "/home/trplbmyi/virtualenv/domains/trpl7b.my.id/public_html/paru/3.11/lib/python3.11/site-packages/werkzeug/formparser.py", line 423, in _chunk_iter
    data = read(size)
           ^^^^^^^^^^
  File "/home/trplbmyi/virtualenv/domains/trpl7b.my.id/public_html/paru/3.11/lib/python3.11/site-packages/werkzeug/wsgi.py", line 552, in readinto
    data = self._stream.read(min(size, remaining))
           ^^^^^^^^^^^^^^^^^^^^^^^^^^^^^^^^^^^^^^^
SystemError: <method 'read' of 'lsapi_wsgi.InputStream' objects> returned NULL without setting an exception

File disimpan di: /home/trplbmyi/domains/trpl7b.my.id/public_html/paru/uploads/rekaman.wav
--- MASUK ENDPOINT /predict ---
File disimpan di: /home/trplbmyi/domains/trpl7b.my.id/public_html/paru/uploads/rekaman.wav
MFCC shape: (1, 13)
--- MASUK ENDPOINT /predict ---
File disimpan di: /home/trplbmyi/domains/trpl7b.my.id/public_html/paru/uploads/rekaman.wav
MFCC shape: (1, 13)
--- MASUK ENDPOINT /predict ---
File disimpan di: /home/trplbmyi/domains/trpl7b.my.id/public_html/paru/uploads/rekaman.wav
MFCC shape: (1, 13)
--- MASUK ENDPOINT /predict ---
File disimpan di: /home/trplbmyi/domains/trpl7b.my.id/public_html/paru/uploads/rekaman.wav
MFCC shape: (1, 13)
--- MASUK ENDPOINT /predict ---
File disimpan di: /home/trplbmyi/domains/trpl7b.my.id/public_html/paru/uploads/rekaman.wav
MFCC shape: (1, 13)
--- MASUK ENDPOINT /predict ---
File disimpan di: /home/trplbmyi/domains/trpl7b.my.id/public_html/paru/uploads/rekaman.wav
MFCC shape: (1, 13)
--- MASUK ENDPOINT /predict ---
File disimpan di: /home/trplbmyi/domains/trpl7b.my.id/public_html/paru/uploads/rekaman.wav
MFCC shape: (1, 13)
--- MASUK ENDPOINT /predict ---
File disimpan di: /home/trplbmyi/domains/trpl7b.my.id/public_html/paru/uploads/rekaman.wav
MFCC shape: (1, 13)
--- MASUK ENDPOINT /predict ---
--- MASUK ENDPOINT /predict ---
File disimpan di: /home/trplbmyi/domains/trpl7b.my.id/public_html/paru/uploads/rekaman.wav
MFCC shape: (1, 13)
--- MASUK ENDPOINT /predict ---
File disimpan di: /home/trplbmyi/domains/trpl7b.my.id/public_html/paru/uploads/rekaman.wav
MFCC shape: (1, 13)
--- MASUK ENDPOINT /predict ---
File disimpan di: /home/trplbmyi/domains/trpl7b.my.id/public_html/paru/uploads/rekaman.wav
MFCC shape: (1, 13)
--- MASUK ENDPOINT /predict ---
File disimpan di: /home/trplbmyi/domains/trpl7b.my.id/public_html/paru/uploads/rekaman.wav
MFCC shape: (1, 13)
--- MASUK ENDPOINT /predict ---
File disimpan di: /home/trplbmyi/domains/trpl7b.my.id/public_html/paru/uploads/rekaman.wav
MFCC shape: (1, 13)
--- MASUK ENDPOINT /predict ---
File disimpan di: /home/trplbmyi/domains/trpl7b.my.id/public_html/paru/uploads/rekaman.wav
MFCC shape: (1, 13)
--- MASUK ENDPOINT /predict ---
File disimpan di: /home/trplbmyi/domains/trpl7b.my.id/public_html/paru/uploads/rekaman.wav
MFCC shape: (1, 13)
--- MASUK ENDPOINT /predict ---
File disimpan di: /home/trplbmyi/domains/trpl7b.my.id/public_html/paru/uploads/rekaman.wav
MFCC shape: (1, 13)
--- MASUK ENDPOINT /predict ---
File disimpan di: /home/trplbmyi/domains/trpl7b.my.id/public_html/paru/uploads/rekaman.wav
MFCC shape: (1, 13)
--- MASUK ENDPOINT /predict ---
File disimpan di: /home/trplbmyi/domains/trpl7b.my.id/public_html/paru/uploads/rekaman.wav
--- MASUK ENDPOINT /predict ---
--- MASUK ENDPOINT /predict ---
--- ERROR ---
Traceback (most recent call last):
  File "app.py", line 38, in predict
    if 'file' not in request.files:
                     ^^^^^^^^^^^^^
  File "/home/trplbmyi/virtualenv/domains/trpl7b.my.id/public_html/paru/3.11/lib/python3.11/site-packages/werkzeug/utils.py", line 107, in __get__
    value = self.fget(obj)  # type: ignore
            ^^^^^^^^^^^^^^
  File "/home/trplbmyi/virtualenv/domains/trpl7b.my.id/public_html/paru/3.11/lib/python3.11/site-packages/werkzeug/wrappers/request.py", line 497, in files
    self._load_form_data()
  File "/home/trplbmyi/virtualenv/domains/trpl7b.my.id/public_html/paru/3.11/lib/python3.11/site-packages/flask/wrappers.py", line 112, in _load_form_data
    super()._load_form_data()
  File "/home/trplbmyi/virtualenv/domains/trpl7b.my.id/public_html/paru/3.11/lib/python3.11/site-packages/werkzeug/wrappers/request.py", line 271, in _load_form_data
    data = parser.parse(
           ^^^^^^^^^^^^^
  File "/home/trplbmyi/virtualenv/domains/trpl7b.my.id/public_html/paru/3.11/lib/python3.11/site-packages/werkzeug/formparser.py", line 242, in parse
    return parse_func(stream, mimetype, content_length, options)
           ^^^^^^^^^^^^^^^^^^^^^^^^^^^^^^^^^^^^^^^^^^^^^^^^^^^^^
  File "/home/trplbmyi/virtualenv/domains/trpl7b.my.id/public_html/paru/3.11/lib/python3.11/site-packages/werkzeug/formparser.py", line 267, in _parse_multipart
    form, files = parser.parse(stream, boundary, content_length)
                  ^^^^^^^^^^^^^^^^^^^^^^^^^^^^^^^^^^^^^^^^^^^^^^
  File "/home/trplbmyi/virtualenv/domains/trpl7b.my.id/public_html/paru/3.11/lib/python3.11/site-packages/werkzeug/formparser.py", line 368, in parse
    for data in _chunk_iter(stream.read, self.buffer_size):
  File "/home/trplbmyi/virtualenv/domains/trpl7b.my.id/public_html/paru/3.11/lib/python3.11/site-packages/werkzeug/formparser.py", line 423, in _chunk_iter
    data = read(size)
           ^^^^^^^^^^
  File "/home/trplbmyi/virtualenv/domains/trpl7b.my.id/public_html/paru/3.11/lib/python3.11/site-packages/werkzeug/wsgi.py", line 552, in readinto
    data = self._stream.read(min(size, remaining))
           ^^^^^^^^^^^^^^^^^^^^^^^^^^^^^^^^^^^^^^^
SystemError: <method 'read' of 'lsapi_wsgi.InputStream' objects> returned NULL without setting an exception

File disimpan di: /home/trplbmyi/domains/trpl7b.my.id/public_html/paru/uploads/rekaman.wav
--- MASUK ENDPOINT /predict ---
File disimpan di: /home/trplbmyi/domains/trpl7b.my.id/public_html/paru/uploads/rekaman.wav
MFCC shape: (1, 13)
--- MASUK ENDPOINT /predict ---
File disimpan di: /home/trplbmyi/domains/trpl7b.my.id/public_html/paru/uploads/rekaman.wav
MFCC shape: (1, 13)
--- MASUK ENDPOINT /predict ---
File disimpan di: /home/trplbmyi/domains/trpl7b.my.id/public_html/paru/uploads/rekaman.wav
MFCC shape: (1, 13)
--- MASUK ENDPOINT /predict ---
--- ERROR ---
Traceback (most recent call last):
  File "app.py", line 38, in predict
    if 'file' not in request.files:
                     ^^^^^^^^^^^^^
  File "/home/trplbmyi/virtualenv/domains/trpl7b.my.id/public_html/paru/3.11/lib/python3.11/site-packages/werkzeug/utils.py", line 107, in __get__
    value = self.fget(obj)  # type: ignore
            ^^^^^^^^^^^^^^
  File "/home/trplbmyi/virtualenv/domains/trpl7b.my.id/public_html/paru/3.11/lib/python3.11/site-packages/werkzeug/wrappers/request.py", line 497, in files
    self._load_form_data()
  File "/home/trplbmyi/virtualenv/domains/trpl7b.my.id/public_html/paru/3.11/lib/python3.11/site-packages/flask/wrappers.py", line 112, in _load_form_data
    super()._load_form_data()
  File "/home/trplbmyi/virtualenv/domains/trpl7b.my.id/public_html/paru/3.11/lib/python3.11/site-packages/werkzeug/wrappers/request.py", line 271, in _load_form_data
    data = parser.parse(
           ^^^^^^^^^^^^^
  File "/home/trplbmyi/virtualenv/domains/trpl7b.my.id/public_html/paru/3.11/lib/python3.11/site-packages/werkzeug/formparser.py", line 242, in parse
    return parse_func(stream, mimetype, content_length, options)
           ^^^^^^^^^^^^^^^^^^^^^^^^^^^^^^^^^^^^^^^^^^^^^^^^^^^^^
  File "/home/trplbmyi/virtualenv/domains/trpl7b.my.id/public_html/paru/3.11/lib/python3.11/site-packages/werkzeug/formparser.py", line 267, in _parse_multipart
    form, files = parser.parse(stream, boundary, content_length)
                  ^^^^^^^^^^^^^^^^^^^^^^^^^^^^^^^^^^^^^^^^^^^^^^
  File "/home/trplbmyi/virtualenv/domains/trpl7b.my.id/public_html/paru/3.11/lib/python3.11/site-packages/werkzeug/formparser.py", line 368, in parse
    for data in _chunk_iter(stream.read, self.buffer_size):
  File "/home/trplbmyi/virtualenv/domains/trpl7b.my.id/public_html/paru/3.11/lib/python3.11/site-packages/werkzeug/formparser.py", line 423, in _chunk_iter
    data = read(size)
           ^^^^^^^^^^
  File "/home/trplbmyi/virtualenv/domains/trpl7b.my.id/public_html/paru/3.11/lib/python3.11/site-packages/werkzeug/wsgi.py", line 552, in readinto
    data = self._stream.read(min(size, remaining))
           ^^^^^^^^^^^^^^^^^^^^^^^^^^^^^^^^^^^^^^^
SystemError: <method 'read' of 'lsapi_wsgi.InputStream' objects> returned NULL without setting an exception

--- MASUK ENDPOINT /predict ---
File disimpan di: /home/trplbmyi/domains/trpl7b.my.id/public_html/paru/uploads/rekaman.wav
--- MASUK ENDPOINT /predict ---
File disimpan di: /home/trplbmyi/domains/trpl7b.my.id/public_html/paru/uploads/rekaman.wav
MFCC shape: (1, 13)
--- MASUK ENDPOINT /predict ---
File disimpan di: /home/trplbmyi/domains/trpl7b.my.id/public_html/paru/uploads/rekaman.wav
MFCC shape: (1, 13)
--- MASUK ENDPOINT /predict ---
--- MASUK ENDPOINT /predict ---
--- MASUK ENDPOINT /predict ---
--- ERROR ---
Traceback (most recent call last):
  File "app.py", line 38, in predict
    if 'file' not in request.files:
                     ^^^^^^^^^^^^^
  File "/home/trplbmyi/virtualenv/domains/trpl7b.my.id/public_html/paru/3.11/lib/python3.11/site-packages/werkzeug/utils.py", line 107, in __get__
    value = self.fget(obj)  # type: ignore
            ^^^^^^^^^^^^^^
  File "/home/trplbmyi/virtualenv/domains/trpl7b.my.id/public_html/paru/3.11/lib/python3.11/site-packages/werkzeug/wrappers/request.py", line 497, in files
    self._load_form_data()
  File "/home/trplbmyi/virtualenv/domains/trpl7b.my.id/public_html/paru/3.11/lib/python3.11/site-packages/flask/wrappers.py", line 112, in _load_form_data
    super()._load_form_data()
  File "/home/trplbmyi/virtualenv/domains/trpl7b.my.id/public_html/paru/3.11/lib/python3.11/site-packages/werkzeug/wrappers/request.py", line 271, in _load_form_data
    data = parser.parse(
           ^^^^^^^^^^^^^
  File "/home/trplbmyi/virtualenv/domains/trpl7b.my.id/public_html/paru/3.11/lib/python3.11/site-packages/werkzeug/formparser.py", line 242, in parse
    return parse_func(stream, mimetype, content_length, options)
           ^^^^^^^^^^^^^^^^^^^^^^^^^^^^^^^^^^^^^^^^^^^^^^^^^^^^^
  File "/home/trplbmyi/virtualenv/domains/trpl7b.my.id/public_html/paru/3.11/lib/python3.11/site-packages/werkzeug/formparser.py", line 267, in _parse_multipart
    form, files = parser.parse(stream, boundary, content_length)
                  ^^^^^^^^^^^^^^^^^^^^^^^^^^^^^^^^^^^^^^^^^^^^^^
  File "/home/trplbmyi/virtualenv/domains/trpl7b.my.id/public_html/paru/3.11/lib/python3.11/site-packages/werkzeug/formparser.py", line 368, in parse
    for data in _chunk_iter(stream.read, self.buffer_size):
  File "/home/trplbmyi/virtualenv/domains/trpl7b.my.id/public_html/paru/3.11/lib/python3.11/site-packages/werkzeug/formparser.py", line 423, in _chunk_iter
    data = read(size)
           ^^^^^^^^^^
  File "/home/trplbmyi/virtualenv/domains/trpl7b.my.id/public_html/paru/3.11/lib/python3.11/site-packages/werkzeug/wsgi.py", line 552, in readinto
    data = self._stream.read(min(size, remaining))
           ^^^^^^^^^^^^^^^^^^^^^^^^^^^^^^^^^^^^^^^
SystemError: <method 'read' of 'lsapi_wsgi.InputStream' objects> returned NULL without setting an exception

--- ERROR ---
Traceback (most recent call last):
  File "app.py", line 38, in predict
    if 'file' not in request.files:
                     ^^^^^^^^^^^^^
  File "/home/trplbmyi/virtualenv/domains/trpl7b.my.id/public_html/paru/3.11/lib/python3.11/site-packages/werkzeug/utils.py", line 107, in __get__
    value = self.fget(obj)  # type: ignore
            ^^^^^^^^^^^^^^
  File "/home/trplbmyi/virtualenv/domains/trpl7b.my.id/public_html/paru/3.11/lib/python3.11/site-packages/werkzeug/wrappers/request.py", line 497, in files
    self._load_form_data()
  File "/home/trplbmyi/virtualenv/domains/trpl7b.my.id/public_html/paru/3.11/lib/python3.11/site-packages/flask/wrappers.py", line 112, in _load_form_data
    super()._load_form_data()
  File "/home/trplbmyi/virtualenv/domains/trpl7b.my.id/public_html/paru/3.11/lib/python3.11/site-packages/werkzeug/wrappers/request.py", line 271, in _load_form_data
    data = parser.parse(
           ^^^^^^^^^^^^^
  File "/home/trplbmyi/virtualenv/domains/trpl7b.my.id/public_html/paru/3.11/lib/python3.11/site-packages/werkzeug/formparser.py", line 242, in parse
    return parse_func(stream, mimetype, content_length, options)
           ^^^^^^^^^^^^^^^^^^^^^^^^^^^^^^^^^^^^^^^^^^^^^^^^^^^^^
  File "/home/trplbmyi/virtualenv/domains/trpl7b.my.id/public_html/paru/3.11/lib/python3.11/site-packages/werkzeug/formparser.py", line 267, in _parse_multipart
    form, files = parser.parse(stream, boundary, content_length)
                  ^^^^^^^^^^^^^^^^^^^^^^^^^^^^^^^^^^^^^^^^^^^^^^
  File "/home/trplbmyi/virtualenv/domains/trpl7b.my.id/public_html/paru/3.11/lib/python3.11/site-packages/werkzeug/formparser.py", line 368, in parse
    for data in _chunk_iter(stream.read, self.buffer_size):
  File "/home/trplbmyi/virtualenv/domains/trpl7b.my.id/public_html/paru/3.11/lib/python3.11/site-packages/werkzeug/formparser.py", line 423, in _chunk_iter
    data = read(size)
           ^^^^^^^^^^
  File "/home/trplbmyi/virtualenv/domains/trpl7b.my.id/public_html/paru/3.11/lib/python3.11/site-packages/werkzeug/wsgi.py", line 552, in readinto
    data = self._stream.read(min(size, remaining))
           ^^^^^^^^^^^^^^^^^^^^^^^^^^^^^^^^^^^^^^^
SystemError: <method 'read' of 'lsapi_wsgi.InputStream' objects> returned NULL without setting an exception

File disimpan di: /home/trplbmyi/domains/trpl7b.my.id/public_html/paru/uploads/rekaman.wav
--- MASUK ENDPOINT /predict ---
File disimpan di: /home/trplbmyi/domains/trpl7b.my.id/public_html/paru/uploads/rekaman.wav
--- MASUK ENDPOINT /predict ---
File disimpan di: /home/trplbmyi/domains/trpl7b.my.id/public_html/paru/uploads/rekaman.wav
MFCC shape: (1, 13)
MFCC shape: (1, 13)
--- MASUK ENDPOINT /predict ---
File disimpan di: /home/trplbmyi/domains/trpl7b.my.id/public_html/paru/uploads/rekaman.wav
MFCC shape: (1, 13)
--- MASUK ENDPOINT /predict ---
File disimpan di: /home/trplbmyi/domains/trpl7b.my.id/public_html/paru/uploads/rekaman.wav
MFCC shape: (1, 13)
--- MASUK ENDPOINT /predict ---
File disimpan di: /home/trplbmyi/domains/trpl7b.my.id/public_html/paru/uploads/rekaman.wav
--- MASUK ENDPOINT /predict ---
File disimpan di: /home/trplbmyi/domains/trpl7b.my.id/public_html/paru/uploads/rekaman.wav
--- ERROR ---
Traceback (most recent call last):
  File "/home/trplbmyi/virtualenv/domains/trpl7b.my.id/public_html/paru/3.11/lib/python3.11/site-packages/librosa/core/audio.py", line 175, in load
    y, sr_native = __soundfile_load(path, offset, duration, dtype)
                   ^^^^^^^^^^^^^^^^^^^^^^^^^^^^^^^^^^^^^^^^^^^^^^^
  File "/home/trplbmyi/virtualenv/domains/trpl7b.my.id/public_html/paru/3.11/lib/python3.11/site-packages/librosa/core/audio.py", line 208, in __soundfile_load
    context = sf.SoundFile(path)
              ^^^^^^^^^^^^^^^^^^
  File "/home/trplbmyi/virtualenv/domains/trpl7b.my.id/public_html/paru/3.11/lib/python3.11/site-packages/soundfile.py", line 658, in __init__
    self._file = self._open(file, mode_int, closefd)
                 ^^^^^^^^^^^^^^^^^^^^^^^^^^^^^^^^^^^
  File "/home/trplbmyi/virtualenv/domains/trpl7b.my.id/public_html/paru/3.11/lib/python3.11/site-packages/soundfile.py", line 1216, in _open
    raise LibsndfileError(err, prefix="Error opening {0!r}: ".format(self.name))
soundfile.LibsndfileError: Error opening '/home/trplbmyi/domains/trpl7b.my.id/public_html/paru/uploads/rekaman.wav': Format not recognised.

During handling of the above exception, another exception occurred:

Traceback (most recent call last):
  File "app.py", line 61, in predict
    y, sr = librosa.load(filepath, sr=22050)
            ^^^^^^^^^^^^^^^^^^^^^^^^^^^^^^^^
  File "/home/trplbmyi/virtualenv/domains/trpl7b.my.id/public_html/paru/3.11/lib/python3.11/site-packages/librosa/core/audio.py", line 183, in load
    y, sr_native = __audioread_load(path, offset, duration, dtype)
                   ^^^^^^^^^^^^^^^^^^^^^^^^^^^^^^^^^^^^^^^^^^^^^^^
  File "/home/trplbmyi/virtualenv/domains/trpl7b.my.id/public_html/paru/3.11/lib/python3.11/site-packages/decorator.py", line 235, in fun
    return caller(func, *(extras + args), **kw)
           ^^^^^^^^^^^^^^^^^^^^^^^^^^^^^^^^^^^^
  File "/home/trplbmyi/virtualenv/domains/trpl7b.my.id/public_html/paru/3.11/lib/python3.11/site-packages/librosa/util/decorators.py", line 59, in __wrapper
    return func(*args, **kwargs)
           ^^^^^^^^^^^^^^^^^^^^^
  File "/home/trplbmyi/virtualenv/domains/trpl7b.my.id/public_html/paru/3.11/lib/python3.11/site-packages/librosa/core/audio.py", line 239, in __audioread_load
    reader = audioread.audio_open(path)
             ^^^^^^^^^^^^^^^^^^^^^^^^^^
  File "/home/trplbmyi/virtualenv/domains/trpl7b.my.id/public_html/paru/3.11/lib/python3.11/site-packages/audioread/__init__.py", line 127, in audio_open
    return BackendClass(path)
           ^^^^^^^^^^^^^^^^^^
  File "/home/trplbmyi/virtualenv/domains/trpl7b.my.id/public_html/paru/3.11/lib/python3.11/site-packages/audioread/rawread.py", line 62, in __init__
    self._file = aifc.open(self._fh)
                 ^^^^^^^^^^^^^^^^^^^
  File "/opt/alt/python311/lib64/python3.11/aifc.py", line 954, in open
    return Aifc_read(f)
           ^^^^^^^^^^^^
  File "/opt/alt/python311/lib64/python3.11/aifc.py", line 364, in __init__
    self.initfp(f)
  File "/opt/alt/python311/lib64/python3.11/aifc.py", line 320, in initfp
    chunk = Chunk(file)
            ^^^^^^^^^^^
  File "/opt/alt/python311/lib64/python3.11/chunk.py", line 67, in __init__
    raise EOFError
EOFError

--- ERROR ---
Traceback (most recent call last):
  File "/home/trplbmyi/virtualenv/domains/trpl7b.my.id/public_html/paru/3.11/lib/python3.11/site-packages/librosa/core/audio.py", line 175, in load
    y, sr_native = __soundfile_load(path, offset, duration, dtype)
                   ^^^^^^^^^^^^^^^^^^^^^^^^^^^^^^^^^^^^^^^^^^^^^^^
  File "/home/trplbmyi/virtualenv/domains/trpl7b.my.id/public_html/paru/3.11/lib/python3.11/site-packages/librosa/core/audio.py", line 208, in __soundfile_load
    context = sf.SoundFile(path)
              ^^^^^^^^^^^^^^^^^^
  File "/home/trplbmyi/virtualenv/domains/trpl7b.my.id/public_html/paru/3.11/lib/python3.11/site-packages/soundfile.py", line 658, in __init__
    self._file = self._open(file, mode_int, closefd)
                 ^^^^^^^^^^^^^^^^^^^^^^^^^^^^^^^^^^^
  File "/home/trplbmyi/virtualenv/domains/trpl7b.my.id/public_html/paru/3.11/lib/python3.11/site-packages/soundfile.py", line 1216, in _open
    raise LibsndfileError(err, prefix="Error opening {0!r}: ".format(self.name))
soundfile.LibsndfileError: Error opening '/home/trplbmyi/domains/trpl7b.my.id/public_html/paru/uploads/rekaman.wav': System error.

During handling of the above exception, another exception occurred:

Traceback (most recent call last):
  File "app.py", line 61, in predict
    y, sr = librosa.load(filepath, sr=22050)
            ^^^^^^^^^^^^^^^^^^^^^^^^^^^^^^^^
  File "/home/trplbmyi/virtualenv/domains/trpl7b.my.id/public_html/paru/3.11/lib/python3.11/site-packages/librosa/core/audio.py", line 183, in load
    y, sr_native = __audioread_load(path, offset, duration, dtype)
                   ^^^^^^^^^^^^^^^^^^^^^^^^^^^^^^^^^^^^^^^^^^^^^^^
  File "/home/trplbmyi/virtualenv/domains/trpl7b.my.id/public_html/paru/3.11/lib/python3.11/site-packages/decorator.py", line 235, in fun
    return caller(func, *(extras + args), **kw)
           ^^^^^^^^^^^^^^^^^^^^^^^^^^^^^^^^^^^^
  File "/home/trplbmyi/virtualenv/domains/trpl7b.my.id/public_html/paru/3.11/lib/python3.11/site-packages/librosa/util/decorators.py", line 59, in __wrapper
    return func(*args, **kwargs)
           ^^^^^^^^^^^^^^^^^^^^^
  File "/home/trplbmyi/virtualenv/domains/trpl7b.my.id/public_html/paru/3.11/lib/python3.11/site-packages/librosa/core/audio.py", line 239, in __audioread_load
    reader = audioread.audio_open(path)
             ^^^^^^^^^^^^^^^^^^^^^^^^^^
  File "/home/trplbmyi/virtualenv/domains/trpl7b.my.id/public_html/paru/3.11/lib/python3.11/site-packages/audioread/__init__.py", line 127, in audio_open
    return BackendClass(path)
           ^^^^^^^^^^^^^^^^^^
  File "/home/trplbmyi/virtualenv/domains/trpl7b.my.id/public_html/paru/3.11/lib/python3.11/site-packages/audioread/rawread.py", line 59, in __init__
    self._fh = open(filename, 'rb')
               ^^^^^^^^^^^^^^^^^^^^
FileNotFoundError: [Errno 2] No such file or directory: '/home/trplbmyi/domains/trpl7b.my.id/public_html/paru/uploads/rekaman.wav'

--- MASUK ENDPOINT /predict ---
File disimpan di: /home/trplbmyi/domains/trpl7b.my.id/public_html/paru/uploads/rekaman.wav
MFCC shape: (1, 13)
--- MASUK ENDPOINT /predict ---
--- MASUK ENDPOINT /predict ---
--- MASUK ENDPOINT /predict ---
--- MASUK ENDPOINT /predict ---
--- ERROR ---
Traceback (most recent call last):
  File "app.py", line 46, in predict
    if 'file' not in request.files:
                     ^^^^^^^^^^^^^
  File "/home/trplbmyi/virtualenv/domains/trpl7b.my.id/public_html/paru/3.11/lib/python3.11/site-packages/werkzeug/utils.py", line 107, in __get__
    value = self.fget(obj)  # type: ignore
            ^^^^^^^^^^^^^^
  File "/home/trplbmyi/virtualenv/domains/trpl7b.my.id/public_html/paru/3.11/lib/python3.11/site-packages/werkzeug/wrappers/request.py", line 497, in files
    self._load_form_data()
  File "/home/trplbmyi/virtualenv/domains/trpl7b.my.id/public_html/paru/3.11/lib/python3.11/site-packages/flask/wrappers.py", line 112, in _load_form_data
    super()._load_form_data()
  File "/home/trplbmyi/virtualenv/domains/trpl7b.my.id/public_html/paru/3.11/lib/python3.11/site-packages/werkzeug/wrappers/request.py", line 271, in _load_form_data
    data = parser.parse(
           ^^^^^^^^^^^^^
  File "/home/trplbmyi/virtualenv/domains/trpl7b.my.id/public_html/paru/3.11/lib/python3.11/site-packages/werkzeug/formparser.py", line 242, in parse
    return parse_func(stream, mimetype, content_length, options)
           ^^^^^^^^^^^^^^^^^^^^^^^^^^^^^^^^^^^^^^^^^^^^^^^^^^^^^
  File "/home/trplbmyi/virtualenv/domains/trpl7b.my.id/public_html/paru/3.11/lib/python3.11/site-packages/werkzeug/formparser.py", line 267, in _parse_multipart
    form, files = parser.parse(stream, boundary, content_length)
                  ^^^^^^^^^^^^^^^^^^^^^^^^^^^^^^^^^^^^^^^^^^^^^^
  File "/home/trplbmyi/virtualenv/domains/trpl7b.my.id/public_html/paru/3.11/lib/python3.11/site-packages/werkzeug/formparser.py", line 368, in parse
    for data in _chunk_iter(stream.read, self.buffer_size):
  File "/home/trplbmyi/virtualenv/domains/trpl7b.my.id/public_html/paru/3.11/lib/python3.11/site-packages/werkzeug/formparser.py", line 423, in _chunk_iter
    data = read(size)
           ^^^^^^^^^^
  File "/home/trplbmyi/virtualenv/domains/trpl7b.my.id/public_html/paru/3.11/lib/python3.11/site-packages/werkzeug/wsgi.py", line 552, in readinto
    data = self._stream.read(min(size, remaining))
           ^^^^^^^^^^^^^^^^^^^^^^^^^^^^^^^^^^^^^^^
SystemError: <method 'read' of 'lsapi_wsgi.InputStream' objects> returned NULL without setting an exception

--- ERROR ---
Traceback (most recent call last):
  File "app.py", line 46, in predict
    if 'file' not in request.files:
                     ^^^^^^^^^^^^^
  File "/home/trplbmyi/virtualenv/domains/trpl7b.my.id/public_html/paru/3.11/lib/python3.11/site-packages/werkzeug/utils.py", line 107, in __get__
    value = self.fget(obj)  # type: ignore
            ^^^^^^^^^^^^^^
  File "/home/trplbmyi/virtualenv/domains/trpl7b.my.id/public_html/paru/3.11/lib/python3.11/site-packages/werkzeug/wrappers/request.py", line 497, in files
    self._load_form_data()
  File "/home/trplbmyi/virtualenv/domains/trpl7b.my.id/public_html/paru/3.11/lib/python3.11/site-packages/flask/wrappers.py", line 112, in _load_form_data
    super()._load_form_data()
  File "/home/trplbmyi/virtualenv/domains/trpl7b.my.id/public_html/paru/3.11/lib/python3.11/site-packages/werkzeug/wrappers/request.py", line 271, in _load_form_data
    data = parser.parse(
           ^^^^^^^^^^^^^
  File "/home/trplbmyi/virtualenv/domains/trpl7b.my.id/public_html/paru/3.11/lib/python3.11/site-packages/werkzeug/formparser.py", line 242, in parse
    return parse_func(stream, mimetype, content_length, options)
           ^^^^^^^^^^^^^^^^^^^^^^^^^^^^^^^^^^^^^^^^^^^^^^^^^^^^^
  File "/home/trplbmyi/virtualenv/domains/trpl7b.my.id/public_html/paru/3.11/lib/python3.11/site-packages/werkzeug/formparser.py", line 267, in _parse_multipart
    form, files = parser.parse(stream, boundary, content_length)
                  ^^^^^^^^^^^^^^^^^^^^^^^^^^^^^^^^^^^^^^^^^^^^^^
  File "/home/trplbmyi/virtualenv/domains/trpl7b.my.id/public_html/paru/3.11/lib/python3.11/site-packages/werkzeug/formparser.py", line 368, in parse
    for data in _chunk_iter(stream.read, self.buffer_size):
  File "/home/trplbmyi/virtualenv/domains/trpl7b.my.id/public_html/paru/3.11/lib/python3.11/site-packages/werkzeug/formparser.py", line 423, in _chunk_iter
    data = read(size)
           ^^^^^^^^^^
  File "/home/trplbmyi/virtualenv/domains/trpl7b.my.id/public_html/paru/3.11/lib/python3.11/site-packages/werkzeug/wsgi.py", line 552, in readinto
    data = self._stream.read(min(size, remaining))
           ^^^^^^^^^^^^^^^^^^^^^^^^^^^^^^^^^^^^^^^
SystemError: <method 'read' of 'lsapi_wsgi.InputStream' objects> returned NULL without setting an exception

--- ERROR ---
Traceback (most recent call last):
  File "app.py", line 46, in predict
    if 'file' not in request.files:
                     ^^^^^^^^^^^^^
  File "/home/trplbmyi/virtualenv/domains/trpl7b.my.id/public_html/paru/3.11/lib/python3.11/site-packages/werkzeug/utils.py", line 107, in __get__
    value = self.fget(obj)  # type: ignore
            ^^^^^^^^^^^^^^
  File "/home/trplbmyi/virtualenv/domains/trpl7b.my.id/public_html/paru/3.11/lib/python3.11/site-packages/werkzeug/wrappers/request.py", line 497, in files
    self._load_form_data()
  File "/home/trplbmyi/virtualenv/domains/trpl7b.my.id/public_html/paru/3.11/lib/python3.11/site-packages/flask/wrappers.py", line 112, in _load_form_data
    super()._load_form_data()
  File "/home/trplbmyi/virtualenv/domains/trpl7b.my.id/public_html/paru/3.11/lib/python3.11/site-packages/werkzeug/wrappers/request.py", line 271, in _load_form_data
    data = parser.parse(
           ^^^^^^^^^^^^^
  File "/home/trplbmyi/virtualenv/domains/trpl7b.my.id/public_html/paru/3.11/lib/python3.11/site-packages/werkzeug/formparser.py", line 242, in parse
    return parse_func(stream, mimetype, content_length, options)
           ^^^^^^^^^^^^^^^^^^^^^^^^^^^^^^^^^^^^^^^^^^^^^^^^^^^^^
  File "/home/trplbmyi/virtualenv/domains/trpl7b.my.id/public_html/paru/3.11/lib/python3.11/site-packages/werkzeug/formparser.py", line 267, in _parse_multipart
    form, files = parser.parse(stream, boundary, content_length)
                  ^^^^^^^^^^^^^^^^^^^^^^^^^^^^^^^^^^^^^^^^^^^^^^
  File "/home/trplbmyi/virtualenv/domains/trpl7b.my.id/public_html/paru/3.11/lib/python3.11/site-packages/werkzeug/formparser.py", line 368, in parse
    for data in _chunk_iter(stream.read, self.buffer_size):
  File "/home/trplbmyi/virtualenv/domains/trpl7b.my.id/public_html/paru/3.11/lib/python3.11/site-packages/werkzeug/formparser.py", line 423, in _chunk_iter
    data = read(size)
           ^^^^^^^^^^
  File "/home/trplbmyi/virtualenv/domains/trpl7b.my.id/public_html/paru/3.11/lib/python3.11/site-packages/werkzeug/wsgi.py", line 552, in readinto
    data = self._stream.read(min(size, remaining))
           ^^^^^^^^^^^^^^^^^^^^^^^^^^^^^^^^^^^^^^^
SystemError: <method 'read' of 'lsapi_wsgi.InputStream' objects> returned NULL without setting an exception

File disimpan di: /home/trplbmyi/domains/trpl7b.my.id/public_html/paru/uploads/rekaman.wav
--- MASUK ENDPOINT /predict ---
File disimpan di: /home/trplbmyi/domains/trpl7b.my.id/public_html/paru/uploads/rekaman.wav
--- MASUK ENDPOINT /predict ---
File disimpan di: /home/trplbmyi/domains/trpl7b.my.id/public_html/paru/uploads/rekaman.wav
--- MASUK ENDPOINT /predict ---
--- MASUK ENDPOINT /predict ---
File disimpan di: /home/trplbmyi/domains/trpl7b.my.id/public_html/paru/uploads/rekaman.wav
File disimpan di: /home/trplbmyi/domains/trpl7b.my.id/public_html/paru/uploads/rekaman.wav
--- MASUK ENDPOINT /predict ---
File disimpan di: /home/trplbmyi/domains/trpl7b.my.id/public_html/paru/uploads/rekaman.wav
MFCC shape: (1, 13)
MFCC shape: (1, 13)
--- MASUK ENDPOINT /predict ---
File disimpan di: /home/trplbmyi/domains/trpl7b.my.id/public_html/paru/uploads/rekaman.wav
MFCC shape: (1, 13)
--- MASUK ENDPOINT /predict ---
--- MASUK ENDPOINT /predict ---
--- ERROR ---
Traceback (most recent call last):
  File "app.py", line 46, in predict
    if 'file' not in request.files:
                     ^^^^^^^^^^^^^
  File "/home/trplbmyi/virtualenv/domains/trpl7b.my.id/public_html/paru/3.11/lib/python3.11/site-packages/werkzeug/utils.py", line 107, in __get__
    value = self.fget(obj)  # type: ignore
            ^^^^^^^^^^^^^^
  File "/home/trplbmyi/virtualenv/domains/trpl7b.my.id/public_html/paru/3.11/lib/python3.11/site-packages/werkzeug/wrappers/request.py", line 497, in files
    self._load_form_data()
  File "/home/trplbmyi/virtualenv/domains/trpl7b.my.id/public_html/paru/3.11/lib/python3.11/site-packages/flask/wrappers.py", line 112, in _load_form_data
    super()._load_form_data()
  File "/home/trplbmyi/virtualenv/domains/trpl7b.my.id/public_html/paru/3.11/lib/python3.11/site-packages/werkzeug/wrappers/request.py", line 271, in _load_form_data
    data = parser.parse(
           ^^^^^^^^^^^^^
  File "/home/trplbmyi/virtualenv/domains/trpl7b.my.id/public_html/paru/3.11/lib/python3.11/site-packages/werkzeug/formparser.py", line 242, in parse
    return parse_func(stream, mimetype, content_length, options)
           ^^^^^^^^^^^^^^^^^^^^^^^^^^^^^^^^^^^^^^^^^^^^^^^^^^^^^
  File "/home/trplbmyi/virtualenv/domains/trpl7b.my.id/public_html/paru/3.11/lib/python3.11/site-packages/werkzeug/formparser.py", line 267, in _parse_multipart
    form, files = parser.parse(stream, boundary, content_length)
                  ^^^^^^^^^^^^^^^^^^^^^^^^^^^^^^^^^^^^^^^^^^^^^^
  File "/home/trplbmyi/virtualenv/domains/trpl7b.my.id/public_html/paru/3.11/lib/python3.11/site-packages/werkzeug/formparser.py", line 368, in parse
    for data in _chunk_iter(stream.read, self.buffer_size):
  File "/home/trplbmyi/virtualenv/domains/trpl7b.my.id/public_html/paru/3.11/lib/python3.11/site-packages/werkzeug/formparser.py", line 423, in _chunk_iter
    data = read(size)
           ^^^^^^^^^^
  File "/home/trplbmyi/virtualenv/domains/trpl7b.my.id/public_html/paru/3.11/lib/python3.11/site-packages/werkzeug/wsgi.py", line 552, in readinto
    data = self._stream.read(min(size, remaining))
           ^^^^^^^^^^^^^^^^^^^^^^^^^^^^^^^^^^^^^^^
SystemError: <method 'read' of 'lsapi_wsgi.InputStream' objects> returned NULL without setting an exception

--- ERROR ---
Traceback (most recent call last):
  File "app.py", line 46, in predict
    if 'file' not in request.files:
                     ^^^^^^^^^^^^^
  File "/home/trplbmyi/virtualenv/domains/trpl7b.my.id/public_html/paru/3.11/lib/python3.11/site-packages/werkzeug/utils.py", line 107, in __get__
    value = self.fget(obj)  # type: ignore
            ^^^^^^^^^^^^^^
  File "/home/trplbmyi/virtualenv/domains/trpl7b.my.id/public_html/paru/3.11/lib/python3.11/site-packages/werkzeug/wrappers/request.py", line 497, in files
    self._load_form_data()
  File "/home/trplbmyi/virtualenv/domains/trpl7b.my.id/public_html/paru/3.11/lib/python3.11/site-packages/flask/wrappers.py", line 112, in _load_form_data
    super()._load_form_data()
  File "/home/trplbmyi/virtualenv/domains/trpl7b.my.id/public_html/paru/3.11/lib/python3.11/site-packages/werkzeug/wrappers/request.py", line 271, in _load_form_data
    data = parser.parse(
           ^^^^^^^^^^^^^
  File "/home/trplbmyi/virtualenv/domains/trpl7b.my.id/public_html/paru/3.11/lib/python3.11/site-packages/werkzeug/formparser.py", line 242, in parse
    return parse_func(stream, mimetype, content_length, options)
           ^^^^^^^^^^^^^^^^^^^^^^^^^^^^^^^^^^^^^^^^^^^^^^^^^^^^^
  File "/home/trplbmyi/virtualenv/domains/trpl7b.my.id/public_html/paru/3.11/lib/python3.11/site-packages/werkzeug/formparser.py", line 267, in _parse_multipart
    form, files = parser.parse(stream, boundary, content_length)
                  ^^^^^^^^^^^^^^^^^^^^^^^^^^^^^^^^^^^^^^^^^^^^^^
  File "/home/trplbmyi/virtualenv/domains/trpl7b.my.id/public_html/paru/3.11/lib/python3.11/site-packages/werkzeug/formparser.py", line 368, in parse
    for data in _chunk_iter(stream.read, self.buffer_size):
  File "/home/trplbmyi/virtualenv/domains/trpl7b.my.id/public_html/paru/3.11/lib/python3.11/site-packages/werkzeug/formparser.py", line 423, in _chunk_iter
    data = read(size)
           ^^^^^^^^^^
  File "/home/trplbmyi/virtualenv/domains/trpl7b.my.id/public_html/paru/3.11/lib/python3.11/site-packages/werkzeug/wsgi.py", line 552, in readinto
    data = self._stream.read(min(size, remaining))
           ^^^^^^^^^^^^^^^^^^^^^^^^^^^^^^^^^^^^^^^
SystemError: <method 'read' of 'lsapi_wsgi.InputStream' objects> returned NULL without setting an exception

--- MASUK ENDPOINT /predict ---
File disimpan di: /home/trplbmyi/domains/trpl7b.my.id/public_html/paru/uploads/rekaman.wav
--- MASUK ENDPOINT /predict ---
File disimpan di: /home/trplbmyi/domains/trpl7b.my.id/public_html/paru/uploads/rekaman.wav
MFCC shape: (1, 13)
MFCC shape: (1, 13)
--- MASUK ENDPOINT /predict ---
--- MASUK ENDPOINT /predict ---
--- MASUK ENDPOINT /predict ---
--- MASUK ENDPOINT /predict ---
--- ERROR ---
Traceback (most recent call last):
  File "app.py", line 46, in predict
    if 'file' not in request.files:
                     ^^^^^^^^^^^^^
  File "/home/trplbmyi/virtualenv/domains/trpl7b.my.id/public_html/paru/3.11/lib/python3.11/site-packages/werkzeug/utils.py", line 107, in __get__
    value = self.fget(obj)  # type: ignore
            ^^^^^^^^^^^^^^
  File "/home/trplbmyi/virtualenv/domains/trpl7b.my.id/public_html/paru/3.11/lib/python3.11/site-packages/werkzeug/wrappers/request.py", line 497, in files
    self._load_form_data()
  File "/home/trplbmyi/virtualenv/domains/trpl7b.my.id/public_html/paru/3.11/lib/python3.11/site-packages/flask/wrappers.py", line 112, in _load_form_data
    super()._load_form_data()
  File "/home/trplbmyi/virtualenv/domains/trpl7b.my.id/public_html/paru/3.11/lib/python3.11/site-packages/werkzeug/wrappers/request.py", line 271, in _load_form_data
    data = parser.parse(
           ^^^^^^^^^^^^^
  File "/home/trplbmyi/virtualenv/domains/trpl7b.my.id/public_html/paru/3.11/lib/python3.11/site-packages/werkzeug/formparser.py", line 242, in parse
    return parse_func(stream, mimetype, content_length, options)
           ^^^^^^^^^^^^^^^^^^^^^^^^^^^^^^^^^^^^^^^^^^^^^^^^^^^^^
  File "/home/trplbmyi/virtualenv/domains/trpl7b.my.id/public_html/paru/3.11/lib/python3.11/site-packages/werkzeug/formparser.py", line 267, in _parse_multipart
    form, files = parser.parse(stream, boundary, content_length)
                  ^^^^^^^^^^^^^^^^^^^^^^^^^^^^^^^^^^^^^^^^^^^^^^
  File "/home/trplbmyi/virtualenv/domains/trpl7b.my.id/public_html/paru/3.11/lib/python3.11/site-packages/werkzeug/formparser.py", line 368, in parse
    for data in _chunk_iter(stream.read, self.buffer_size):
  File "/home/trplbmyi/virtualenv/domains/trpl7b.my.id/public_html/paru/3.11/lib/python3.11/site-packages/werkzeug/formparser.py", line 423, in _chunk_iter
    data = read(size)
           ^^^^^^^^^^
  File "/home/trplbmyi/virtualenv/domains/trpl7b.my.id/public_html/paru/3.11/lib/python3.11/site-packages/werkzeug/wsgi.py", line 552, in readinto
    data = self._stream.read(min(size, remaining))
           ^^^^^^^^^^^^^^^^^^^^^^^^^^^^^^^^^^^^^^^
SystemError: <method 'read' of 'lsapi_wsgi.InputStream' objects> returned NULL without setting an exception

--- ERROR ---
Traceback (most recent call last):
  File "app.py", line 46, in predict
    if 'file' not in request.files:
                     ^^^^^^^^^^^^^
  File "/home/trplbmyi/virtualenv/domains/trpl7b.my.id/public_html/paru/3.11/lib/python3.11/site-packages/werkzeug/utils.py", line 107, in __get__
    value = self.fget(obj)  # type: ignore
            ^^^^^^^^^^^^^^
  File "/home/trplbmyi/virtualenv/domains/trpl7b.my.id/public_html/paru/3.11/lib/python3.11/site-packages/werkzeug/wrappers/request.py", line 497, in files
    self._load_form_data()
  File "/home/trplbmyi/virtualenv/domains/trpl7b.my.id/public_html/paru/3.11/lib/python3.11/site-packages/flask/wrappers.py", line 112, in _load_form_data
    super()._load_form_data()
  File "/home/trplbmyi/virtualenv/domains/trpl7b.my.id/public_html/paru/3.11/lib/python3.11/site-packages/werkzeug/wrappers/request.py", line 271, in _load_form_data
    data = parser.parse(
           ^^^^^^^^^^^^^
  File "/home/trplbmyi/virtualenv/domains/trpl7b.my.id/public_html/paru/3.11/lib/python3.11/site-packages/werkzeug/formparser.py", line 242, in parse
    return parse_func(stream, mimetype, content_length, options)
           ^^^^^^^^^^^^^^^^^^^^^^^^^^^^^^^^^^^^^^^^^^^^^^^^^^^^^
  File "/home/trplbmyi/virtualenv/domains/trpl7b.my.id/public_html/paru/3.11/lib/python3.11/site-packages/werkzeug/formparser.py", line 267, in _parse_multipart
    form, files = parser.parse(stream, boundary, content_length)
                  ^^^^^^^^^^^^^^^^^^^^^^^^^^^^^^^^^^^^^^^^^^^^^^
  File "/home/trplbmyi/virtualenv/domains/trpl7b.my.id/public_html/paru/3.11/lib/python3.11/site-packages/werkzeug/formparser.py", line 368, in parse
    for data in _chunk_iter(stream.read, self.buffer_size):
  File "/home/trplbmyi/virtualenv/domains/trpl7b.my.id/public_html/paru/3.11/lib/python3.11/site-packages/werkzeug/formparser.py", line 423, in _chunk_iter
    data = read(size)
           ^^^^^^^^^^
  File "/home/trplbmyi/virtualenv/domains/trpl7b.my.id/public_html/paru/3.11/lib/python3.11/site-packages/werkzeug/wsgi.py", line 552, in readinto
    data = self._stream.read(min(size, remaining))
           ^^^^^^^^^^^^^^^^^^^^^^^^^^^^^^^^^^^^^^^
SystemError: <method 'read' of 'lsapi_wsgi.InputStream' objects> returned NULL without setting an exception

--- ERROR ---
Traceback (most recent call last):
  File "app.py", line 46, in predict
    if 'file' not in request.files:
                     ^^^^^^^^^^^^^
  File "/home/trplbmyi/virtualenv/domains/trpl7b.my.id/public_html/paru/3.11/lib/python3.11/site-packages/werkzeug/utils.py", line 107, in __get__
    value = self.fget(obj)  # type: ignore
            ^^^^^^^^^^^^^^
  File "/home/trplbmyi/virtualenv/domains/trpl7b.my.id/public_html/paru/3.11/lib/python3.11/site-packages/werkzeug/wrappers/request.py", line 497, in files
    self._load_form_data()
  File "/home/trplbmyi/virtualenv/domains/trpl7b.my.id/public_html/paru/3.11/lib/python3.11/site-packages/flask/wrappers.py", line 112, in _load_form_data
    super()._load_form_data()
  File "/home/trplbmyi/virtualenv/domains/trpl7b.my.id/public_html/paru/3.11/lib/python3.11/site-packages/werkzeug/wrappers/request.py", line 271, in _load_form_data
    data = parser.parse(
           ^^^^^^^^^^^^^
  File "/home/trplbmyi/virtualenv/domains/trpl7b.my.id/public_html/paru/3.11/lib/python3.11/site-packages/werkzeug/formparser.py", line 242, in parse
    return parse_func(stream, mimetype, content_length, options)
           ^^^^^^^^^^^^^^^^^^^^^^^^^^^^^^^^^^^^^^^^^^^^^^^^^^^^^
  File "/home/trplbmyi/virtualenv/domains/trpl7b.my.id/public_html/paru/3.11/lib/python3.11/site-packages/werkzeug/formparser.py", line 267, in _parse_multipart
    form, files = parser.parse(stream, boundary, content_length)
                  ^^^^^^^^^^^^^^^^^^^^^^^^^^^^^^^^^^^^^^^^^^^^^^
  File "/home/trplbmyi/virtualenv/domains/trpl7b.my.id/public_html/paru/3.11/lib/python3.11/site-packages/werkzeug/formparser.py", line 368, in parse
    for data in _chunk_iter(stream.read, self.buffer_size):
  File "/home/trplbmyi/virtualenv/domains/trpl7b.my.id/public_html/paru/3.11/lib/python3.11/site-packages/werkzeug/formparser.py", line 423, in _chunk_iter
    data = read(size)
           ^^^^^^^^^^
  File "/home/trplbmyi/virtualenv/domains/trpl7b.my.id/public_html/paru/3.11/lib/python3.11/site-packages/werkzeug/wsgi.py", line 552, in readinto
    data = self._stream.read(min(size, remaining))
           ^^^^^^^^^^^^^^^^^^^^^^^^^^^^^^^^^^^^^^^
SystemError: <method 'read' of 'lsapi_wsgi.InputStream' objects> returned NULL without setting an exception

File disimpan di: /home/trplbmyi/domains/trpl7b.my.id/public_html/paru/uploads/00a0156b-7179-4773-8a2c-4bb919e076bd.wav
--- MASUK ENDPOINT /predict ---
File disimpan di: /home/trplbmyi/domains/trpl7b.my.id/public_html/paru/uploads/0b37f570-524a-4543-96f3-112f6096349a.wav
MFCC shape: (1, 13)
--- MASUK ENDPOINT /predict ---
File disimpan di: /home/trplbmyi/domains/trpl7b.my.id/public_html/paru/uploads/0b37f570-524a-4543-96f3-112f6096349a.wav
MFCC shape: (1, 13)
--- MASUK ENDPOINT /predict ---
--- MASUK ENDPOINT /predict ---
File disimpan di: /home/trplbmyi/domains/trpl7b.my.id/public_html/paru/uploads/0b37f570-524a-4543-96f3-112f6096349a.wav
MFCC shape: (1, 13)
--- MASUK ENDPOINT /predict ---
File disimpan di: /home/trplbmyi/domains/trpl7b.my.id/public_html/paru/uploads/0b37f570-524a-4543-96f3-112f6096349a.wav
MFCC shape: (1, 13)
--- MASUK ENDPOINT /predict ---
--- MASUK ENDPOINT /predict ---
--- ERROR ---
Traceback (most recent call last):
  File "app.py", line 46, in predict
    if 'file' not in request.files:
                     ^^^^^^^^^^^^^
  File "/home/trplbmyi/virtualenv/domains/trpl7b.my.id/public_html/paru/3.11/lib/python3.11/site-packages/werkzeug/utils.py", line 107, in __get__
    value = self.fget(obj)  # type: ignore
            ^^^^^^^^^^^^^^
  File "/home/trplbmyi/virtualenv/domains/trpl7b.my.id/public_html/paru/3.11/lib/python3.11/site-packages/werkzeug/wrappers/request.py", line 497, in files
    self._load_form_data()
  File "/home/trplbmyi/virtualenv/domains/trpl7b.my.id/public_html/paru/3.11/lib/python3.11/site-packages/flask/wrappers.py", line 112, in _load_form_data
    super()._load_form_data()
  File "/home/trplbmyi/virtualenv/domains/trpl7b.my.id/public_html/paru/3.11/lib/python3.11/site-packages/werkzeug/wrappers/request.py", line 271, in _load_form_data
    data = parser.parse(
           ^^^^^^^^^^^^^
  File "/home/trplbmyi/virtualenv/domains/trpl7b.my.id/public_html/paru/3.11/lib/python3.11/site-packages/werkzeug/formparser.py", line 242, in parse
    return parse_func(stream, mimetype, content_length, options)
           ^^^^^^^^^^^^^^^^^^^^^^^^^^^^^^^^^^^^^^^^^^^^^^^^^^^^^
  File "/home/trplbmyi/virtualenv/domains/trpl7b.my.id/public_html/paru/3.11/lib/python3.11/site-packages/werkzeug/formparser.py", line 267, in _parse_multipart
    form, files = parser.parse(stream, boundary, content_length)
                  ^^^^^^^^^^^^^^^^^^^^^^^^^^^^^^^^^^^^^^^^^^^^^^
  File "/home/trplbmyi/virtualenv/domains/trpl7b.my.id/public_html/paru/3.11/lib/python3.11/site-packages/werkzeug/formparser.py", line 368, in parse
    for data in _chunk_iter(stream.read, self.buffer_size):
  File "/home/trplbmyi/virtualenv/domains/trpl7b.my.id/public_html/paru/3.11/lib/python3.11/site-packages/werkzeug/formparser.py", line 423, in _chunk_iter
    data = read(size)
           ^^^^^^^^^^
  File "/home/trplbmyi/virtualenv/domains/trpl7b.my.id/public_html/paru/3.11/lib/python3.11/site-packages/werkzeug/wsgi.py", line 552, in readinto
    data = self._stream.read(min(size, remaining))
           ^^^^^^^^^^^^^^^^^^^^^^^^^^^^^^^^^^^^^^^
SystemError: <method 'read' of 'lsapi_wsgi.InputStream' objects> returned NULL without setting an exception

--- ERROR ---
Traceback (most recent call last):
  File "app.py", line 46, in predict
    if 'file' not in request.files:
                     ^^^^^^^^^^^^^
  File "/home/trplbmyi/virtualenv/domains/trpl7b.my.id/public_html/paru/3.11/lib/python3.11/site-packages/werkzeug/utils.py", line 107, in __get__
    value = self.fget(obj)  # type: ignore
            ^^^^^^^^^^^^^^
  File "/home/trplbmyi/virtualenv/domains/trpl7b.my.id/public_html/paru/3.11/lib/python3.11/site-packages/werkzeug/wrappers/request.py", line 497, in files
    self._load_form_data()
  File "/home/trplbmyi/virtualenv/domains/trpl7b.my.id/public_html/paru/3.11/lib/python3.11/site-packages/flask/wrappers.py", line 112, in _load_form_data
    super()._load_form_data()
  File "/home/trplbmyi/virtualenv/domains/trpl7b.my.id/public_html/paru/3.11/lib/python3.11/site-packages/werkzeug/wrappers/request.py", line 271, in _load_form_data
    data = parser.parse(
           ^^^^^^^^^^^^^
  File "/home/trplbmyi/virtualenv/domains/trpl7b.my.id/public_html/paru/3.11/lib/python3.11/site-packages/werkzeug/formparser.py", line 242, in parse
    return parse_func(stream, mimetype, content_length, options)
           ^^^^^^^^^^^^^^^^^^^^^^^^^^^^^^^^^^^^^^^^^^^^^^^^^^^^^
  File "/home/trplbmyi/virtualenv/domains/trpl7b.my.id/public_html/paru/3.11/lib/python3.11/site-packages/werkzeug/formparser.py", line 267, in _parse_multipart
    form, files = parser.parse(stream, boundary, content_length)
                  ^^^^^^^^^^^^^^^^^^^^^^^^^^^^^^^^^^^^^^^^^^^^^^
  File "/home/trplbmyi/virtualenv/domains/trpl7b.my.id/public_html/paru/3.11/lib/python3.11/site-packages/werkzeug/formparser.py", line 368, in parse
    for data in _chunk_iter(stream.read, self.buffer_size):
  File "/home/trplbmyi/virtualenv/domains/trpl7b.my.id/public_html/paru/3.11/lib/python3.11/site-packages/werkzeug/formparser.py", line 423, in _chunk_iter
    data = read(size)
           ^^^^^^^^^^
  File "/home/trplbmyi/virtualenv/domains/trpl7b.my.id/public_html/paru/3.11/lib/python3.11/site-packages/werkzeug/wsgi.py", line 552, in readinto
    data = self._stream.read(min(size, remaining))
           ^^^^^^^^^^^^^^^^^^^^^^^^^^^^^^^^^^^^^^^
SystemError: <method 'read' of 'lsapi_wsgi.InputStream' objects> returned NULL without setting an exception

--- MASUK ENDPOINT /predict ---
File disimpan di: /home/trplbmyi/domains/trpl7b.my.id/public_html/paru/uploads/0f6c2099-2197-4871-bfac-d327b968d995.wav
--- MASUK ENDPOINT /predict ---
File disimpan di: /home/trplbmyi/domains/trpl7b.my.id/public_html/paru/uploads/1fc4a3dc-6767-4812-87bd-64ef20e43cef.wav
MFCC shape: (1, 13)
MFCC shape: (1, 13)
--- MASUK ENDPOINT /predict ---
File disimpan di: /home/trplbmyi/domains/trpl7b.my.id/public_html/paru/uploads/0d3fcbce-0d37-471d-a6fb-cb487cfa7263.wav
MFCC shape: (1, 13)
--- MASUK ENDPOINT /predict ---
File disimpan di: /home/trplbmyi/domains/trpl7b.my.id/public_html/paru/uploads/0f224e1b-b7a2-44c5-a556-90f5a263e34d.wav
MFCC shape: (1, 13)
--- MASUK ENDPOINT /predict ---
File disimpan di: /home/trplbmyi/domains/trpl7b.my.id/public_html/paru/uploads/1ff05055-a9ba-4606-8ca8-668613742005.wav
MFCC shape: (1, 13)
--- MASUK ENDPOINT /predict ---
--- MASUK ENDPOINT /predict ---
File disimpan di: /home/trplbmyi/domains/trpl7b.my.id/public_html/paru/uploads/rekaman.wav
MFCC shape: (1, 13)
--- MASUK ENDPOINT /predict ---
File disimpan di: /home/trplbmyi/domains/trpl7b.my.id/public_html/paru/uploads/rekaman.wav
--- MASUK ENDPOINT /predict ---
File disimpan di: /home/trplbmyi/domains/trpl7b.my.id/public_html/paru/uploads/rekaman.wav
--- MASUK ENDPOINT /predict ---
File disimpan di: /home/trplbmyi/domains/trpl7b.my.id/public_html/paru/uploads/rekaman.wav
MFCC shape: (1, 13)
--- MASUK ENDPOINT /predict ---
--- MASUK ENDPOINT /predict ---
--- ERROR ---
Traceback (most recent call last):
  File "app.py", line 46, in predict
    if 'file' not in request.files:
                     ^^^^^^^^^^^^^
  File "/home/trplbmyi/virtualenv/domains/trpl7b.my.id/public_html/paru/3.11/lib/python3.11/site-packages/werkzeug/utils.py", line 107, in __get__
    value = self.fget(obj)  # type: ignore
            ^^^^^^^^^^^^^^
  File "/home/trplbmyi/virtualenv/domains/trpl7b.my.id/public_html/paru/3.11/lib/python3.11/site-packages/werkzeug/wrappers/request.py", line 497, in files
    self._load_form_data()
  File "/home/trplbmyi/virtualenv/domains/trpl7b.my.id/public_html/paru/3.11/lib/python3.11/site-packages/flask/wrappers.py", line 112, in _load_form_data
    super()._load_form_data()
  File "/home/trplbmyi/virtualenv/domains/trpl7b.my.id/public_html/paru/3.11/lib/python3.11/site-packages/werkzeug/wrappers/request.py", line 271, in _load_form_data
    data = parser.parse(
           ^^^^^^^^^^^^^
  File "/home/trplbmyi/virtualenv/domains/trpl7b.my.id/public_html/paru/3.11/lib/python3.11/site-packages/werkzeug/formparser.py", line 242, in parse
    return parse_func(stream, mimetype, content_length, options)
           ^^^^^^^^^^^^^^^^^^^^^^^^^^^^^^^^^^^^^^^^^^^^^^^^^^^^^
  File "/home/trplbmyi/virtualenv/domains/trpl7b.my.id/public_html/paru/3.11/lib/python3.11/site-packages/werkzeug/formparser.py", line 267, in _parse_multipart
    form, files = parser.parse(stream, boundary, content_length)
                  ^^^^^^^^^^^^^^^^^^^^^^^^^^^^^^^^^^^^^^^^^^^^^^
  File "/home/trplbmyi/virtualenv/domains/trpl7b.my.id/public_html/paru/3.11/lib/python3.11/site-packages/werkzeug/formparser.py", line 368, in parse
    for data in _chunk_iter(stream.read, self.buffer_size):
  File "/home/trplbmyi/virtualenv/domains/trpl7b.my.id/public_html/paru/3.11/lib/python3.11/site-packages/werkzeug/formparser.py", line 423, in _chunk_iter
    data = read(size)
           ^^^^^^^^^^
  File "/home/trplbmyi/virtualenv/domains/trpl7b.my.id/public_html/paru/3.11/lib/python3.11/site-packages/werkzeug/wsgi.py", line 552, in readinto
    data = self._stream.read(min(size, remaining))
           ^^^^^^^^^^^^^^^^^^^^^^^^^^^^^^^^^^^^^^^
SystemError: <method 'read' of 'lsapi_wsgi.InputStream' objects> returned NULL without setting an exception

--- ERROR ---
Traceback (most recent call last):
  File "app.py", line 46, in predict
    if 'file' not in request.files:
                     ^^^^^^^^^^^^^
  File "/home/trplbmyi/virtualenv/domains/trpl7b.my.id/public_html/paru/3.11/lib/python3.11/site-packages/werkzeug/utils.py", line 107, in __get__
    value = self.fget(obj)  # type: ignore
            ^^^^^^^^^^^^^^
  File "/home/trplbmyi/virtualenv/domains/trpl7b.my.id/public_html/paru/3.11/lib/python3.11/site-packages/werkzeug/wrappers/request.py", line 497, in files
    self._load_form_data()
  File "/home/trplbmyi/virtualenv/domains/trpl7b.my.id/public_html/paru/3.11/lib/python3.11/site-packages/flask/wrappers.py", line 112, in _load_form_data
    super()._load_form_data()
  File "/home/trplbmyi/virtualenv/domains/trpl7b.my.id/public_html/paru/3.11/lib/python3.11/site-packages/werkzeug/wrappers/request.py", line 271, in _load_form_data
    data = parser.parse(
           ^^^^^^^^^^^^^
  File "/home/trplbmyi/virtualenv/domains/trpl7b.my.id/public_html/paru/3.11/lib/python3.11/site-packages/werkzeug/formparser.py", line 242, in parse
    return parse_func(stream, mimetype, content_length, options)
           ^^^^^^^^^^^^^^^^^^^^^^^^^^^^^^^^^^^^^^^^^^^^^^^^^^^^^
  File "/home/trplbmyi/virtualenv/domains/trpl7b.my.id/public_html/paru/3.11/lib/python3.11/site-packages/werkzeug/formparser.py", line 267, in _parse_multipart
    form, files = parser.parse(stream, boundary, content_length)
                  ^^^^^^^^^^^^^^^^^^^^^^^^^^^^^^^^^^^^^^^^^^^^^^
  File "/home/trplbmyi/virtualenv/domains/trpl7b.my.id/public_html/paru/3.11/lib/python3.11/site-packages/werkzeug/formparser.py", line 368, in parse
    for data in _chunk_iter(stream.read, self.buffer_size):
  File "/home/trplbmyi/virtualenv/domains/trpl7b.my.id/public_html/paru/3.11/lib/python3.11/site-packages/werkzeug/formparser.py", line 423, in _chunk_iter
    data = read(size)
           ^^^^^^^^^^
  File "/home/trplbmyi/virtualenv/domains/trpl7b.my.id/public_html/paru/3.11/lib/python3.11/site-packages/werkzeug/wsgi.py", line 552, in readinto
    data = self._stream.read(min(size, remaining))
           ^^^^^^^^^^^^^^^^^^^^^^^^^^^^^^^^^^^^^^^
SystemError: <method 'read' of 'lsapi_wsgi.InputStream' objects> returned NULL without setting an exception

--- MASUK ENDPOINT /predict ---
--- ERROR ---
Traceback (most recent call last):
  File "app.py", line 46, in predict
    if 'file' not in request.files:
                     ^^^^^^^^^^^^^
  File "/home/trplbmyi/virtualenv/domains/trpl7b.my.id/public_html/paru/3.11/lib/python3.11/site-packages/werkzeug/utils.py", line 107, in __get__
    value = self.fget(obj)  # type: ignore
            ^^^^^^^^^^^^^^
  File "/home/trplbmyi/virtualenv/domains/trpl7b.my.id/public_html/paru/3.11/lib/python3.11/site-packages/werkzeug/wrappers/request.py", line 497, in files
    self._load_form_data()
  File "/home/trplbmyi/virtualenv/domains/trpl7b.my.id/public_html/paru/3.11/lib/python3.11/site-packages/flask/wrappers.py", line 112, in _load_form_data
    super()._load_form_data()
  File "/home/trplbmyi/virtualenv/domains/trpl7b.my.id/public_html/paru/3.11/lib/python3.11/site-packages/werkzeug/wrappers/request.py", line 271, in _load_form_data
    data = parser.parse(
           ^^^^^^^^^^^^^
  File "/home/trplbmyi/virtualenv/domains/trpl7b.my.id/public_html/paru/3.11/lib/python3.11/site-packages/werkzeug/formparser.py", line 242, in parse
    return parse_func(stream, mimetype, content_length, options)
           ^^^^^^^^^^^^^^^^^^^^^^^^^^^^^^^^^^^^^^^^^^^^^^^^^^^^^
  File "/home/trplbmyi/virtualenv/domains/trpl7b.my.id/public_html/paru/3.11/lib/python3.11/site-packages/werkzeug/formparser.py", line 267, in _parse_multipart
    form, files = parser.parse(stream, boundary, content_length)
                  ^^^^^^^^^^^^^^^^^^^^^^^^^^^^^^^^^^^^^^^^^^^^^^
  File "/home/trplbmyi/virtualenv/domains/trpl7b.my.id/public_html/paru/3.11/lib/python3.11/site-packages/werkzeug/formparser.py", line 368, in parse
    for data in _chunk_iter(stream.read, self.buffer_size):
  File "/home/trplbmyi/virtualenv/domains/trpl7b.my.id/public_html/paru/3.11/lib/python3.11/site-packages/werkzeug/formparser.py", line 423, in _chunk_iter
    data = read(size)
           ^^^^^^^^^^
  File "/home/trplbmyi/virtualenv/domains/trpl7b.my.id/public_html/paru/3.11/lib/python3.11/site-packages/werkzeug/wsgi.py", line 552, in readinto
    data = self._stream.read(min(size, remaining))
           ^^^^^^^^^^^^^^^^^^^^^^^^^^^^^^^^^^^^^^^
SystemError: <method 'read' of 'lsapi_wsgi.InputStream' objects> returned NULL without setting an exception

--- MASUK ENDPOINT /predict ---
--- MASUK ENDPOINT /predict ---
File disimpan di: /home/trplbmyi/domains/trpl7b.my.id/public_html/paru/uploads/rekaman.wav
--- ERROR ---
Traceback (most recent call last):
  File "/home/trplbmyi/virtualenv/domains/trpl7b.my.id/public_html/paru/3.11/lib/python3.11/site-packages/librosa/core/audio.py", line 175, in load
    y, sr_native = __soundfile_load(path, offset, duration, dtype)
                   ^^^^^^^^^^^^^^^^^^^^^^^^^^^^^^^^^^^^^^^^^^^^^^^
  File "/home/trplbmyi/virtualenv/domains/trpl7b.my.id/public_html/paru/3.11/lib/python3.11/site-packages/librosa/core/audio.py", line 208, in __soundfile_load
    context = sf.SoundFile(path)
              ^^^^^^^^^^^^^^^^^^
  File "/home/trplbmyi/virtualenv/domains/trpl7b.my.id/public_html/paru/3.11/lib/python3.11/site-packages/soundfile.py", line 658, in __init__
    self._file = self._open(file, mode_int, closefd)
                 ^^^^^^^^^^^^^^^^^^^^^^^^^^^^^^^^^^^
  File "/home/trplbmyi/virtualenv/domains/trpl7b.my.id/public_html/paru/3.11/lib/python3.11/site-packages/soundfile.py", line 1216, in _open
    raise LibsndfileError(err, prefix="Error opening {0!r}: ".format(self.name))
soundfile.LibsndfileError: Error opening '/home/trplbmyi/domains/trpl7b.my.id/public_html/paru/uploads/rekaman.wav': Format not recognised.

During handling of the above exception, another exception occurred:

Traceback (most recent call last):
  File "app.py", line 61, in predict
    y, sr = librosa.load(filepath, sr=22050)
            ^^^^^^^^^^^^^^^^^^^^^^^^^^^^^^^^
  File "/home/trplbmyi/virtualenv/domains/trpl7b.my.id/public_html/paru/3.11/lib/python3.11/site-packages/librosa/core/audio.py", line 183, in load
    y, sr_native = __audioread_load(path, offset, duration, dtype)
                   ^^^^^^^^^^^^^^^^^^^^^^^^^^^^^^^^^^^^^^^^^^^^^^^
  File "/home/trplbmyi/virtualenv/domains/trpl7b.my.id/public_html/paru/3.11/lib/python3.11/site-packages/decorator.py", line 235, in fun
    return caller(func, *(extras + args), **kw)
           ^^^^^^^^^^^^^^^^^^^^^^^^^^^^^^^^^^^^
  File "/home/trplbmyi/virtualenv/domains/trpl7b.my.id/public_html/paru/3.11/lib/python3.11/site-packages/librosa/util/decorators.py", line 59, in __wrapper
    return func(*args, **kwargs)
           ^^^^^^^^^^^^^^^^^^^^^
  File "/home/trplbmyi/virtualenv/domains/trpl7b.my.id/public_html/paru/3.11/lib/python3.11/site-packages/librosa/core/audio.py", line 239, in __audioread_load
    reader = audioread.audio_open(path)
             ^^^^^^^^^^^^^^^^^^^^^^^^^^
  File "/home/trplbmyi/virtualenv/domains/trpl7b.my.id/public_html/paru/3.11/lib/python3.11/site-packages/audioread/__init__.py", line 127, in audio_open
    return BackendClass(path)
           ^^^^^^^^^^^^^^^^^^
  File "/home/trplbmyi/virtualenv/domains/trpl7b.my.id/public_html/paru/3.11/lib/python3.11/site-packages/audioread/rawread.py", line 62, in __init__
    self._file = aifc.open(self._fh)
                 ^^^^^^^^^^^^^^^^^^^
  File "/opt/alt/python311/lib64/python3.11/aifc.py", line 954, in open
    return Aifc_read(f)
           ^^^^^^^^^^^^
  File "/opt/alt/python311/lib64/python3.11/aifc.py", line 364, in __init__
    self.initfp(f)
  File "/opt/alt/python311/lib64/python3.11/aifc.py", line 320, in initfp
    chunk = Chunk(file)
            ^^^^^^^^^^^
  File "/opt/alt/python311/lib64/python3.11/chunk.py", line 67, in __init__
    raise EOFError
EOFError

--- MASUK ENDPOINT /predict ---
File disimpan di: /home/trplbmyi/domains/trpl7b.my.id/public_html/paru/uploads/0b55a094-52e3-4988-a436-5da9c1379303.wav
MFCC shape: (1, 13)
--- MASUK ENDPOINT /predict ---
File disimpan di: /home/trplbmyi/domains/trpl7b.my.id/public_html/paru/uploads/0b110058-23cc-4396-9e99-34f78cb72ce8.wav
--- MASUK ENDPOINT /predict ---
File disimpan di: /home/trplbmyi/domains/trpl7b.my.id/public_html/paru/uploads/0b110058-23cc-4396-9e99-34f78cb72ce8.wav
--- MASUK ENDPOINT /predict ---
File disimpan di: /home/trplbmyi/domains/trpl7b.my.id/public_html/paru/uploads/0b619d23-21c1-41ff-98f0-bee0b7852497.wav
--- MASUK ENDPOINT /predict ---
File disimpan di: /home/trplbmyi/domains/trpl7b.my.id/public_html/paru/uploads/0b619d23-21c1-41ff-98f0-bee0b7852497.wav
MFCC shape: (1, 13)
--- MASUK ENDPOINT /predict ---
File disimpan di: /home/trplbmyi/domains/trpl7b.my.id/public_html/paru/uploads/2c38b55e-7a52-4b23-a4a5-f0da83cd2cba.wav
MFCC shape: (1, 13)
--- MASUK ENDPOINT /predict ---
File disimpan di: /home/trplbmyi/domains/trpl7b.my.id/public_html/paru/uploads/7bedc09c-0605-420b-b04d-bfc67536e061.wav
MFCC shape: (1, 13)
--- MASUK ENDPOINT /predict ---
--- MASUK ENDPOINT /predict ---
File disimpan di: /home/trplbmyi/domains/trpl7b.my.id/public_html/paru/uploads/4083bf9d-8718-4b86-b1ae-cc51abc6dddd.wav
MFCC shape: (1, 13)
--- MASUK ENDPOINT /predict ---
File disimpan di: /home/trplbmyi/domains/trpl7b.my.id/public_html/paru/uploads/9166ed9f-d8d8-44e8-af67-d12c4dc14696.wav
MFCC shape: (1, 13)
--- MASUK ENDPOINT /predict ---
File disimpan di: /home/trplbmyi/domains/trpl7b.my.id/public_html/paru/uploads/85db6766-03f9-4e84-b205-500cd2968a11.wav
MFCC shape: (1, 13)
--- MASUK ENDPOINT /predict ---
File disimpan di: /home/trplbmyi/domains/trpl7b.my.id/public_html/paru/uploads/1ee89cb6-a5fe-4845-9d0d-a76a3752a686.wav
MFCC shape: (1, 13)
--- MASUK ENDPOINT /predict ---
File disimpan di: /home/trplbmyi/domains/trpl7b.my.id/public_html/paru/uploads/dd2fef55-f4a8-4548-ad91-ec192b2af270.wav
MFCC shape: (1, 13)
--- MASUK ENDPOINT /predict ---
File disimpan di: /home/trplbmyi/domains/trpl7b.my.id/public_html/paru/uploads/3eb03775-7af6-455a-b1fa-b0b52a44b2a9.wav
MFCC shape: (1, 13)
--- MASUK ENDPOINT /predict ---
File disimpan di: /home/trplbmyi/domains/trpl7b.my.id/public_html/paru/uploads/rekaman.wav
MFCC shape: (1, 13)
--- MASUK ENDPOINT /predict ---
File disimpan di: /home/trplbmyi/domains/trpl7b.my.id/public_html/paru/uploads/317cffcf-6c9e-4016-8c0e-2abf64adfd43.json
--- ERROR ---
Traceback (most recent call last):
  File "/home/trplbmyi/virtualenv/domains/trpl7b.my.id/public_html/paru/3.11/lib/python3.11/site-packages/librosa/core/audio.py", line 175, in load
    y, sr_native = __soundfile_load(path, offset, duration, dtype)
                   ^^^^^^^^^^^^^^^^^^^^^^^^^^^^^^^^^^^^^^^^^^^^^^^
  File "/home/trplbmyi/virtualenv/domains/trpl7b.my.id/public_html/paru/3.11/lib/python3.11/site-packages/librosa/core/audio.py", line 208, in __soundfile_load
    context = sf.SoundFile(path)
              ^^^^^^^^^^^^^^^^^^
  File "/home/trplbmyi/virtualenv/domains/trpl7b.my.id/public_html/paru/3.11/lib/python3.11/site-packages/soundfile.py", line 658, in __init__
    self._file = self._open(file, mode_int, closefd)
                 ^^^^^^^^^^^^^^^^^^^^^^^^^^^^^^^^^^^
  File "/home/trplbmyi/virtualenv/domains/trpl7b.my.id/public_html/paru/3.11/lib/python3.11/site-packages/soundfile.py", line 1216, in _open
    raise LibsndfileError(err, prefix="Error opening {0!r}: ".format(self.name))
soundfile.LibsndfileError: Error opening '/home/trplbmyi/domains/trpl7b.my.id/public_html/paru/uploads/317cffcf-6c9e-4016-8c0e-2abf64adfd43.json': Format not recognised.

During handling of the above exception, another exception occurred:

Traceback (most recent call last):
  File "app.py", line 61, in predict
    log_file.write(f'File disimpan di: {filepath}\n')
        ^^^^^^^^^^^^^^^^^^^^^^^^^^^^^^^^
  File "/home/trplbmyi/virtualenv/domains/trpl7b.my.id/public_html/paru/3.11/lib/python3.11/site-packages/librosa/core/audio.py", line 183, in load
    y, sr_native = __audioread_load(path, offset, duration, dtype)
                   ^^^^^^^^^^^^^^^^^^^^^^^^^^^^^^^^^^^^^^^^^^^^^^^
  File "/home/trplbmyi/virtualenv/domains/trpl7b.my.id/public_html/paru/3.11/lib/python3.11/site-packages/decorator.py", line 235, in fun
    return caller(func, *(extras + args), **kw)
           ^^^^^^^^^^^^^^^^^^^^^^^^^^^^^^^^^^^^
  File "/home/trplbmyi/virtualenv/domains/trpl7b.my.id/public_html/paru/3.11/lib/python3.11/site-packages/librosa/util/decorators.py", line 59, in __wrapper
    return func(*args, **kwargs)
           ^^^^^^^^^^^^^^^^^^^^^
  File "/home/trplbmyi/virtualenv/domains/trpl7b.my.id/public_html/paru/3.11/lib/python3.11/site-packages/librosa/core/audio.py", line 239, in __audioread_load
    reader = audioread.audio_open(path)
             ^^^^^^^^^^^^^^^^^^^^^^^^^^
  File "/home/trplbmyi/virtualenv/domains/trpl7b.my.id/public_html/paru/3.11/lib/python3.11/site-packages/audioread/__init__.py", line 132, in audio_open
    raise NoBackendError()
audioread.exceptions.NoBackendError

--- MASUK ENDPOINT /predict ---
File disimpan di: /home/trplbmyi/domains/trpl7b.my.id/public_html/paru/uploads/317cffcf-6c9e-4016-8c0e-2abf64adfd43.json
--- ERROR ---
Traceback (most recent call last):
  File "/home/trplbmyi/virtualenv/domains/trpl7b.my.id/public_html/paru/3.11/lib/python3.11/site-packages/librosa/core/audio.py", line 175, in load
    y, sr_native = __soundfile_load(path, offset, duration, dtype)
                   ^^^^^^^^^^^^^^^^^^^^^^^^^^^^^^^^^^^^^^^^^^^^^^^
  File "/home/trplbmyi/virtualenv/domains/trpl7b.my.id/public_html/paru/3.11/lib/python3.11/site-packages/librosa/core/audio.py", line 208, in __soundfile_load
    context = sf.SoundFile(path)
              ^^^^^^^^^^^^^^^^^^
  File "/home/trplbmyi/virtualenv/domains/trpl7b.my.id/public_html/paru/3.11/lib/python3.11/site-packages/soundfile.py", line 658, in __init__
    self._file = self._open(file, mode_int, closefd)
                 ^^^^^^^^^^^^^^^^^^^^^^^^^^^^^^^^^^^
  File "/home/trplbmyi/virtualenv/domains/trpl7b.my.id/public_html/paru/3.11/lib/python3.11/site-packages/soundfile.py", line 1216, in _open
    raise LibsndfileError(err, prefix="Error opening {0!r}: ".format(self.name))
soundfile.LibsndfileError: Error opening '/home/trplbmyi/domains/trpl7b.my.id/public_html/paru/uploads/317cffcf-6c9e-4016-8c0e-2abf64adfd43.json': Format not recognised.

During handling of the above exception, another exception occurred:

Traceback (most recent call last):
  File "app.py", line 61, in predict
    log_file.write(f'File disimpan di: {filepath}\n')
        ^^^^^^^^^^^^^^^^^^^^^^^^^^^^^^^^
  File "/home/trplbmyi/virtualenv/domains/trpl7b.my.id/public_html/paru/3.11/lib/python3.11/site-packages/librosa/core/audio.py", line 183, in load
    y, sr_native = __audioread_load(path, offset, duration, dtype)
                   ^^^^^^^^^^^^^^^^^^^^^^^^^^^^^^^^^^^^^^^^^^^^^^^
  File "/home/trplbmyi/virtualenv/domains/trpl7b.my.id/public_html/paru/3.11/lib/python3.11/site-packages/decorator.py", line 235, in fun
    return caller(func, *(extras + args), **kw)
           ^^^^^^^^^^^^^^^^^^^^^^^^^^^^^^^^^^^^
  File "/home/trplbmyi/virtualenv/domains/trpl7b.my.id/public_html/paru/3.11/lib/python3.11/site-packages/librosa/util/decorators.py", line 59, in __wrapper
    return func(*args, **kwargs)
           ^^^^^^^^^^^^^^^^^^^^^
  File "/home/trplbmyi/virtualenv/domains/trpl7b.my.id/public_html/paru/3.11/lib/python3.11/site-packages/librosa/core/audio.py", line 239, in __audioread_load
    reader = audioread.audio_open(path)
             ^^^^^^^^^^^^^^^^^^^^^^^^^^
  File "/home/trplbmyi/virtualenv/domains/trpl7b.my.id/public_html/paru/3.11/lib/python3.11/site-packages/audioread/__init__.py", line 132, in audio_open
    raise NoBackendError()
audioread.exceptions.NoBackendError

--- MASUK ENDPOINT /predict ---
File disimpan di: /home/trplbmyi/domains/trpl7b.my.id/public_html/paru/uploads/317cffcf-6c9e-4016-8c0e-2abf64adfd43.wav
MFCC shape: (1, 13)
--- MASUK ENDPOINT /predict ---
--- MASUK ENDPOINT /predict ---
--- MASUK ENDPOINT /predict ---
--- MASUK ENDPOINT /predict ---
--- MASUK ENDPOINT /predict ---
--- MASUK ENDPOINT /predict ---
--- MASUK ENDPOINT /predict ---
--- MASUK ENDPOINT /predict ---
--- MASUK ENDPOINT /predict ---
--- MASUK ENDPOINT /predict ---
--- MASUK ENDPOINT /predict ---
--- MASUK ENDPOINT /predict ---
--- MASUK ENDPOINT /predict ---
--- MASUK ENDPOINT /predict ---
--- MASUK ENDPOINT /predict ---
--- MASUK ENDPOINT /predict ---
--- MASUK ENDPOINT /predict ---
--- MASUK ENDPOINT /predict ---
--- MASUK ENDPOINT /predict ---
--- MASUK ENDPOINT /predict ---
--- MASUK ENDPOINT /predict ---
--- MASUK ENDPOINT /predict ---
--- MASUK ENDPOINT /predict ---
--- MASUK ENDPOINT /predict ---
--- MASUK ENDPOINT /predict ---
--- MASUK ENDPOINT /predict ---
--- MASUK ENDPOINT /predict ---
--- MASUK ENDPOINT /predict ---
--- MASUK ENDPOINT /predict ---
--- MASUK ENDPOINT /predict ---
--- MASUK ENDPOINT /predict ---
--- MASUK ENDPOINT /predict ---
--- MASUK ENDPOINT /predict ---
--- MASUK ENDPOINT /predict ---
File disimpan di: /home/trplbmyi/domains/trpl7b.my.id/public_html/paru/uploads/0b4dbd11-61ee-480d-96c7-9cf684053894.wav
Size file: 950478 bytes
--- MASUK ENDPOINT /predict ---
File disimpan di: /home/trplbmyi/domains/trpl7b.my.id/public_html/paru/uploads/2d05391d-b70f-4daf-98b4-aedc52b15634.wav
Size file: 633678 bytes
--- MASUK ENDPOINT /predict ---
File disimpan di: /home/trplbmyi/domains/trpl7b.my.id/public_html/paru/uploads/2d05391d-b70f-4daf-98b4-aedc52b15634.wav
Size file: 633678 bytes
--- MASUK ENDPOINT /predict ---
File disimpan di: /home/trplbmyi/domains/trpl7b.my.id/public_html/paru/uploads/2d05391d-b70f-4daf-98b4-aedc52b15634.wav
Size file: 633678 bytes
MFCC shape: (1, 13)
File /home/trplbmyi/domains/trpl7b.my.id/public_html/paru/uploads/2d05391d-b70f-4daf-98b4-aedc52b15634.wav dihapus setelah diproses
--- MASUK ENDPOINT /predict ---
File disimpan di: /home/trplbmyi/domains/trpl7b.my.id/public_html/paru/uploads/317cffcf-6c9e-4016-8c0e-2abf64adfd43.wav
Size file: 938958 bytes
MFCC shape: (1, 13)
File /home/trplbmyi/domains/trpl7b.my.id/public_html/paru/uploads/317cffcf-6c9e-4016-8c0e-2abf64adfd43.wav dihapus setelah diproses
--- MASUK ENDPOINT /predict ---
File disimpan di: /home/trplbmyi/domains/trpl7b.my.id/public_html/paru/uploads/317cffcf-6c9e-4016-8c0e-2abf64adfd43.wav
Size file: 938958 bytes
MFCC shape: (1, 13)
File /home/trplbmyi/domains/trpl7b.my.id/public_html/paru/uploads/317cffcf-6c9e-4016-8c0e-2abf64adfd43.wav dihapus setelah diproses
--- MASUK ENDPOINT /predict ---
File disimpan di: /home/trplbmyi/domains/trpl7b.my.id/public_html/paru/uploads/9cccb186-aa6c-4f90-a635-a7134b5386df.wav
Size file: 714318 bytes
MFCC shape: (1, 13)
File /home/trplbmyi/domains/trpl7b.my.id/public_html/paru/uploads/9cccb186-aa6c-4f90-a635-a7134b5386df.wav dihapus setelah diproses
--- MASUK ENDPOINT /predict ---
File disimpan di: /home/trplbmyi/domains/trpl7b.my.id/public_html/paru/uploads/81930782-01e6-4aac-b291-f5475b316aa2.wav
Size file: 944718 bytes
MFCC shape: (1, 13)
File /home/trplbmyi/domains/trpl7b.my.id/public_html/paru/uploads/81930782-01e6-4aac-b291-f5475b316aa2.wav dihapus setelah diproses
--- MASUK ENDPOINT /predict ---
File disimpan di: /home/trplbmyi/domains/trpl7b.my.id/public_html/paru/uploads/0d6fbb20-1c67-4b47-916f-615dfb105cfa.wav
Size file: 668238 bytes
MFCC shape: (1, 13)
File /home/trplbmyi/domains/trpl7b.my.id/public_html/paru/uploads/0d6fbb20-1c67-4b47-916f-615dfb105cfa.wav dihapus setelah diproses
--- MASUK ENDPOINT /predict ---
File disimpan di: /home/trplbmyi/domains/trpl7b.my.id/public_html/paru/uploads/fff13fa2-a725-49ef-812a-39c6cedda33d.wav
Size file: 950478 bytes
MFCC shape: (1, 13)
File /home/trplbmyi/domains/trpl7b.my.id/public_html/paru/uploads/fff13fa2-a725-49ef-812a-39c6cedda33d.wav dihapus setelah diproses
--- MASUK ENDPOINT /predict ---
File disimpan di: /home/trplbmyi/domains/trpl7b.my.id/public_html/paru/uploads/0d6fbb20-1c67-4b47-916f-615dfb105cfa.wav
Size file: 668238 bytes
MFCC shape: (1, 13)
File /home/trplbmyi/domains/trpl7b.my.id/public_html/paru/uploads/0d6fbb20-1c67-4b47-916f-615dfb105cfa.wav dihapus setelah diproses
--- MASUK ENDPOINT /predict ---
File disimpan di: /home/trplbmyi/domains/trpl7b.my.id/public_html/paru/uploads/rekaman.wav
Size file: 270380 bytes
MFCC shape: (1, 13)
File /home/trplbmyi/domains/trpl7b.my.id/public_html/paru/uploads/rekaman.wav dihapus setelah diproses
--- MASUK ENDPOINT /predict ---
File disimpan di: /home/trplbmyi/domains/trpl7b.my.id/public_html/paru/uploads/2f634c30-5d6a-48c0-8f46-1de72d114886.wav
Size file: 259278 bytes
MFCC shape: (1, 13)
File /home/trplbmyi/domains/trpl7b.my.id/public_html/paru/uploads/2f634c30-5d6a-48c0-8f46-1de72d114886.wav dihapus setelah diproses
--- MASUK ENDPOINT /predict ---
File disimpan di: /home/trplbmyi/domains/trpl7b.my.id/public_html/paru/uploads/fc42b880-26ff-4655-98bb-72be02d13f6e.wav
Size file: 247758 bytes
MFCC shape: (1, 13)
File /home/trplbmyi/domains/trpl7b.my.id/public_html/paru/uploads/fc42b880-26ff-4655-98bb-72be02d13f6e.wav dihapus setelah diproses
--- MASUK ENDPOINT /predict ---
File disimpan di: /home/trplbmyi/domains/trpl7b.my.id/public_html/paru/uploads/01a809fd-490b-4b12-ba05-2e0f2113fcc7.wav
Size file: 235107 bytes
Error loading audio: 
File /home/trplbmyi/domains/trpl7b.my.id/public_html/paru/uploads/01a809fd-490b-4b12-ba05-2e0f2113fcc7.wav dihapus setelah diproses
--- MASUK ENDPOINT /predict ---
File disimpan di: /home/trplbmyi/domains/trpl7b.my.id/public_html/paru/uploads/0589b52b-c56e-406e-98c7-2aa7db77ef40.wav
Size file: 98179 bytes
Error loading audio: 
File /home/trplbmyi/domains/trpl7b.my.id/public_html/paru/uploads/0589b52b-c56e-406e-98c7-2aa7db77ef40.wav dihapus setelah diproses
--- MASUK ENDPOINT /predict ---
File disimpan di: /home/trplbmyi/domains/trpl7b.my.id/public_html/paru/uploads/189979c9-cdb8-4927-be19-a7ae9690c7b2.wav
Size file: 232783 bytes
Error loading audio: 
File /home/trplbmyi/domains/trpl7b.my.id/public_html/paru/uploads/189979c9-cdb8-4927-be19-a7ae9690c7b2.wav dihapus setelah diproses
--- MASUK ENDPOINT /predict ---
File disimpan di: /home/trplbmyi/domains/trpl7b.my.id/public_html/paru/uploads/317cffcf-6c9e-4016-8c0e-2abf64adfd43.wav
Size file: 938958 bytes
MFCC shape: (1, 13)
File /home/trplbmyi/domains/trpl7b.my.id/public_html/paru/uploads/317cffcf-6c9e-4016-8c0e-2abf64adfd43.wav dihapus setelah diproses
--- MASUK ENDPOINT /predict ---
File disimpan di: /home/trplbmyi/domains/trpl7b.my.id/public_html/paru/uploads/961b3b0c-3613-4ff8-9e8a-7ef6de75f900.wav
Size file: 564558 bytes
MFCC shape: (1, 13)
File /home/trplbmyi/domains/trpl7b.my.id/public_html/paru/uploads/961b3b0c-3613-4ff8-9e8a-7ef6de75f900.wav dihapus setelah diproses
--- MASUK ENDPOINT /predict ---
File disimpan di: /home/trplbmyi/domains/trpl7b.my.id/public_html/paru/uploads/8b30ec37-92f1-49e9-a936-aa58f64a08f6.wav
Size file: 12332 bytes
MFCC shape: (1, 13)
File /home/trplbmyi/domains/trpl7b.my.id/public_html/paru/uploads/8b30ec37-92f1-49e9-a936-aa58f64a08f6.wav dihapus setelah diproses
--- MASUK ENDPOINT /predict ---
File disimpan di: /home/trplbmyi/domains/trpl7b.my.id/public_html/paru/uploads/03bcf102-df78-4d03-abd6-32fa1f4dd89b.wav
Size file: 234298 bytes
Error loading audio: 
File /home/trplbmyi/domains/trpl7b.my.id/public_html/paru/uploads/03bcf102-df78-4d03-abd6-32fa1f4dd89b.wav dihapus setelah diproses
--- MASUK ENDPOINT /predict ---
File disimpan di: /home/trplbmyi/domains/trpl7b.my.id/public_html/paru/uploads/c994370f-db94-40dd-bc2f-48f9a387ea18.wav
Size file: 149025 bytes
Error loading audio: 
File /home/trplbmyi/domains/trpl7b.my.id/public_html/paru/uploads/c994370f-db94-40dd-bc2f-48f9a387ea18.wav dihapus setelah diproses
--- MASUK ENDPOINT /predict ---
File disimpan di: /home/trplbmyi/domains/trpl7b.my.id/public_html/paru/uploads/0ce6f9b8-b738-4251-8b50-716c116858d4.wav
Size file: 880684 bytes
MFCC shape: (1, 13)
File /home/trplbmyi/domains/trpl7b.my.id/public_html/paru/uploads/0ce6f9b8-b738-4251-8b50-716c116858d4.wav dihapus setelah diproses
--- MASUK ENDPOINT /predict ---
File disimpan di: /home/trplbmyi/domains/trpl7b.my.id/public_html/paru/uploads/123f18d6-b5fb-4c9d-8b2f-2ae232200da3.wav
Size file: 876588 bytes
MFCC shape: (1, 13)
File /home/trplbmyi/domains/trpl7b.my.id/public_html/paru/uploads/123f18d6-b5fb-4c9d-8b2f-2ae232200da3.wav dihapus setelah diproses
--- MASUK ENDPOINT /predict ---
File disimpan di: /home/trplbmyi/domains/trpl7b.my.id/public_html/paru/uploads/2209f009-ee71-4289-9b40-422c5ac82d3f.wav
Size file: 215062 bytes
Error loading audio: 
File /home/trplbmyi/domains/trpl7b.my.id/public_html/paru/uploads/2209f009-ee71-4289-9b40-422c5ac82d3f.wav dihapus setelah diproses
--- MASUK ENDPOINT /predict ---
File disimpan di: /home/trplbmyi/domains/trpl7b.my.id/public_html/paru/uploads/38ffef65-c546-46d7-91d3-bd1f91802ead.wav
Size file: 589868 bytes
MFCC shape: (1, 13)
File /home/trplbmyi/domains/trpl7b.my.id/public_html/paru/uploads/38ffef65-c546-46d7-91d3-bd1f91802ead.wav dihapus setelah diproses
--- MASUK ENDPOINT /predict ---
File disimpan di: /home/trplbmyi/domains/trpl7b.my.id/public_html/paru/uploads/6f8e94a5-daea-4a75-941c-d4acd574a0ca.wav
Size file: 95058 bytes
Error loading audio: 
File /home/trplbmyi/domains/trpl7b.my.id/public_html/paru/uploads/6f8e94a5-daea-4a75-941c-d4acd574a0ca.wav dihapus setelah diproses
--- MASUK ENDPOINT /predict ---
File disimpan di: /home/trplbmyi/domains/trpl7b.my.id/public_html/paru/uploads/2ab19b53-28cc-4c8f-82e7-2c6bc8538ec6.wav
Size file: 737358 bytes
MFCC shape: (1, 13)
File /home/trplbmyi/domains/trpl7b.my.id/public_html/paru/uploads/2ab19b53-28cc-4c8f-82e7-2c6bc8538ec6.wav dihapus setelah diproses
--- MASUK ENDPOINT /predict ---
File disimpan di: /home/trplbmyi/domains/trpl7b.my.id/public_html/paru/uploads/317cffcf-6c9e-4016-8c0e-2abf64adfd43.wav
Size file: 938958 bytes
MFCC shape: (1, 13)
File /home/trplbmyi/domains/trpl7b.my.id/public_html/paru/uploads/317cffcf-6c9e-4016-8c0e-2abf64adfd43.wav dihapus setelah diproses
--- MASUK ENDPOINT /predict ---
File disimpan di: /home/trplbmyi/domains/trpl7b.my.id/public_html/paru/uploads/cd99d9c4-3ec2-4cc8-803b-e2db85f02c8a.wav
Size file: 437838 bytes
MFCC shape: (1, 13)
File /home/trplbmyi/domains/trpl7b.my.id/public_html/paru/uploads/cd99d9c4-3ec2-4cc8-803b-e2db85f02c8a.wav dihapus setelah diproses
--- MASUK ENDPOINT /predict ---
File disimpan di: /home/trplbmyi/domains/trpl7b.my.id/public_html/paru/uploads/205fb49d-3bbb-48dd-967c-08a61882f31d.wav
Size file: 524238 bytes
MFCC shape: (1, 13)
File /home/trplbmyi/domains/trpl7b.my.id/public_html/paru/uploads/205fb49d-3bbb-48dd-967c-08a61882f31d.wav dihapus setelah diproses
--- MASUK ENDPOINT /predict ---
File disimpan di: /home/trplbmyi/domains/trpl7b.my.id/public_html/paru/uploads/300e987b-f3d0-49cc-9e09-55b0df128667.wav
Size file: 210510 bytes
MFCC shape: (1, 13)
File /home/trplbmyi/domains/trpl7b.my.id/public_html/paru/uploads/300e987b-f3d0-49cc-9e09-55b0df128667.wav dihapus setelah diproses
--- MASUK ENDPOINT /predict ---
File disimpan di: /home/trplbmyi/domains/trpl7b.my.id/public_html/paru/uploads/49dce27e-b1f2-4ee9-855d-b91335524ec9.wav
Size file: 950478 bytes
MFCC shape: (1, 13)
File /home/trplbmyi/domains/trpl7b.my.id/public_html/paru/uploads/49dce27e-b1f2-4ee9-855d-b91335524ec9.wav dihapus setelah diproses
--- MASUK ENDPOINT /predict ---
File disimpan di: /home/trplbmyi/domains/trpl7b.my.id/public_html/paru/uploads/c53d4e4a-672f-427a-a1a2-d6df31b080f3.wav
Size file: 1925198 bytes
MFCC shape: (1, 13)
File /home/trplbmyi/domains/trpl7b.my.id/public_html/paru/uploads/c53d4e4a-672f-427a-a1a2-d6df31b080f3.wav dihapus setelah diproses
--- MASUK ENDPOINT /predict ---
File disimpan di: /home/trplbmyi/domains/trpl7b.my.id/public_html/paru/uploads/a934247e-c84a-46eb-95a5-7cc868403633.wav
Size file: 950478 bytes
MFCC shape: (1, 13)
File /home/trplbmyi/domains/trpl7b.my.id/public_html/paru/uploads/a934247e-c84a-46eb-95a5-7cc868403633.wav dihapus setelah diproses
--- MASUK ENDPOINT /predict ---
File disimpan di: /home/trplbmyi/domains/trpl7b.my.id/public_html/paru/uploads/1933a8d9-3ea6-4365-a421-d8be52ca74e9.wav
Size file: 956238 bytes
MFCC shape: (1, 13)
File /home/trplbmyi/domains/trpl7b.my.id/public_html/paru/uploads/1933a8d9-3ea6-4365-a421-d8be52ca74e9.wav dihapus setelah diproses
--- MASUK ENDPOINT /predict ---
File disimpan di: /home/trplbmyi/domains/trpl7b.my.id/public_html/paru/uploads/1933a8d9-3ea6-4365-a421-d8be52ca74e9.wav
Size file: 956238 bytes
MFCC shape: (1, 13)
File /home/trplbmyi/domains/trpl7b.my.id/public_html/paru/uploads/1933a8d9-3ea6-4365-a421-d8be52ca74e9.wav dihapus setelah diproses
--- MASUK ENDPOINT /predict ---
File disimpan di: /home/trplbmyi/domains/trpl7b.my.id/public_html/paru/uploads/d9d6f432-925b-438c-82e3-3f406b8975af.wav
Size file: 374478 bytes
MFCC shape: (1, 13)
File /home/trplbmyi/domains/trpl7b.my.id/public_html/paru/uploads/d9d6f432-925b-438c-82e3-3f406b8975af.wav dihapus setelah diproses
--- MASUK ENDPOINT /predict ---
File disimpan di: /home/trplbmyi/domains/trpl7b.my.id/public_html/paru/uploads/0044964d-f7e9-43e3-831f-ae3e6374a9a4.wav
Size file: 956238 bytes
MFCC shape: (1, 13)
File /home/trplbmyi/domains/trpl7b.my.id/public_html/paru/uploads/0044964d-f7e9-43e3-831f-ae3e6374a9a4.wav dihapus setelah diproses
--- MASUK ENDPOINT /predict ---
File disimpan di: /home/trplbmyi/domains/trpl7b.my.id/public_html/paru/uploads/0908fd5c-9e5c-440b-a90d-832d76899be0.wav
Size file: 817998 bytes
MFCC shape: (1, 13)
File /home/trplbmyi/domains/trpl7b.my.id/public_html/paru/uploads/0908fd5c-9e5c-440b-a90d-832d76899be0.wav dihapus setelah diproses
--- MASUK ENDPOINT /predict ---
File disimpan di: /home/trplbmyi/domains/trpl7b.my.id/public_html/paru/uploads/adc5e746-2601-45ac-8eb3-e17ead9c44bf.wav
Size file: 950478 bytes
MFCC shape: (1, 13)
File /home/trplbmyi/domains/trpl7b.my.id/public_html/paru/uploads/adc5e746-2601-45ac-8eb3-e17ead9c44bf.wav dihapus setelah diproses
--- MASUK ENDPOINT /predict ---
File disimpan di: /home/trplbmyi/domains/trpl7b.my.id/public_html/paru/uploads/052fc88d-aa01-4422-85fd-f0ddebb8bd95.wav
Size file: 944718 bytes
MFCC shape: (1, 13)
File /home/trplbmyi/domains/trpl7b.my.id/public_html/paru/uploads/052fc88d-aa01-4422-85fd-f0ddebb8bd95.wav dihapus setelah diproses
--- MASUK ENDPOINT /predict ---
File disimpan di: /home/trplbmyi/domains/trpl7b.my.id/public_html/paru/uploads/b8fe3874-714e-40d5-902b-9a914ba0b723.wav
Size file: 364878 bytes
MFCC shape: (1, 13)
File /home/trplbmyi/domains/trpl7b.my.id/public_html/paru/uploads/b8fe3874-714e-40d5-902b-9a914ba0b723.wav dihapus setelah diproses
--- MASUK ENDPOINT /predict ---
File disimpan di: /home/trplbmyi/domains/trpl7b.my.id/public_html/paru/uploads/abde560c-2ce1-41fc-a87f-50c5e437f635.wav
Size file: 864078 bytes
MFCC shape: (1, 13)
File /home/trplbmyi/domains/trpl7b.my.id/public_html/paru/uploads/abde560c-2ce1-41fc-a87f-50c5e437f635.wav dihapus setelah diproses
--- MASUK ENDPOINT /predict ---
File disimpan di: /home/trplbmyi/domains/trpl7b.my.id/public_html/paru/uploads/e5b02b14-2afb-4b71-854b-b7633497e237.wav
Size file: 656718 bytes
MFCC shape: (1, 13)
File /home/trplbmyi/domains/trpl7b.my.id/public_html/paru/uploads/e5b02b14-2afb-4b71-854b-b7633497e237.wav dihapus setelah diproses
--- MASUK ENDPOINT /predict ---
File disimpan di: /home/trplbmyi/domains/trpl7b.my.id/public_html/paru/uploads/00a0156b-7179-4773-8a2c-4bb919e076bd.wav
Size file: 850042 bytes
MFCC shape: (1, 13)
File /home/trplbmyi/domains/trpl7b.my.id/public_html/paru/uploads/00a0156b-7179-4773-8a2c-4bb919e076bd.wav dihapus setelah diproses
--- MASUK ENDPOINT /predict ---
File disimpan di: /home/trplbmyi/domains/trpl7b.my.id/public_html/paru/uploads/483c3e29-ff85-4a0e-9313-a6c1103d2dd2.wav
Size file: 328398 bytes
MFCC shape: (1, 13)
File /home/trplbmyi/domains/trpl7b.my.id/public_html/paru/uploads/483c3e29-ff85-4a0e-9313-a6c1103d2dd2.wav dihapus setelah diproses
--- MASUK ENDPOINT /predict ---
File disimpan di: /home/trplbmyi/domains/trpl7b.my.id/public_html/paru/uploads/4829ca7e-5150-4624-b2e4-6753b3f7d8aa.wav
Size file: 950478 bytes
MFCC shape: (1, 13)
File /home/trplbmyi/domains/trpl7b.my.id/public_html/paru/uploads/4829ca7e-5150-4624-b2e4-6753b3f7d8aa.wav dihapus setelah diproses
--- MASUK ENDPOINT /predict ---
File disimpan di: /home/trplbmyi/domains/trpl7b.my.id/public_html/paru/uploads/f782c775-8065-4756-866f-e8638bad9c51.wav
Size file: 950478 bytes
MFCC shape: (1, 13)
File /home/trplbmyi/domains/trpl7b.my.id/public_html/paru/uploads/f782c775-8065-4756-866f-e8638bad9c51.wav dihapus setelah diproses
--- MASUK ENDPOINT /predict ---
File disimpan di: /home/trplbmyi/domains/trpl7b.my.id/public_html/paru/uploads/fff13fa2-a725-49ef-812a-39c6cedda33d.wav
Size file: 950478 bytes
MFCC shape: (1, 13)
File /home/trplbmyi/domains/trpl7b.my.id/public_html/paru/uploads/fff13fa2-a725-49ef-812a-39c6cedda33d.wav dihapus setelah diproses
--- MASUK ENDPOINT /predict ---
File disimpan di: /home/trplbmyi/domains/trpl7b.my.id/public_html/paru/uploads/7f1c4ddc-b188-4bf8-89f9-df0f199bf4c4.wav
Size file: 97629 bytes
Error loading audio: 
File /home/trplbmyi/domains/trpl7b.my.id/public_html/paru/uploads/7f1c4ddc-b188-4bf8-89f9-df0f199bf4c4.wav dihapus setelah diproses
--- MASUK ENDPOINT /predict ---
File disimpan di: /home/trplbmyi/domains/trpl7b.my.id/public_html/paru/uploads/fffd1834-6cf2-4782-bb30-04c31b46a1fe.wav
Size file: 73953 bytes
Error loading audio: 
File /home/trplbmyi/domains/trpl7b.my.id/public_html/paru/uploads/fffd1834-6cf2-4782-bb30-04c31b46a1fe.wav dihapus setelah diproses
--- MASUK ENDPOINT /predict ---
File disimpan di: /home/trplbmyi/domains/trpl7b.my.id/public_html/paru/uploads/0201e61e-fe9a-4691-a49b-9a4ac7e880d0.wav
Size file: 434220 bytes
MFCC shape: (1, 13)
File /home/trplbmyi/domains/trpl7b.my.id/public_html/paru/uploads/0201e61e-fe9a-4691-a49b-9a4ac7e880d0.wav dihapus setelah diproses
--- MASUK ENDPOINT /predict ---
File disimpan di: /home/trplbmyi/domains/trpl7b.my.id/public_html/paru/uploads/0ce6f9b8-b738-4251-8b50-716c116858d4.wav
Size file: 880684 bytes
MFCC shape: (1, 13)
File /home/trplbmyi/domains/trpl7b.my.id/public_html/paru/uploads/0ce6f9b8-b738-4251-8b50-716c116858d4.wav dihapus setelah diproses
--- MASUK ENDPOINT /predict ---
File disimpan di: /home/trplbmyi/domains/trpl7b.my.id/public_html/paru/uploads/1349e277-95c7-4bdb-863a-2fd861e81726.wav
Size file: 41738 bytes
Error loading audio: 
File /home/trplbmyi/domains/trpl7b.my.id/public_html/paru/uploads/1349e277-95c7-4bdb-863a-2fd861e81726.wav dihapus setelah diproses
--- MASUK ENDPOINT /predict ---
File disimpan di: /home/trplbmyi/domains/trpl7b.my.id/public_html/paru/uploads/f93f9e0d-0465-461f-8a6c-e3c163e9cc45.wav
Size file: 958508 bytes
MFCC shape: (1, 13)
File /home/trplbmyi/domains/trpl7b.my.id/public_html/paru/uploads/f93f9e0d-0465-461f-8a6c-e3c163e9cc45.wav dihapus setelah diproses
--- MASUK ENDPOINT /predict ---
File disimpan di: /home/trplbmyi/domains/trpl7b.my.id/public_html/paru/uploads/026967ef-d1a3-4fc5-a752-e0259d3c92a1.wav
Size file: 237569 bytes
Error loading audio: 
File /home/trplbmyi/domains/trpl7b.my.id/public_html/paru/uploads/026967ef-d1a3-4fc5-a752-e0259d3c92a1.wav dihapus setelah diproses
--- MASUK ENDPOINT /predict ---
File disimpan di: /home/trplbmyi/domains/trpl7b.my.id/public_html/paru/uploads/8c38799a-8c3e-4494-b569-7f6fc2259517.wav
Size file: 958508 bytes
MFCC shape: (1, 13)
File /home/trplbmyi/domains/trpl7b.my.id/public_html/paru/uploads/8c38799a-8c3e-4494-b569-7f6fc2259517.wav dihapus setelah diproses
--- MASUK ENDPOINT /predict ---
File disimpan di: /home/trplbmyi/domains/trpl7b.my.id/public_html/paru/uploads/0d323007-cba0-4b55-b7f2-49d67a63f024.wav
Size file: 958508 bytes
MFCC shape: (1, 13)
File /home/trplbmyi/domains/trpl7b.my.id/public_html/paru/uploads/0d323007-cba0-4b55-b7f2-49d67a63f024.wav dihapus setelah diproses
--- MASUK ENDPOINT /predict ---
File disimpan di: /home/trplbmyi/domains/trpl7b.my.id/public_html/paru/uploads/205fb49d-3bbb-48dd-967c-08a61882f31d.webm
Size file: 23367 bytes
Error loading audio: 
File /home/trplbmyi/domains/trpl7b.my.id/public_html/paru/uploads/205fb49d-3bbb-48dd-967c-08a61882f31d.webm dihapus setelah diproses
--- MASUK ENDPOINT /predict ---
File disimpan di: /home/trplbmyi/domains/trpl7b.my.id/public_html/paru/uploads/205c8295-a4bd-4558-ac36-dc4532ddae1b.wav
Size file: 176740 bytes
Error loading audio: 
File /home/trplbmyi/domains/trpl7b.my.id/public_html/paru/uploads/205c8295-a4bd-4558-ac36-dc4532ddae1b.wav dihapus setelah diproses
--- MASUK ENDPOINT /predict ---
File disimpan di: /home/trplbmyi/domains/trpl7b.my.id/public_html/paru/uploads/205fb49d-3bbb-48dd-967c-08a61882f31d.wav
Size file: 524238 bytes
MFCC shape: (1, 13)
File /home/trplbmyi/domains/trpl7b.my.id/public_html/paru/uploads/205fb49d-3bbb-48dd-967c-08a61882f31d.wav dihapus setelah diproses
--- MASUK ENDPOINT /predict ---
File disimpan di: /home/trplbmyi/domains/trpl7b.my.id/public_html/paru/uploads/1933a8d9-3ea6-4365-a421-d8be52ca74e9.wav
Size file: 956238 bytes
MFCC shape: (1, 13)
File /home/trplbmyi/domains/trpl7b.my.id/public_html/paru/uploads/1933a8d9-3ea6-4365-a421-d8be52ca74e9.wav dihapus setelah diproses
--- MASUK ENDPOINT /predict ---
File disimpan di: /home/trplbmyi/domains/trpl7b.my.id/public_html/paru/uploads/36d88dd9-8175-4b82-8c3a-6415b771e277.wav
Size file: 622158 bytes
--- MASUK ENDPOINT /predict ---
File disimpan di: /home/trplbmyi/domains/trpl7b.my.id/public_html/paru/uploads/36d88dd9-8175-4b82-8c3a-6415b771e277.wav
Size file: 622158 bytes
MFCC shape: (1, 13)
File /home/trplbmyi/domains/trpl7b.my.id/public_html/paru/uploads/36d88dd9-8175-4b82-8c3a-6415b771e277.wav dihapus setelah diproses
--- MASUK ENDPOINT /predict ---
File disimpan di: /home/trplbmyi/domains/trpl7b.my.id/public_html/paru/uploads/8c38799a-8c3e-4494-b569-7f6fc2259517.wav
Size file: 958508 bytes
MFCC shape: (1, 13)
File /home/trplbmyi/domains/trpl7b.my.id/public_html/paru/uploads/8c38799a-8c3e-4494-b569-7f6fc2259517.wav dihapus setelah diproses
--- MASUK ENDPOINT /predict ---
File disimpan di: /home/trplbmyi/domains/trpl7b.my.id/public_html/paru/uploads/0201e61e-fe9a-4691-a49b-9a4ac7e880d0.wav
Size file: 434220 bytes
MFCC shape: (1, 13)
File /home/trplbmyi/domains/trpl7b.my.id/public_html/paru/uploads/0201e61e-fe9a-4691-a49b-9a4ac7e880d0.wav dihapus setelah diproses
--- MASUK ENDPOINT /predict ---
File disimpan di: /home/trplbmyi/domains/trpl7b.my.id/public_html/paru/uploads/205fb49d-3bbb-48dd-967c-08a61882f31d.webm
Size file: 23367 bytes
--- MASUK ENDPOINT /predict ---
File disimpan di: /home/trplbmyi/domains/trpl7b.my.id/public_html/paru/uploads/205fb49d-3bbb-48dd-967c-08a61882f31d.webm
Size file: 23367 bytes
--- MASUK ENDPOINT /predict ---
File disimpan di: /home/trplbmyi/domains/trpl7b.my.id/public_html/paru/uploads/205fb49d-3bbb-48dd-967c-08a61882f31d.webm
Size file: 23367 bytes
Error loading audio: 
File /home/trplbmyi/domains/trpl7b.my.id/public_html/paru/uploads/205fb49d-3bbb-48dd-967c-08a61882f31d.webm dihapus setelah diproses
--- MASUK ENDPOINT /predict ---
File disimpan di: /home/trplbmyi/domains/trpl7b.my.id/public_html/paru/uploads/205fb49d-3bbb-48dd-967c-08a61882f31d.wav
Size file: 524238 bytes
MFCC shape: (1, 13)
File /home/trplbmyi/domains/trpl7b.my.id/public_html/paru/uploads/205fb49d-3bbb-48dd-967c-08a61882f31d.wav dihapus setelah diproses
--- MASUK ENDPOINT /predict ---
File disimpan di: /home/trplbmyi/domains/trpl7b.my.id/public_html/paru/uploads/0afd1bba-fd24-4ff3-a246-3ed081411d65.wav
Size file: 956238 bytes
--- MASUK ENDPOINT /predict ---
File disimpan di: /home/trplbmyi/domains/trpl7b.my.id/public_html/paru/uploads/0afd1bba-fd24-4ff3-a246-3ed081411d65.wav
Size file: 956238 bytes
--- MASUK ENDPOINT /predict ---
File disimpan di: /home/trplbmyi/domains/trpl7b.my.id/public_html/paru/uploads/0afd1bba-fd24-4ff3-a246-3ed081411d65.wav
Size file: 956238 bytes
--- MASUK ENDPOINT /predict ---
File disimpan di: /home/trplbmyi/domains/trpl7b.my.id/public_html/paru/uploads/0afd1bba-fd24-4ff3-a246-3ed081411d65.wav
Size file: 956238 bytes
MFCC shape: (1, 13)
File /home/trplbmyi/domains/trpl7b.my.id/public_html/paru/uploads/0afd1bba-fd24-4ff3-a246-3ed081411d65.wav dihapus setelah diproses
--- MASUK ENDPOINT /predict ---
File disimpan di: /home/trplbmyi/domains/trpl7b.my.id/public_html/paru/uploads/317cffcf-6c9e-4016-8c0e-2abf64adfd43.wav
Size file: 938958 bytes
MFCC shape: (1, 13)
File /home/trplbmyi/domains/trpl7b.my.id/public_html/paru/uploads/317cffcf-6c9e-4016-8c0e-2abf64adfd43.wav dihapus setelah diproses
--- MASUK ENDPOINT /predict ---
--- MASUK ENDPOINT /predict ---
--- ERROR ---
Traceback (most recent call last):
  File "app.py", line 47, in predict
    if 'file' not in request.files:
                     ^^^^^^^^^^^^^
  File "/home/trplbmyi/virtualenv/domains/trpl7b.my.id/public_html/paru/3.11/lib/python3.11/site-packages/werkzeug/utils.py", line 107, in __get__
    value = self.fget(obj)  # type: ignore
            ^^^^^^^^^^^^^^
  File "/home/trplbmyi/virtualenv/domains/trpl7b.my.id/public_html/paru/3.11/lib/python3.11/site-packages/werkzeug/wrappers/request.py", line 497, in files
    self._load_form_data()
  File "/home/trplbmyi/virtualenv/domains/trpl7b.my.id/public_html/paru/3.11/lib/python3.11/site-packages/flask/wrappers.py", line 112, in _load_form_data
    super()._load_form_data()
  File "/home/trplbmyi/virtualenv/domains/trpl7b.my.id/public_html/paru/3.11/lib/python3.11/site-packages/werkzeug/wrappers/request.py", line 271, in _load_form_data
    data = parser.parse(
           ^^^^^^^^^^^^^
  File "/home/trplbmyi/virtualenv/domains/trpl7b.my.id/public_html/paru/3.11/lib/python3.11/site-packages/werkzeug/formparser.py", line 242, in parse
    return parse_func(stream, mimetype, content_length, options)
           ^^^^^^^^^^^^^^^^^^^^^^^^^^^^^^^^^^^^^^^^^^^^^^^^^^^^^
  File "/home/trplbmyi/virtualenv/domains/trpl7b.my.id/public_html/paru/3.11/lib/python3.11/site-packages/werkzeug/formparser.py", line 267, in _parse_multipart
    form, files = parser.parse(stream, boundary, content_length)
                  ^^^^^^^^^^^^^^^^^^^^^^^^^^^^^^^^^^^^^^^^^^^^^^
  File "/home/trplbmyi/virtualenv/domains/trpl7b.my.id/public_html/paru/3.11/lib/python3.11/site-packages/werkzeug/formparser.py", line 368, in parse
    for data in _chunk_iter(stream.read, self.buffer_size):
  File "/home/trplbmyi/virtualenv/domains/trpl7b.my.id/public_html/paru/3.11/lib/python3.11/site-packages/werkzeug/formparser.py", line 423, in _chunk_iter
    data = read(size)
           ^^^^^^^^^^
  File "/home/trplbmyi/virtualenv/domains/trpl7b.my.id/public_html/paru/3.11/lib/python3.11/site-packages/werkzeug/wsgi.py", line 552, in readinto
    data = self._stream.read(min(size, remaining))
           ^^^^^^^^^^^^^^^^^^^^^^^^^^^^^^^^^^^^^^^
SystemError: <method 'read' of 'lsapi_wsgi.InputStream' objects> returned NULL without setting an exception

--- ERROR ---
Traceback (most recent call last):
  File "app.py", line 47, in predict
    if 'file' not in request.files:
                     ^^^^^^^^^^^^^
  File "/home/trplbmyi/virtualenv/domains/trpl7b.my.id/public_html/paru/3.11/lib/python3.11/site-packages/werkzeug/utils.py", line 107, in __get__
    value = self.fget(obj)  # type: ignore
            ^^^^^^^^^^^^^^
  File "/home/trplbmyi/virtualenv/domains/trpl7b.my.id/public_html/paru/3.11/lib/python3.11/site-packages/werkzeug/wrappers/request.py", line 497, in files
    self._load_form_data()
  File "/home/trplbmyi/virtualenv/domains/trpl7b.my.id/public_html/paru/3.11/lib/python3.11/site-packages/flask/wrappers.py", line 112, in _load_form_data
    super()._load_form_data()
  File "/home/trplbmyi/virtualenv/domains/trpl7b.my.id/public_html/paru/3.11/lib/python3.11/site-packages/werkzeug/wrappers/request.py", line 271, in _load_form_data
    data = parser.parse(
           ^^^^^^^^^^^^^
  File "/home/trplbmyi/virtualenv/domains/trpl7b.my.id/public_html/paru/3.11/lib/python3.11/site-packages/werkzeug/formparser.py", line 242, in parse
    return parse_func(stream, mimetype, content_length, options)
           ^^^^^^^^^^^^^^^^^^^^^^^^^^^^^^^^^^^^^^^^^^^^^^^^^^^^^
  File "/home/trplbmyi/virtualenv/domains/trpl7b.my.id/public_html/paru/3.11/lib/python3.11/site-packages/werkzeug/formparser.py", line 267, in _parse_multipart
    form, files = parser.parse(stream, boundary, content_length)
                  ^^^^^^^^^^^^^^^^^^^^^^^^^^^^^^^^^^^^^^^^^^^^^^
  File "/home/trplbmyi/virtualenv/domains/trpl7b.my.id/public_html/paru/3.11/lib/python3.11/site-packages/werkzeug/formparser.py", line 368, in parse
    for data in _chunk_iter(stream.read, self.buffer_size):
  File "/home/trplbmyi/virtualenv/domains/trpl7b.my.id/public_html/paru/3.11/lib/python3.11/site-packages/werkzeug/formparser.py", line 423, in _chunk_iter
    data = read(size)
           ^^^^^^^^^^
  File "/home/trplbmyi/virtualenv/domains/trpl7b.my.id/public_html/paru/3.11/lib/python3.11/site-packages/werkzeug/wsgi.py", line 552, in readinto
    data = self._stream.read(min(size, remaining))
           ^^^^^^^^^^^^^^^^^^^^^^^^^^^^^^^^^^^^^^^
SystemError: <method 'read' of 'lsapi_wsgi.InputStream' objects> returned NULL without setting an exception

--- MASUK ENDPOINT /predict ---
File disimpan di: /home/trplbmyi/domains/trpl7b.my.id/public_html/paru/uploads/317cffcf-6c9e-4016-8c0e-2abf64adfd43.wav
Size file: 938958 bytes
MFCC shape: (1, 13)
File /home/trplbmyi/domains/trpl7b.my.id/public_html/paru/uploads/317cffcf-6c9e-4016-8c0e-2abf64adfd43.wav dihapus setelah diproses
--- MASUK ENDPOINT /predict ---
--- ERROR ---
Traceback (most recent call last):
  File "app.py", line 47, in predict
    if 'file' not in request.files:
                     ^^^^^^^^^^^^^
  File "/home/trplbmyi/virtualenv/domains/trpl7b.my.id/public_html/paru/3.11/lib/python3.11/site-packages/werkzeug/utils.py", line 107, in __get__
    value = self.fget(obj)  # type: ignore
            ^^^^^^^^^^^^^^
  File "/home/trplbmyi/virtualenv/domains/trpl7b.my.id/public_html/paru/3.11/lib/python3.11/site-packages/werkzeug/wrappers/request.py", line 497, in files
    self._load_form_data()
  File "/home/trplbmyi/virtualenv/domains/trpl7b.my.id/public_html/paru/3.11/lib/python3.11/site-packages/flask/wrappers.py", line 112, in _load_form_data
    super()._load_form_data()
  File "/home/trplbmyi/virtualenv/domains/trpl7b.my.id/public_html/paru/3.11/lib/python3.11/site-packages/werkzeug/wrappers/request.py", line 271, in _load_form_data
    data = parser.parse(
           ^^^^^^^^^^^^^
  File "/home/trplbmyi/virtualenv/domains/trpl7b.my.id/public_html/paru/3.11/lib/python3.11/site-packages/werkzeug/formparser.py", line 242, in parse
    return parse_func(stream, mimetype, content_length, options)
           ^^^^^^^^^^^^^^^^^^^^^^^^^^^^^^^^^^^^^^^^^^^^^^^^^^^^^
  File "/home/trplbmyi/virtualenv/domains/trpl7b.my.id/public_html/paru/3.11/lib/python3.11/site-packages/werkzeug/formparser.py", line 267, in _parse_multipart
    form, files = parser.parse(stream, boundary, content_length)
                  ^^^^^^^^^^^^^^^^^^^^^^^^^^^^^^^^^^^^^^^^^^^^^^
  File "/home/trplbmyi/virtualenv/domains/trpl7b.my.id/public_html/paru/3.11/lib/python3.11/site-packages/werkzeug/formparser.py", line 368, in parse
    for data in _chunk_iter(stream.read, self.buffer_size):
  File "/home/trplbmyi/virtualenv/domains/trpl7b.my.id/public_html/paru/3.11/lib/python3.11/site-packages/werkzeug/formparser.py", line 423, in _chunk_iter
    data = read(size)
           ^^^^^^^^^^
  File "/home/trplbmyi/virtualenv/domains/trpl7b.my.id/public_html/paru/3.11/lib/python3.11/site-packages/werkzeug/wsgi.py", line 552, in readinto
    data = self._stream.read(min(size, remaining))
           ^^^^^^^^^^^^^^^^^^^^^^^^^^^^^^^^^^^^^^^
SystemError: <method 'read' of 'lsapi_wsgi.InputStream' objects> returned NULL without setting an exception

--- MASUK ENDPOINT /predict ---
File disimpan di: /home/trplbmyi/domains/trpl7b.my.id/public_html/paru/uploads/rekaman.wav
Size file: 106540 bytes
MFCC shape: (1, 13)
File /home/trplbmyi/domains/trpl7b.my.id/public_html/paru/uploads/rekaman.wav dihapus setelah diproses
--- MASUK ENDPOINT /predict ---
File disimpan di: /home/trplbmyi/domains/trpl7b.my.id/public_html/paru/uploads/rekaman.wav
Size file: 90156 bytes
--- MASUK ENDPOINT /predict ---
File disimpan di: /home/trplbmyi/domains/trpl7b.my.id/public_html/paru/uploads/rekaman.wav
Size file: 114732 bytes
--- MASUK ENDPOINT /predict ---
File disimpan di: /home/trplbmyi/domains/trpl7b.my.id/public_html/paru/uploads/rekaman.wav
Size file: 114732 bytes
MFCC shape: (1, 13)
File /home/trplbmyi/domains/trpl7b.my.id/public_html/paru/uploads/rekaman.wav dihapus setelah diproses
--- MASUK ENDPOINT /predict ---
File disimpan di: /home/trplbmyi/domains/trpl7b.my.id/public_html/paru/uploads/rekaman.wav
Size file: 401452 bytes
MFCC shape: (1, 13)
File /home/trplbmyi/domains/trpl7b.my.id/public_html/paru/uploads/rekaman.wav dihapus setelah diproses
--- MASUK ENDPOINT /predict ---
File disimpan di: /home/trplbmyi/domains/trpl7b.my.id/public_html/paru/uploads/rekaman.wav
Size file: 262188 bytes
MFCC shape: (1, 13)
File /home/trplbmyi/domains/trpl7b.my.id/public_html/paru/uploads/rekaman.wav dihapus setelah diproses
--- MASUK ENDPOINT /predict ---
--- MASUK ENDPOINT /predict ---
--- MASUK ENDPOINT /predict ---
--- ERROR ---
Traceback (most recent call last):
  File "app.py", line 47, in predict
    if 'file' not in request.files:
                     ^^^^^^^^^^^^^
  File "/home/trplbmyi/virtualenv/domains/trpl7b.my.id/public_html/paru/3.11/lib/python3.11/site-packages/werkzeug/utils.py", line 107, in __get__
    value = self.fget(obj)  # type: ignore
            ^^^^^^^^^^^^^^
  File "/home/trplbmyi/virtualenv/domains/trpl7b.my.id/public_html/paru/3.11/lib/python3.11/site-packages/werkzeug/wrappers/request.py", line 497, in files
    self._load_form_data()
  File "/home/trplbmyi/virtualenv/domains/trpl7b.my.id/public_html/paru/3.11/lib/python3.11/site-packages/flask/wrappers.py", line 112, in _load_form_data
    super()._load_form_data()
  File "/home/trplbmyi/virtualenv/domains/trpl7b.my.id/public_html/paru/3.11/lib/python3.11/site-packages/werkzeug/wrappers/request.py", line 271, in _load_form_data
    data = parser.parse(
           ^^^^^^^^^^^^^
  File "/home/trplbmyi/virtualenv/domains/trpl7b.my.id/public_html/paru/3.11/lib/python3.11/site-packages/werkzeug/formparser.py", line 242, in parse
    return parse_func(stream, mimetype, content_length, options)
           ^^^^^^^^^^^^^^^^^^^^^^^^^^^^^^^^^^^^^^^^^^^^^^^^^^^^^
  File "/home/trplbmyi/virtualenv/domains/trpl7b.my.id/public_html/paru/3.11/lib/python3.11/site-packages/werkzeug/formparser.py", line 267, in _parse_multipart
    form, files = parser.parse(stream, boundary, content_length)
                  ^^^^^^^^^^^^^^^^^^^^^^^^^^^^^^^^^^^^^^^^^^^^^^
  File "/home/trplbmyi/virtualenv/domains/trpl7b.my.id/public_html/paru/3.11/lib/python3.11/site-packages/werkzeug/formparser.py", line 368, in parse
    for data in _chunk_iter(stream.read, self.buffer_size):
  File "/home/trplbmyi/virtualenv/domains/trpl7b.my.id/public_html/paru/3.11/lib/python3.11/site-packages/werkzeug/formparser.py", line 423, in _chunk_iter
    data = read(size)
           ^^^^^^^^^^
  File "/home/trplbmyi/virtualenv/domains/trpl7b.my.id/public_html/paru/3.11/lib/python3.11/site-packages/werkzeug/wsgi.py", line 552, in readinto
    data = self._stream.read(min(size, remaining))
           ^^^^^^^^^^^^^^^^^^^^^^^^^^^^^^^^^^^^^^^
SystemError: <method 'read' of 'lsapi_wsgi.InputStream' objects> returned NULL without setting an exception

--- ERROR ---
Traceback (most recent call last):
  File "app.py", line 47, in predict
    if 'file' not in request.files:
                     ^^^^^^^^^^^^^
  File "/home/trplbmyi/virtualenv/domains/trpl7b.my.id/public_html/paru/3.11/lib/python3.11/site-packages/werkzeug/utils.py", line 107, in __get__
    value = self.fget(obj)  # type: ignore
            ^^^^^^^^^^^^^^
  File "/home/trplbmyi/virtualenv/domains/trpl7b.my.id/public_html/paru/3.11/lib/python3.11/site-packages/werkzeug/wrappers/request.py", line 497, in files
    self._load_form_data()
  File "/home/trplbmyi/virtualenv/domains/trpl7b.my.id/public_html/paru/3.11/lib/python3.11/site-packages/flask/wrappers.py", line 112, in _load_form_data
    super()._load_form_data()
  File "/home/trplbmyi/virtualenv/domains/trpl7b.my.id/public_html/paru/3.11/lib/python3.11/site-packages/werkzeug/wrappers/request.py", line 271, in _load_form_data
    data = parser.parse(
           ^^^^^^^^^^^^^
  File "/home/trplbmyi/virtualenv/domains/trpl7b.my.id/public_html/paru/3.11/lib/python3.11/site-packages/werkzeug/formparser.py", line 242, in parse
    return parse_func(stream, mimetype, content_length, options)
           ^^^^^^^^^^^^^^^^^^^^^^^^^^^^^^^^^^^^^^^^^^^^^^^^^^^^^
  File "/home/trplbmyi/virtualenv/domains/trpl7b.my.id/public_html/paru/3.11/lib/python3.11/site-packages/werkzeug/formparser.py", line 267, in _parse_multipart
    form, files = parser.parse(stream, boundary, content_length)
                  ^^^^^^^^^^^^^^^^^^^^^^^^^^^^^^^^^^^^^^^^^^^^^^
  File "/home/trplbmyi/virtualenv/domains/trpl7b.my.id/public_html/paru/3.11/lib/python3.11/site-packages/werkzeug/formparser.py", line 368, in parse
    for data in _chunk_iter(stream.read, self.buffer_size):
  File "/home/trplbmyi/virtualenv/domains/trpl7b.my.id/public_html/paru/3.11/lib/python3.11/site-packages/werkzeug/formparser.py", line 423, in _chunk_iter
    data = read(size)
           ^^^^^^^^^^
  File "/home/trplbmyi/virtualenv/domains/trpl7b.my.id/public_html/paru/3.11/lib/python3.11/site-packages/werkzeug/wsgi.py", line 552, in readinto
    data = self._stream.read(min(size, remaining))
           ^^^^^^^^^^^^^^^^^^^^^^^^^^^^^^^^^^^^^^^
SystemError: <method 'read' of 'lsapi_wsgi.InputStream' objects> returned NULL without setting an exception

File disimpan di: /home/trplbmyi/domains/trpl7b.my.id/public_html/paru/uploads/0b110058-23cc-4396-9e99-34f78cb72ce8.wav
Size file: 956238 bytes
--- MASUK ENDPOINT /predict ---
File disimpan di: /home/trplbmyi/domains/trpl7b.my.id/public_html/paru/uploads/0b110058-23cc-4396-9e99-34f78cb72ce8.wav
Size file: 956238 bytes
--- MASUK ENDPOINT /predict ---
File disimpan di: /home/trplbmyi/domains/trpl7b.my.id/public_html/paru/uploads/0b110058-23cc-4396-9e99-34f78cb72ce8.wav
Size file: 956238 bytes
MFCC shape: (1, 13)
File /home/trplbmyi/domains/trpl7b.my.id/public_html/paru/uploads/0b110058-23cc-4396-9e99-34f78cb72ce8.wav dihapus setelah diproses
MFCC shape: (1, 13)
--- MASUK ENDPOINT /predict ---
File disimpan di: /home/trplbmyi/domains/trpl7b.my.id/public_html/paru/uploads/317cffcf-6c9e-4016-8c0e-2abf64adfd43.wav
Size file: 938958 bytes
MFCC shape: (1, 13)
File /home/trplbmyi/domains/trpl7b.my.id/public_html/paru/uploads/317cffcf-6c9e-4016-8c0e-2abf64adfd43.wav dihapus setelah diproses
--- MASUK ENDPOINT /predict ---
File disimpan di: D:\kuliah\Tugas Akhir\paru\uploads\0b37f570-524a-4543-96f3-112f6096349a.wav
Size file: 950478 bytes
MFCC shape: (1, 13)
File D:\kuliah\Tugas Akhir\paru\uploads\0b37f570-524a-4543-96f3-112f6096349a.wav dihapus setelah diproses
--- MASUK ENDPOINT /predict ---
File disimpan di: D:\kuliah\Tugas Akhir\paru\uploads\317cffcf-6c9e-4016-8c0e-2abf64adfd43.wav
Size file: 938958 bytes
MFCC shape: (1, 13)
File D:\kuliah\Tugas Akhir\paru\uploads\317cffcf-6c9e-4016-8c0e-2abf64adfd43.wav dihapus setelah diproses
--- MASUK ENDPOINT /predict ---
File disimpan di: D:\kuliah\Tugas Akhir\paru\uploads\4d170587-4cad-4e21-91f1-939061276002.wav
Size file: 892878 bytes
MFCC shape: (1, 13)
File D:\kuliah\Tugas Akhir\paru\uploads\4d170587-4cad-4e21-91f1-939061276002.wav dihapus setelah diproses
--- MASUK ENDPOINT /predict ---
File disimpan di: D:\kuliah\Tugas Akhir\paru\uploads\583cab86-188d-4dc0-8d97-0d6808437540.wav
Size file: 385998 bytes
MFCC shape: (1, 13)
File D:\kuliah\Tugas Akhir\paru\uploads\583cab86-188d-4dc0-8d97-0d6808437540.wav dihapus setelah diproses
--- MASUK ENDPOINT /predict ---
File disimpan di: D:\kuliah\Tugas Akhir\paru\uploads\5199cbe8-20d6-43e7-9755-ab6bef166c6c.wav
Size file: 956238 bytes
MFCC shape: (1, 13)
File D:\kuliah\Tugas Akhir\paru\uploads\5199cbe8-20d6-43e7-9755-ab6bef166c6c.wav dihapus setelah diproses
--- MASUK ENDPOINT /predict ---
File disimpan di: D:\kuliah\Tugas Akhir\paru\uploads\23f9e707-818c-4056-8365-db2f3b11bf95.wav
Size file: 944718 bytes
MFCC shape: (1, 13)
File D:\kuliah\Tugas Akhir\paru\uploads\23f9e707-818c-4056-8365-db2f3b11bf95.wav dihapus setelah diproses
--- MASUK ENDPOINT /predict ---
File disimpan di: D:\kuliah\Tugas Akhir\paru\uploads\23f9e707-818c-4056-8365-db2f3b11bf95.wav
Size file: 944718 bytes
MFCC shape: (1, 13)
File D:\kuliah\Tugas Akhir\paru\uploads\23f9e707-818c-4056-8365-db2f3b11bf95.wav dihapus setelah diproses
--- MASUK ENDPOINT /predict ---
--- MASUK ENDPOINT /predict ---
File disimpan di: D:\kuliah\Tugas Akhir\paru\uploads\rekaman.wav
Size file: 44597 bytes
MFCC shape: (1, 13)
File D:\kuliah\Tugas Akhir\paru\uploads\rekaman.wav dihapus setelah diproses
--- MASUK ENDPOINT /predict ---
File disimpan di: D:\kuliah\Tugas Akhir\paru\uploads\7345081d-aa1d-414c-9849-c7d7d02211e6.wav
Size file: 875598 bytes
MFCC shape: (1, 13)
File D:\kuliah\Tugas Akhir\paru\uploads\7345081d-aa1d-414c-9849-c7d7d02211e6.wav dihapus setelah diproses
--- MASUK ENDPOINT /predict ---
File disimpan di: D:\kuliah\Tugas Akhir\paru\uploads\rekaman.wav
Size file: 58121 bytes
MFCC shape: (1, 13)
File D:\kuliah\Tugas Akhir\paru\uploads\rekaman.wav dihapus setelah diproses
--- MASUK ENDPOINT /predict ---
File disimpan di: D:\kuliah\Tugas Akhir\paru\uploads\rekaman.wav
Size file: 33005 bytes
MFCC shape: (1, 13)
File D:\kuliah\Tugas Akhir\paru\uploads\rekaman.wav dihapus setelah diproses
--- MASUK ENDPOINT /predict ---
File disimpan di: D:\kuliah\Tugas Akhir\paru\uploads\23f9e707-818c-4056-8365-db2f3b11bf95.wav
Size file: 944718 bytes
MFCC shape: (1, 13)
File D:\kuliah\Tugas Akhir\paru\uploads\23f9e707-818c-4056-8365-db2f3b11bf95.wav dihapus setelah diproses
--- MASUK ENDPOINT /predict ---
File disimpan di: D:\kuliah\Tugas Akhir\paru\uploads\2d0b034c-fe28-4361-a42e-d45b17331fe6.wav
Size file: 938958 bytes
MFCC shape: (1, 13)
File D:\kuliah\Tugas Akhir\paru\uploads\2d0b034c-fe28-4361-a42e-d45b17331fe6.wav dihapus setelah diproses
--- MASUK ENDPOINT /predict ---
File disimpan di: D:\kuliah\Tugas Akhir\paru\uploads\rekaman.wav
Size file: 34937 bytes
MFCC shape: (1, 13)
File D:\kuliah\Tugas Akhir\paru\uploads\rekaman.wav dihapus setelah diproses
--- MASUK ENDPOINT /predict ---
File disimpan di: D:\kuliah\Tugas Akhir\paru\uploads\rekaman.wav
Size file: 188531 bytes
MFCC shape: (1, 13)
File D:\kuliah\Tugas Akhir\paru\uploads\rekaman.wav dihapus setelah diproses
--- MASUK ENDPOINT /predict ---
File disimpan di: D:\kuliah\Tugas Akhir\paru\uploads\rekaman.wav
Size file: 203987 bytes
MFCC shape: (1, 13)
File D:\kuliah\Tugas Akhir\paru\uploads\rekaman.wav dihapus setelah diproses
--- MASUK ENDPOINT /predict ---
File disimpan di: D:\kuliah\Tugas Akhir\paru\uploads\rekaman.wav
Size file: 51359 bytes
MFCC shape: (1, 13)
File D:\kuliah\Tugas Akhir\paru\uploads\rekaman.wav dihapus setelah diproses
--- MASUK ENDPOINT /predict ---
File disimpan di: D:\kuliah\Tugas Akhir\paru\uploads\23f9e707-818c-4056-8365-db2f3b11bf95.wav
Size file: 944718 bytes
MFCC shape: (1, 13)
File D:\kuliah\Tugas Akhir\paru\uploads\23f9e707-818c-4056-8365-db2f3b11bf95.wav dihapus setelah diproses
--- MASUK ENDPOINT /predict ---
File disimpan di: D:\kuliah\Tugas Akhir\paru\uploads\23f9e707-818c-4056-8365-db2f3b11bf95.wav
Size file: 944718 bytes
MFCC shape: (1, 13)
File D:\kuliah\Tugas Akhir\paru\uploads\23f9e707-818c-4056-8365-db2f3b11bf95.wav dihapus setelah diproses
--- MASUK ENDPOINT /predict ---
File disimpan di: D:\kuliah\Tugas Akhir\paru\uploads\23f9e707-818c-4056-8365-db2f3b11bf95.wav
Size file: 944718 bytes
MFCC shape: (1, 13)
File D:\kuliah\Tugas Akhir\paru\uploads\23f9e707-818c-4056-8365-db2f3b11bf95.wav dihapus setelah diproses
--- MASUK ENDPOINT /predict ---
File disimpan di: D:\kuliah\Tugas Akhir\paru\uploads\23f9e707-818c-4056-8365-db2f3b11bf95.wav
Size file: 944718 bytes
MFCC shape: (1, 13)
File D:\kuliah\Tugas Akhir\paru\uploads\23f9e707-818c-4056-8365-db2f3b11bf95.wav dihapus setelah diproses
--- MASUK ENDPOINT /predict ---
File disimpan di: D:\kuliah\Tugas Akhir\paru\uploads\85db6766-03f9-4e84-b205-500cd2968a11.wav
Size file: 956238 bytes
MFCC shape: (1, 13)
File D:\kuliah\Tugas Akhir\paru\uploads\85db6766-03f9-4e84-b205-500cd2968a11.wav dihapus setelah diproses
--- MASUK ENDPOINT /predict ---
File disimpan di: D:\kuliah\Tugas Akhir\paru\uploads\0e171f70-4dad-4a54-af53-d84d18e8df6b.wav
Size file: 956238 bytes
MFCC shape: (1, 13)
File D:\kuliah\Tugas Akhir\paru\uploads\0e171f70-4dad-4a54-af53-d84d18e8df6b.wav dihapus setelah diproses
--- MASUK ENDPOINT /predict ---
File disimpan di: D:\kuliah\Tugas Akhir\paru\uploads\0b619d23-21c1-41ff-98f0-bee0b7852497.wav
Size file: 944718 bytes
MFCC shape: (1, 13)
File D:\kuliah\Tugas Akhir\paru\uploads\0b619d23-21c1-41ff-98f0-bee0b7852497.wav dihapus setelah diproses
--- MASUK ENDPOINT /predict ---
File disimpan di: D:\kuliah\Tugas Akhir\paru\uploads\rekaman.wav
Size file: 44597 bytes
MFCC shape: (1, 13)
File D:\kuliah\Tugas Akhir\paru\uploads\rekaman.wav dihapus setelah diproses
--- MASUK ENDPOINT /predict ---
File disimpan di: D:\kuliah\Tugas Akhir\paru\uploads\rekaman.wav
Size file: 33005 bytes
MFCC shape: (1, 13)
File D:\kuliah\Tugas Akhir\paru\uploads\rekaman.wav dihapus setelah diproses
--- MASUK ENDPOINT /predict ---
File disimpan di: D:\kuliah\Tugas Akhir\paru\uploads\3eb03775-7af6-455a-b1fa-b0b52a44b2a9.wav
Size file: 466638 bytes
MFCC shape: (1, 13)
File D:\kuliah\Tugas Akhir\paru\uploads\3eb03775-7af6-455a-b1fa-b0b52a44b2a9.wav dihapus setelah diproses
--- MASUK ENDPOINT /predict ---
File disimpan di: D:\kuliah\Tugas Akhir\paru\uploads\0b110058-23cc-4396-9e99-34f78cb72ce8.wav
Size file: 956238 bytes
MFCC shape: (1, 13)
File D:\kuliah\Tugas Akhir\paru\uploads\0b110058-23cc-4396-9e99-34f78cb72ce8.wav dihapus setelah diproses
--- MASUK ENDPOINT /predict ---
File disimpan di: D:\kuliah\Tugas Akhir\paru\uploads\rekaman.wav
Size file: 24311 bytes
MFCC shape: (1, 13)
File D:\kuliah\Tugas Akhir\paru\uploads\rekaman.wav dihapus setelah diproses
--- MASUK ENDPOINT /predict ---
File disimpan di: D:\kuliah\Tugas Akhir\paru\uploads\rekaman.wav
Size file: 44597 bytes
MFCC shape: (1, 13)
File D:\kuliah\Tugas Akhir\paru\uploads\rekaman.wav dihapus setelah diproses
--- MASUK ENDPOINT /predict ---
File disimpan di: D:\kuliah\Tugas Akhir\paru\uploads\rekaman.wav
Size file: 33005 bytes
MFCC shape: (1, 13)
File D:\kuliah\Tugas Akhir\paru\uploads\rekaman.wav dihapus setelah diproses
--- MASUK ENDPOINT /predict ---
File disimpan di: D:\kuliah\Tugas Akhir\paru\uploads\2e4e2b4a-31f8-4a5d-873b-37ba551648b2.wav
Size file: 201678 bytes
MFCC shape: (1, 13)
File D:\kuliah\Tugas Akhir\paru\uploads\2e4e2b4a-31f8-4a5d-873b-37ba551648b2.wav dihapus setelah diproses
--- MASUK ENDPOINT /predict ---
File disimpan di: D:\kuliah\Tugas Akhir\paru\uploads\2f9e359e-a8ed-4ff5-9257-49b6fb5c5f88.wav
Size file: 409038 bytes
MFCC shape: (1, 13)
File D:\kuliah\Tugas Akhir\paru\uploads\2f9e359e-a8ed-4ff5-9257-49b6fb5c5f88.wav dihapus setelah diproses
--- MASUK ENDPOINT /predict ---
File disimpan di: D:\kuliah\Tugas Akhir\paru\uploads\0b110058-23cc-4396-9e99-34f78cb72ce8.wav
Size file: 956238 bytes
MFCC shape: (1, 13)
File D:\kuliah\Tugas Akhir\paru\uploads\0b110058-23cc-4396-9e99-34f78cb72ce8.wav dihapus setelah diproses
--- MASUK ENDPOINT /predict ---
File disimpan di: D:\kuliah\Tugas Akhir\paru\uploads\01f63a0c-6a7d-4d35-a6ef-c166e0307f45.wav
Size file: 175557 bytes
MFCC shape: (1, 13)
File D:\kuliah\Tugas Akhir\paru\uploads\01f63a0c-6a7d-4d35-a6ef-c166e0307f45.wav dihapus setelah diproses
--- MASUK ENDPOINT /predict ---
File disimpan di: D:\kuliah\Tugas Akhir\paru\uploads\11a6847a-bdf6-48b2-a787-a95aa07ce004.wav
Size file: 236365 bytes
MFCC shape: (1, 13)
File D:\kuliah\Tugas Akhir\paru\uploads\11a6847a-bdf6-48b2-a787-a95aa07ce004.wav dihapus setelah diproses
--- MASUK ENDPOINT /predict ---
File disimpan di: D:\kuliah\Tugas Akhir\paru\uploads\4d16fb77-aaa5-4068-9872-294881d2152d.wav
Size file: 958508 bytes
MFCC shape: (1, 13)
File D:\kuliah\Tugas Akhir\paru\uploads\4d16fb77-aaa5-4068-9872-294881d2152d.wav dihapus setelah diproses
--- MASUK ENDPOINT /predict ---
File disimpan di: D:\kuliah\Tugas Akhir\paru\uploads\1933a8d9-3ea6-4365-a421-d8be52ca74e9.webm
Size file: 65423 bytes
MFCC shape: (1, 13)
File D:\kuliah\Tugas Akhir\paru\uploads\1933a8d9-3ea6-4365-a421-d8be52ca74e9.webm dihapus setelah diproses
--- MASUK ENDPOINT /predict ---
--- MASUK ENDPOINT /predict ---
File disimpan di: D:\kuliah\Tugas Akhir\paru\uploads\36d88dd9-8175-4b82-8c3a-6415b771e277.webm
Size file: 19172 bytes
MFCC shape: (1, 13)
File D:\kuliah\Tugas Akhir\paru\uploads\36d88dd9-8175-4b82-8c3a-6415b771e277.webm dihapus setelah diproses
--- MASUK ENDPOINT /predict ---
File disimpan di: D:\kuliah\Tugas Akhir\paru\uploads\18e96e92-a374-4a4b-beaf-c90c2afd9ad9.wav
Size file: 958508 bytes
MFCC shape: (1, 13)
File D:\kuliah\Tugas Akhir\paru\uploads\18e96e92-a374-4a4b-beaf-c90c2afd9ad9.wav dihapus setelah diproses
--- MASUK ENDPOINT /predict ---
File disimpan di: D:\kuliah\Tugas Akhir\paru\uploads\0044964d-f7e9-43e3-831f-ae3e6374a9a4.webm
Size file: 63048 bytes
MFCC shape: (1, 13)
File D:\kuliah\Tugas Akhir\paru\uploads\0044964d-f7e9-43e3-831f-ae3e6374a9a4.webm dihapus setelah diproses
--- MASUK ENDPOINT /predict ---
File disimpan di: D:\kuliah\Tugas Akhir\paru\uploads\rekaman.wav
Size file: 54257 bytes
MFCC shape: (1, 13)
File D:\kuliah\Tugas Akhir\paru\uploads\rekaman.wav dihapus setelah diproses
--- MASUK ENDPOINT /predict ---
File disimpan di: D:\kuliah\Tugas Akhir\paru\uploads\0aef8114-40f9-4c4f-a0e0-2cca65d4f046.wav
Size file: 286764 bytes
MFCC shape: (1, 13)
File D:\kuliah\Tugas Akhir\paru\uploads\0aef8114-40f9-4c4f-a0e0-2cca65d4f046.wav dihapus setelah diproses
--- MASUK ENDPOINT /predict ---
File disimpan di: D:\kuliah\Tugas Akhir\paru\uploads\rekaman.wav
Size file: 84203 bytes
MFCC shape: (1, 13)
File D:\kuliah\Tugas Akhir\paru\uploads\rekaman.wav dihapus setelah diproses
--- MASUK ENDPOINT /predict ---
File disimpan di: D:\kuliah\Tugas Akhir\paru\uploads\rekaman.wav
Size file: 63917 bytes
MFCC shape: (1, 13)
File D:\kuliah\Tugas Akhir\paru\uploads\rekaman.wav dihapus setelah diproses
--- MASUK ENDPOINT /predict ---
File disimpan di: D:\kuliah\Tugas Akhir\paru\uploads\rekaman.wav
Size file: 74543 bytes
MFCC shape: (1, 13)
File D:\kuliah\Tugas Akhir\paru\uploads\rekaman.wav dihapus setelah diproses
--- MASUK ENDPOINT /predict ---
File disimpan di: D:\kuliah\Tugas Akhir\paru\uploads\rekaman.wav
Size file: 39767 bytes
MFCC shape: (1, 13)
File D:\kuliah\Tugas Akhir\paru\uploads\rekaman.wav dihapus setelah diproses
--- MASUK ENDPOINT /predict ---
File disimpan di: D:\kuliah\Tugas Akhir\paru\uploads\rekaman.wav
Size file: 136367 bytes
MFCC shape: (1, 13)
File D:\kuliah\Tugas Akhir\paru\uploads\rekaman.wav dihapus setelah diproses
--- MASUK ENDPOINT /predict ---
File disimpan di: D:\kuliah\Tugas Akhir\paru\uploads\rekaman.wav
Size file: 24311 bytes
MFCC shape: (1, 13)
File D:\kuliah\Tugas Akhir\paru\uploads\rekaman.wav dihapus setelah diproses
--- MASUK ENDPOINT /predict ---
File disimpan di: D:\kuliah\Tugas Akhir\paru\uploads\rekaman.wav
Size file: 137333 bytes
MFCC shape: (1, 13)
File D:\kuliah\Tugas Akhir\paru\uploads\rekaman.wav dihapus setelah diproses
--- MASUK ENDPOINT /predict ---
File disimpan di: D:\kuliah\Tugas Akhir\paru\uploads\rekaman.wav
Size file: 37835 bytes
MFCC shape: (1, 13)
File D:\kuliah\Tugas Akhir\paru\uploads\rekaman.wav dihapus setelah diproses
--- MASUK ENDPOINT /predict ---
File disimpan di: D:\kuliah\Tugas Akhir\paru\uploads\3b938df7-e98b-4dfb-aa7b-4467869fca8c.wav
Size file: 81132 bytes
MFCC shape: (1, 13)
File D:\kuliah\Tugas Akhir\paru\uploads\3b938df7-e98b-4dfb-aa7b-4467869fca8c.wav dihapus setelah diproses
--- MASUK ENDPOINT /predict ---
File disimpan di: D:\kuliah\Tugas Akhir\paru\uploads\ffe8b243-9c7b-49f1-8d7d-a953f736ea4b.wav
Size file: 239795 bytes
MFCC shape: (1, 13)
File D:\kuliah\Tugas Akhir\paru\uploads\ffe8b243-9c7b-49f1-8d7d-a953f736ea4b.wav dihapus setelah diproses
--- MASUK ENDPOINT /predict ---
File disimpan di: D:\kuliah\Tugas Akhir\paru\uploads\0ad66251-aa2a-4b28-9a8b-e145cfc8bc21_-_Copy.wav
Size file: 235347 bytes
MFCC shape: (1, 13)
File D:\kuliah\Tugas Akhir\paru\uploads\0ad66251-aa2a-4b28-9a8b-e145cfc8bc21_-_Copy.wav dihapus setelah diproses
--- MASUK ENDPOINT /predict ---
File disimpan di: D:\kuliah\Tugas Akhir\paru\uploads\rekaman.wav
Size file: 52325 bytes
MFCC shape: (1, 13)
File D:\kuliah\Tugas Akhir\paru\uploads\rekaman.wav dihapus setelah diproses
--- MASUK ENDPOINT /predict ---
File disimpan di: D:\kuliah\Tugas Akhir\paru\uploads\0ace0c46-6ca7-4749-9f9b-470e63c64999.wav
Size file: 234742 bytes
MFCC shape: (1, 13)
File D:\kuliah\Tugas Akhir\paru\uploads\0ace0c46-6ca7-4749-9f9b-470e63c64999.wav dihapus setelah diproses
--- MASUK ENDPOINT /predict ---
File disimpan di: D:\kuliah\Tugas Akhir\paru\uploads\rekaman.wav
Size file: 201089 bytes
MFCC shape: (1, 13)
File D:\kuliah\Tugas Akhir\paru\uploads\rekaman.wav dihapus setelah diproses
--- MASUK ENDPOINT /predict ---
File disimpan di: D:\kuliah\Tugas Akhir\paru\uploads\rekaman.wav
Size file: 241661 bytes
MFCC shape: (1, 13)
File D:\kuliah\Tugas Akhir\paru\uploads\rekaman.wav dihapus setelah diproses
--- MASUK ENDPOINT /predict ---
File disimpan di: D:\kuliah\Tugas Akhir\paru\uploads\0201e61e-fe9a-4691-a49b-9a4ac7e880d0.wav
Size file: 434220 bytes
MFCC shape: (1, 13)
File D:\kuliah\Tugas Akhir\paru\uploads\0201e61e-fe9a-4691-a49b-9a4ac7e880d0.wav dihapus setelah diproses
--- MASUK ENDPOINT /predict ---
File disimpan di: D:\kuliah\Tugas Akhir\paru\uploads\rekaman.wav
Size file: 45563 bytes
MFCC shape: (1, 13)
File D:\kuliah\Tugas Akhir\paru\uploads\rekaman.wav dihapus setelah diproses
--- MASUK ENDPOINT /predict ---
File disimpan di: D:\kuliah\Tugas Akhir\paru\uploads\0aa8c59b-fbb4-44cf-a14c-621b2d4c72e8.wav
Size file: 195918 bytes
MFCC shape: (1, 13)
File D:\kuliah\Tugas Akhir\paru\uploads\0aa8c59b-fbb4-44cf-a14c-621b2d4c72e8.wav dihapus setelah diproses
--- MASUK ENDPOINT /predict ---
File disimpan di: D:\kuliah\Tugas Akhir\paru\uploads\rekaman.wav
Size file: 37835 bytes
MFCC shape: (1, 13)
File D:\kuliah\Tugas Akhir\paru\uploads\rekaman.wav dihapus setelah diproses
--- MASUK ENDPOINT /predict ---
File disimpan di: D:\kuliah\Tugas Akhir\paru\uploads\rekaman.wav
Size file: 54257 bytes
MFCC shape: (1, 13)
File D:\kuliah\Tugas Akhir\paru\uploads\rekaman.wav dihapus setelah diproses
--- MASUK ENDPOINT /predict ---
File disimpan di: D:\kuliah\Tugas Akhir\paru\uploads\2a2ba9f1-96eb-4b32-b714-9cb3c8a03f74.wav
Size file: 921678 bytes
MFCC shape: (1, 13)
File D:\kuliah\Tugas Akhir\paru\uploads\2a2ba9f1-96eb-4b32-b714-9cb3c8a03f74.wav dihapus setelah diproses
--- MASUK ENDPOINT /predict ---
File disimpan di: D:\kuliah\Tugas Akhir\paru\uploads\rekaman.wav
Size file: 78407 bytes
MFCC shape: (1, 13)
File D:\kuliah\Tugas Akhir\paru\uploads\rekaman.wav dihapus setelah diproses
--- MASUK ENDPOINT /predict ---
File disimpan di: D:\kuliah\Tugas Akhir\paru\uploads\38ffef65-c546-46d7-91d3-bd1f91802ead.wav
Size file: 589868 bytes
MFCC shape: (1, 13)
File D:\kuliah\Tugas Akhir\paru\uploads\38ffef65-c546-46d7-91d3-bd1f91802ead.wav dihapus setelah diproses
--- MASUK ENDPOINT /predict ---
File disimpan di: D:\kuliah\Tugas Akhir\paru\uploads\01a809fd-490b-4b12-ba05-2e0f2113fcc7.wav
Size file: 235107 bytes
MFCC shape: (1, 13)
File D:\kuliah\Tugas Akhir\paru\uploads\01a809fd-490b-4b12-ba05-2e0f2113fcc7.wav dihapus setelah diproses
--- MASUK ENDPOINT /predict ---
File disimpan di: D:\kuliah\Tugas Akhir\paru\uploads\0a756da3-de5d-46b0-9738-5aa3419bd589_-_Copy.wav
Size file: 540716 bytes
MFCC shape: (1, 13)
File D:\kuliah\Tugas Akhir\paru\uploads\0a756da3-de5d-46b0-9738-5aa3419bd589_-_Copy.wav dihapus setelah diproses
--- MASUK ENDPOINT /predict ---
File disimpan di: D:\kuliah\Tugas Akhir\paru\uploads\01dc13fa-4b56-41fe-8b01-d2ed9a3a4099.wav
Size file: 450604 bytes
MFCC shape: (1, 13)
File D:\kuliah\Tugas Akhir\paru\uploads\01dc13fa-4b56-41fe-8b01-d2ed9a3a4099.wav dihapus setelah diproses
--- MASUK ENDPOINT /predict ---
--- MASUK ENDPOINT /predict ---
File disimpan di: D:\kuliah\Tugas Akhir\paru\uploads\rekaman.wav
Size file: 34937 bytes
MFCC shape: (1, 13)
File D:\kuliah\Tugas Akhir\paru\uploads\rekaman.wav dihapus setelah diproses
MFCC shape: (1, 13)
--- MASUK ENDPOINT /predict ---
File disimpan di: D:\kuliah\Tugas Akhir\paru\uploads\02e9b27a-c8eb-4f97-ab3c-8120059282e9.wav
Size file: 753708 bytes
MFCC shape: (1, 13)
File D:\kuliah\Tugas Akhir\paru\uploads\02e9b27a-c8eb-4f97-ab3c-8120059282e9.wav dihapus setelah diproses
--- MASUK ENDPOINT /predict ---
File disimpan di: D:\kuliah\Tugas Akhir\paru\uploads\0ad66251-aa2a-4b28-9a8b-e145cfc8bc21.wav
Size file: 235347 bytes
MFCC shape: (1, 13)
File D:\kuliah\Tugas Akhir\paru\uploads\0ad66251-aa2a-4b28-9a8b-e145cfc8bc21.wav dihapus setelah diproses
--- MASUK ENDPOINT /predict ---
File disimpan di: D:\kuliah\Tugas Akhir\paru\uploads\02ea54d1-9935-4404-80b5-9841dc5f7e00.wav
Size file: 143889 bytes
MFCC shape: (1, 13)
File D:\kuliah\Tugas Akhir\paru\uploads\02ea54d1-9935-4404-80b5-9841dc5f7e00.wav dihapus setelah diproses
--- MASUK ENDPOINT /predict ---
File disimpan di: D:\kuliah\Tugas Akhir\paru\uploads\0b110058-23cc-4396-9e99-34f78cb72ce8.wav
Size file: 956238 bytes
MFCC shape: (1, 13)
File D:\kuliah\Tugas Akhir\paru\uploads\0b110058-23cc-4396-9e99-34f78cb72ce8.wav dihapus setelah diproses
--- MASUK ENDPOINT /predict ---
File disimpan di: D:\kuliah\Tugas Akhir\paru\uploads\3ca8572e-8100-45cb-aff4-d9da90412e40.wav
Size file: 593358 bytes
MFCC shape: (1, 13)
File D:\kuliah\Tugas Akhir\paru\uploads\3ca8572e-8100-45cb-aff4-d9da90412e40.wav dihapus setelah diproses
--- MASUK ENDPOINT /predict ---
File disimpan di: D:\kuliah\Tugas Akhir\paru\uploads\2cf55988-cf02-4ef7-b129-5e52deb42793.wav
Size file: 529998 bytes
MFCC shape: (1, 13)
File D:\kuliah\Tugas Akhir\paru\uploads\2cf55988-cf02-4ef7-b129-5e52deb42793.wav dihapus setelah diproses
--- MASUK ENDPOINT /predict ---
File disimpan di: D:\kuliah\Tugas Akhir\paru\uploads\5df09e86-bb86-4de6-8737-bc3050868d5a.wav
Size file: 915918 bytes
MFCC shape: (1, 13)
File D:\kuliah\Tugas Akhir\paru\uploads\5df09e86-bb86-4de6-8737-bc3050868d5a.wav dihapus setelah diproses
--- MASUK ENDPOINT /predict ---
File disimpan di: D:\kuliah\Tugas Akhir\paru\uploads\69861de1-0e00-43ca-85af-d796f5c05644.wav
Size file: 420558 bytes
MFCC shape: (1, 13)
File D:\kuliah\Tugas Akhir\paru\uploads\69861de1-0e00-43ca-85af-d796f5c05644.wav dihapus setelah diproses
--- MASUK ENDPOINT /predict ---
File disimpan di: D:\kuliah\Tugas Akhir\paru\uploads\62545f0f-6200-48c2-879e-1b4d0c57f4ef.wav
Size file: 956238 bytes
MFCC shape: (1, 13)
File D:\kuliah\Tugas Akhir\paru\uploads\62545f0f-6200-48c2-879e-1b4d0c57f4ef.wav dihapus setelah diproses
--- MASUK ENDPOINT /predict ---
File disimpan di: D:\kuliah\Tugas Akhir\paru\uploads\88673db4-f8ac-46e1-b84a-f50b77dc5726.wav
Size file: 956238 bytes
MFCC shape: (1, 13)
File D:\kuliah\Tugas Akhir\paru\uploads\88673db4-f8ac-46e1-b84a-f50b77dc5726.wav dihapus setelah diproses
--- MASUK ENDPOINT /predict ---
File disimpan di: D:\kuliah\Tugas Akhir\paru\uploads\205fb49d-3bbb-48dd-967c-08a61882f31d.wav
Size file: 524238 bytes
MFCC shape: (1, 13)
File D:\kuliah\Tugas Akhir\paru\uploads\205fb49d-3bbb-48dd-967c-08a61882f31d.wav dihapus setelah diproses
--- MASUK ENDPOINT /predict ---
File disimpan di: D:\kuliah\Tugas Akhir\paru\uploads\60425b28-2f75-4c8e-b211-ec2d6f5364e6.wav
Size file: 944718 bytes
MFCC shape: (1, 13)
File D:\kuliah\Tugas Akhir\paru\uploads\60425b28-2f75-4c8e-b211-ec2d6f5364e6.wav dihapus setelah diproses
--- MASUK ENDPOINT /predict ---
File disimpan di: D:\kuliah\Tugas Akhir\paru\uploads\545d4612-1f29-422b-beec-5a356e18c6fa.wav
Size file: 921678 bytes
MFCC shape: (1, 13)
File D:\kuliah\Tugas Akhir\paru\uploads\545d4612-1f29-422b-beec-5a356e18c6fa.wav dihapus setelah diproses
--- MASUK ENDPOINT /predict ---
File disimpan di: D:\kuliah\Tugas Akhir\paru\uploads\a58896fb-dd00-46e0-a2a6-c2d25a9f13e9.wav
Size file: 184398 bytes
MFCC shape: (1, 13)
File D:\kuliah\Tugas Akhir\paru\uploads\a58896fb-dd00-46e0-a2a6-c2d25a9f13e9.wav dihapus setelah diproses
--- MASUK ENDPOINT /predict ---
File disimpan di: D:\kuliah\Tugas Akhir\paru\uploads\04bb0caf-266f-4b5e-9ec6-67f63d503050.wav
Size file: 950478 bytes
MFCC shape: (1, 13)
File D:\kuliah\Tugas Akhir\paru\uploads\04bb0caf-266f-4b5e-9ec6-67f63d503050.wav dihapus setelah diproses
--- MASUK ENDPOINT /predict ---
File disimpan di: D:\kuliah\Tugas Akhir\paru\uploads\1933a8d9-3ea6-4365-a421-d8be52ca74e9.wav
Size file: 956238 bytes
MFCC shape: (1, 13)
File D:\kuliah\Tugas Akhir\paru\uploads\1933a8d9-3ea6-4365-a421-d8be52ca74e9.wav dihapus setelah diproses
--- MASUK ENDPOINT /predict ---
File disimpan di: D:\kuliah\Tugas Akhir\paru\uploads\8c38799a-8c3e-4494-b569-7f6fc2259517.wav
Size file: 958508 bytes
MFCC shape: (1, 13)
File D:\kuliah\Tugas Akhir\paru\uploads\8c38799a-8c3e-4494-b569-7f6fc2259517.wav dihapus setelah diproses
--- MASUK ENDPOINT /predict ---
File disimpan di: D:\kuliah\Tugas Akhir\paru\uploads\0201e61e-fe9a-4691-a49b-9a4ac7e880d0.wav
Size file: 434220 bytes
MFCC shape: (1, 13)
File D:\kuliah\Tugas Akhir\paru\uploads\0201e61e-fe9a-4691-a49b-9a4ac7e880d0.wav dihapus setelah diproses
--- MASUK ENDPOINT /predict ---
File disimpan di: D:\kuliah\Tugas Akhir\paru\uploads\38ffef65-c546-46d7-91d3-bd1f91802ead.wav
Size file: 589868 bytes
MFCC shape: (1, 13)
File D:\kuliah\Tugas Akhir\paru\uploads\38ffef65-c546-46d7-91d3-bd1f91802ead.wav dihapus setelah diproses
--- MASUK ENDPOINT /predict ---
File disimpan di: D:\kuliah\Tugas Akhir\paru\uploads\01a809fd-490b-4b12-ba05-2e0f2113fcc7.wav
Size file: 235107 bytes
MFCC shape: (1, 13)
File D:\kuliah\Tugas Akhir\paru\uploads\01a809fd-490b-4b12-ba05-2e0f2113fcc7.wav dihapus setelah diproses
--- MASUK ENDPOINT /predict ---
File disimpan di: D:\kuliah\Tugas Akhir\paru\uploads\01b1433f-24a2-4615-8847-5e4523aa6579.wav
Size file: 139324 bytes
MFCC shape: (1, 13)
File D:\kuliah\Tugas Akhir\paru\uploads\01b1433f-24a2-4615-8847-5e4523aa6579.wav dihapus setelah diproses
--- MASUK ENDPOINT /predict ---
File disimpan di: D:\kuliah\Tugas Akhir\paru\uploads\01c1c8d7-611c-4a28-b48a-8f0ce3506e49.wav
Size file: 118025 bytes
MFCC shape: (1, 13)
File D:\kuliah\Tugas Akhir\paru\uploads\01c1c8d7-611c-4a28-b48a-8f0ce3506e49.wav dihapus setelah diproses
--- MASUK ENDPOINT /predict ---
File disimpan di: D:\kuliah\Tugas Akhir\paru\uploads\01f22bba-9d34-451f-868a-dacd249ccd71.wav
Size file: 78664 bytes
MFCC shape: (1, 13)
File D:\kuliah\Tugas Akhir\paru\uploads\01f22bba-9d34-451f-868a-dacd249ccd71.wav dihapus setelah diproses
--- MASUK ENDPOINT /predict ---
File disimpan di: D:\kuliah\Tugas Akhir\paru\uploads\046fc793-5435-405c-9f5f-7dae0181b2da.wav
Size file: 958508 bytes
MFCC shape: (1, 13)
File D:\kuliah\Tugas Akhir\paru\uploads\046fc793-5435-405c-9f5f-7dae0181b2da.wav dihapus setelah diproses
--- MASUK ENDPOINT /predict ---
File disimpan di: D:\kuliah\Tugas Akhir\paru\uploads\0b098081-772d-4ca1-adcb-c92043f04757.wav
Size file: 958508 bytes
MFCC shape: (1, 13)
File D:\kuliah\Tugas Akhir\paru\uploads\0b098081-772d-4ca1-adcb-c92043f04757.wav dihapus setelah diproses
--- MASUK ENDPOINT /predict ---
File disimpan di: D:\kuliah\Tugas Akhir\paru\uploads\01a809fd-490b-4b12-ba05-2e0f2113fcc7.wav
Size file: 235107 bytes
MFCC shape: (1, 13)
File D:\kuliah\Tugas Akhir\paru\uploads\01a809fd-490b-4b12-ba05-2e0f2113fcc7.wav dihapus setelah diproses
--- MASUK ENDPOINT /predict ---
File disimpan di: D:\kuliah\Tugas Akhir\paru\uploads\rekaman.wav
Size file: 574947 bytes
MFCC shape: (1, 13)
File D:\kuliah\Tugas Akhir\paru\uploads\rekaman.wav dihapus setelah diproses
--- MASUK ENDPOINT /predict ---
File disimpan di: D:\kuliah\Tugas Akhir\paru\uploads\01fde705-5654-4add-bb79-763ed1e3426d.wav
Size file: 958508 bytes
MFCC shape: (1, 13)
File D:\kuliah\Tugas Akhir\paru\uploads\01fde705-5654-4add-bb79-763ed1e3426d.wav dihapus setelah diproses
--- MASUK ENDPOINT /predict ---
File disimpan di: D:\kuliah\Tugas Akhir\paru\uploads\01fde705-5654-4add-bb79-763ed1e3426d.wav
Size file: 958508 bytes
MFCC shape: (1, 13)
File D:\kuliah\Tugas Akhir\paru\uploads\01fde705-5654-4add-bb79-763ed1e3426d.wav dihapus setelah diproses
--- MASUK ENDPOINT /predict ---
File disimpan di: D:\kuliah\Tugas Akhir\paru\uploads\01fde705-5654-4add-bb79-763ed1e3426d.wav
Size file: 958508 bytes
MFCC shape: (1, 13)
File D:\kuliah\Tugas Akhir\paru\uploads\01fde705-5654-4add-bb79-763ed1e3426d.wav dihapus setelah diproses
--- MASUK ENDPOINT /predict ---
File disimpan di: D:\kuliah\Tugas Akhir\paru\uploads\02e89a51-4d5c-4b7b-ac36-dcd2567de74a.wav
Size file: 149230 bytes
MFCC shape: (1, 13)
File D:\kuliah\Tugas Akhir\paru\uploads\02e89a51-4d5c-4b7b-ac36-dcd2567de74a.wav dihapus setelah diproses
--- MASUK ENDPOINT /predict ---
File disimpan di: D:\kuliah\Tugas Akhir\paru\uploads\02e89a51-4d5c-4b7b-ac36-dcd2567de74a.wav
Size file: 149230 bytes
MFCC shape: (1, 13)
File D:\kuliah\Tugas Akhir\paru\uploads\02e89a51-4d5c-4b7b-ac36-dcd2567de74a.wav dihapus setelah diproses
--- MASUK ENDPOINT /predict ---
File disimpan di: D:\kuliah\Tugas Akhir\paru\uploads\0a756da3-de5d-46b0-9738-5aa3419bd589.wav
Size file: 540716 bytes
MFCC shape: (1, 13)
File D:\kuliah\Tugas Akhir\paru\uploads\0a756da3-de5d-46b0-9738-5aa3419bd589.wav dihapus setelah diproses
--- MASUK ENDPOINT /predict ---
File disimpan di: D:\kuliah\Tugas Akhir\paru\uploads\02ea54d1-9935-4404-80b5-9841dc5f7e00.wav
Size file: 143889 bytes
MFCC shape: (1, 13)
File D:\kuliah\Tugas Akhir\paru\uploads\02ea54d1-9935-4404-80b5-9841dc5f7e00.wav dihapus setelah diproses
--- MASUK ENDPOINT /predict ---
File disimpan di: D:\kuliah\Tugas Akhir\paru\uploads\0b4dbd11-61ee-480d-96c7-9cf684053894.wav
Size file: 950478 bytes
MFCC shape: (1, 13)
File D:\kuliah\Tugas Akhir\paru\uploads\0b4dbd11-61ee-480d-96c7-9cf684053894.wav dihapus setelah diproses
--- MASUK ENDPOINT /predict ---
File disimpan di: D:\kuliah\Tugas Akhir\paru\uploads\0cb57c85-f55d-4667-91ff-8f93989eba42.wav
Size file: 362958 bytes
MFCC shape: (1, 13)
File D:\kuliah\Tugas Akhir\paru\uploads\0cb57c85-f55d-4667-91ff-8f93989eba42.wav dihapus setelah diproses
--- MASUK ENDPOINT /predict ---
File disimpan di: D:\kuliah\Tugas Akhir\paru\uploads\rekaman.wav
Size file: 204953 bytes
MFCC shape: (1, 13)
File D:\kuliah\Tugas Akhir\paru\uploads\rekaman.wav dihapus setelah diproses
